<?xml version="1.0" encoding="UTF-8"?>
<testsuite xmlns:xsi="http://www.w3.org/2001/XMLSchema-instance" xsi:noNamespaceSchemaLocation="https://maven.apache.org/surefire/maven-surefire-plugin/xsd/surefire-test-report-3.0.xsd" version="3.0" name="com.pineapple.taskmanager.controllers.TaskControllerIntegrationTests" time="2.069" tests="9" errors="0" skipped="0" failures="0">
  <properties>
[...]
</properties>
  <testcase name="testThatCreateTaskReturnsSavedAuthor" classname="com.pineapple.taskmanager.controllers.TaskControllerIntegrationTests" time="0.054">
    <system-out><![CDATA[2024-12-02T15:04:50.511+01:00  INFO 2688 --- [           main] t.c.s.AnnotationConfigContextLoaderUtils : Could not detect default configuration classes for test class [com.pineapple.taskmanager.controllers.TaskControllerIntegrationTests]: TaskControllerIntegrationTests does not declare any static, non-private, non-final, nested classes annotated with @Configuration.
2024-12-02T15:04:50.524+01:00  INFO 2688 --- [           main] .b.t.c.SpringBootTestContextBootstrapper : Found @SpringBootConfiguration com.pineapple.taskmanager.TaskmanagerApplication for test class com.pineapple.taskmanager.controllers.TaskControllerIntegrationTests

  .   ____          _            __ _ _
 /\\ / ___'_ __ _ _(_)_ __  __ _ \ \ \ \
( ( )\___ | '_ | '_| | '_ \/ _` | \ \ \ \
 \\/  ___)| |_)| | | | | || (_| |  ) ) ) )
  '  |____| .__|_| |_|_| |_\__, | / / / /
 =========|_|==============|___/=/_/_/_/

 :: Spring Boot ::                (v3.3.4)

2024-12-02T15:04:50.551+01:00  INFO 2688 --- [           main] c.p.t.c.TaskControllerIntegrationTests   : Starting TaskControllerIntegrationTests using Java 21.0.1 with PID 2688 (started by milky in C:\Users\milky\OneDrive\Skrivbord\PROG-PROJECT\spring\taskmanager)
2024-12-02T15:04:50.551+01:00  INFO 2688 --- [           main] c.p.t.c.TaskControllerIntegrationTests   : No active profile set, falling back to 1 default profile: "default"
2024-12-02T15:04:50.645+01:00  INFO 2688 --- [           main] .s.d.r.c.RepositoryConfigurationDelegate : Bootstrapping Spring Data JPA repositories in DEFAULT mode.
2024-12-02T15:04:50.655+01:00  INFO 2688 --- [           main] .s.d.r.c.RepositoryConfigurationDelegate : Finished Spring Data repository scanning in 10 ms. Found 3 JPA repository interfaces.
2024-12-02T15:04:50.680+01:00  INFO 2688 --- [           main] com.zaxxer.hikari.HikariDataSource       : HikariPool-10 - Starting...
2024-12-02T15:04:50.681+01:00  INFO 2688 --- [           main] com.zaxxer.hikari.pool.HikariPool        : HikariPool-10 - Added connection conn48: url=jdbc:h2:mem:testdb user=SA
2024-12-02T15:04:50.681+01:00  INFO 2688 --- [           main] com.zaxxer.hikari.HikariDataSource       : HikariPool-10 - Start completed.
2024-12-02T15:04:50.682+01:00  INFO 2688 --- [           main] o.hibernate.jpa.internal.util.LogHelper  : HHH000204: Processing PersistenceUnitInfo [name: default]
2024-12-02T15:04:50.683+01:00  INFO 2688 --- [           main] o.h.c.internal.RegionFactoryInitiator    : HHH000026: Second-level cache disabled
2024-12-02T15:04:50.687+01:00  INFO 2688 --- [           main] o.s.o.j.p.SpringPersistenceUnitInfo      : No LoadTimeWeaver setup: ignoring JPA class transformer
2024-12-02T15:04:50.715+01:00  INFO 2688 --- [           main] o.h.e.t.j.p.i.JtaPlatformInitiator       : HHH000489: No JTA platform available (set 'hibernate.transaction.jta.platform' to enable JTA platform integration)
2024-12-02T15:04:50.718+01:00  INFO 2688 --- [           main] j.LocalContainerEntityManagerFactoryBean : Initialized JPA EntityManagerFactory for persistence unit 'default'
2024-12-02T15:04:50.740+01:00  WARN 2688 --- [           main] JpaBaseConfiguration$JpaWebConfiguration : spring.jpa.open-in-view is enabled by default. Therefore, database queries may be performed during view rendering. Explicitly configure spring.jpa.open-in-view to disable this warning
2024-12-02T15:04:50.770+01:00  INFO 2688 --- [           main] o.s.b.t.m.w.SpringBootMockServletContext : Initializing Spring TestDispatcherServlet ''
2024-12-02T15:04:50.770+01:00  INFO 2688 --- [           main] o.s.t.web.servlet.TestDispatcherServlet  : Initializing Servlet ''
2024-12-02T15:04:50.771+01:00  INFO 2688 --- [           main] o.s.t.web.servlet.TestDispatcherServlet  : Completed initialization in 1 ms
2024-12-02T15:04:50.773+01:00  INFO 2688 --- [           main] c.p.t.c.TaskControllerIntegrationTests   : Started TaskControllerIntegrationTests in 0.245 seconds (process running for 8.013)
2024-12-02T15:04:50.797+01:00  INFO 2688 --- [           main] j.LocalContainerEntityManagerFactoryBean : Closing JPA EntityManagerFactory for persistence unit 'default'
2024-12-02T15:04:50.798+01:00  INFO 2688 --- [           main] com.zaxxer.hikari.HikariDataSource       : HikariPool-10 - Shutdown initiated...
2024-12-02T15:04:50.827+01:00  INFO 2688 --- [           main] com.zaxxer.hikari.HikariDataSource       : HikariPool-10 - Shutdown completed.
]]></system-out>
  </testcase>
  <testcase name="testThatGetTaskReturnsHttpStatus404IfUserDontExist" classname="com.pineapple.taskmanager.controllers.TaskControllerIntegrationTests" time="0.011">
    <system-out><![CDATA[
  .   ____          _            __ _ _
 /\\ / ___'_ __ _ _(_)_ __  __ _ \ \ \ \
( ( )\___ | '_ | '_| | '_ \/ _` | \ \ \ \
 \\/  ___)| |_)| | | | | || (_| |  ) ) ) )
  '  |____| .__|_| |_|_| |_\__, | / / / /
 =========|_|==============|___/=/_/_/_/

 :: Spring Boot ::                (v3.3.4)

2024-12-02T15:04:50.838+01:00  INFO 2688 --- [           main] c.p.t.c.TaskControllerIntegrationTests   : Starting TaskControllerIntegrationTests using Java 21.0.1 with PID 2688 (started by milky in C:\Users\milky\OneDrive\Skrivbord\PROG-PROJECT\spring\taskmanager)
2024-12-02T15:04:50.838+01:00  INFO 2688 --- [           main] c.p.t.c.TaskControllerIntegrationTests   : No active profile set, falling back to 1 default profile: "default"
2024-12-02T15:04:50.903+01:00  INFO 2688 --- [           main] .s.d.r.c.RepositoryConfigurationDelegate : Bootstrapping Spring Data JPA repositories in DEFAULT mode.
2024-12-02T15:04:50.910+01:00  INFO 2688 --- [           main] .s.d.r.c.RepositoryConfigurationDelegate : Finished Spring Data repository scanning in 7 ms. Found 3 JPA repository interfaces.
2024-12-02T15:04:50.932+01:00  INFO 2688 --- [           main] com.zaxxer.hikari.HikariDataSource       : HikariPool-11 - Starting...
2024-12-02T15:04:50.934+01:00  INFO 2688 --- [           main] com.zaxxer.hikari.pool.HikariPool        : HikariPool-11 - Added connection conn50: url=jdbc:h2:mem:testdb user=SA
2024-12-02T15:04:50.934+01:00  INFO 2688 --- [           main] com.zaxxer.hikari.HikariDataSource       : HikariPool-11 - Start completed.
2024-12-02T15:04:50.934+01:00  INFO 2688 --- [           main] o.hibernate.jpa.internal.util.LogHelper  : HHH000204: Processing PersistenceUnitInfo [name: default]
2024-12-02T15:04:50.936+01:00  INFO 2688 --- [           main] o.h.c.internal.RegionFactoryInitiator    : HHH000026: Second-level cache disabled
2024-12-02T15:04:50.940+01:00  INFO 2688 --- [           main] o.s.o.j.p.SpringPersistenceUnitInfo      : No LoadTimeWeaver setup: ignoring JPA class transformer
2024-12-02T15:04:50.968+01:00  INFO 2688 --- [           main] o.h.e.t.j.p.i.JtaPlatformInitiator       : HHH000489: No JTA platform available (set 'hibernate.transaction.jta.platform' to enable JTA platform integration)
2024-12-02T15:04:50.971+01:00  INFO 2688 --- [           main] j.LocalContainerEntityManagerFactoryBean : Initialized JPA EntityManagerFactory for persistence unit 'default'
2024-12-02T15:04:50.990+01:00  WARN 2688 --- [           main] JpaBaseConfiguration$JpaWebConfiguration : spring.jpa.open-in-view is enabled by default. Therefore, database queries may be performed during view rendering. Explicitly configure spring.jpa.open-in-view to disable this warning
2024-12-02T15:04:51.016+01:00  INFO 2688 --- [           main] o.s.b.t.m.w.SpringBootMockServletContext : Initializing Spring TestDispatcherServlet ''
2024-12-02T15:04:51.016+01:00  INFO 2688 --- [           main] o.s.t.web.servlet.TestDispatcherServlet  : Initializing Servlet ''
2024-12-02T15:04:51.016+01:00  INFO 2688 --- [           main] o.s.t.web.servlet.TestDispatcherServlet  : Completed initialization in 0 ms
2024-12-02T15:04:51.018+01:00  INFO 2688 --- [           main] c.p.t.c.TaskControllerIntegrationTests   : Started TaskControllerIntegrationTests in 0.189 seconds (process running for 8.259)
2024-12-02T15:04:51.028+01:00  INFO 2688 --- [           main] j.LocalContainerEntityManagerFactoryBean : Closing JPA EntityManagerFactory for persistence unit 'default'
2024-12-02T15:04:51.029+01:00  INFO 2688 --- [           main] com.zaxxer.hikari.HikariDataSource       : HikariPool-11 - Shutdown initiated...
2024-12-02T15:04:51.030+01:00  INFO 2688 --- [           main] com.zaxxer.hikari.HikariDataSource       : HikariPool-11 - Shutdown completed.
]]></system-out>
  </testcase>
  <testcase name="testThatListTasksReturnsHttpStatus200" classname="com.pineapple.taskmanager.controllers.TaskControllerIntegrationTests" time="0.008">
    <system-out><![CDATA[
  .   ____          _            __ _ _
 /\\ / ___'_ __ _ _(_)_ __  __ _ \ \ \ \
( ( )\___ | '_ | '_| | '_ \/ _` | \ \ \ \
 \\/  ___)| |_)| | | | | || (_| |  ) ) ) )
  '  |____| .__|_| |_|_| |_\__, | / / / /
 =========|_|==============|___/=/_/_/_/

 :: Spring Boot ::                (v3.3.4)

2024-12-02T15:04:51.041+01:00  INFO 2688 --- [           main] c.p.t.c.TaskControllerIntegrationTests   : Starting TaskControllerIntegrationTests using Java 21.0.1 with PID 2688 (started by milky in C:\Users\milky\OneDrive\Skrivbord\PROG-PROJECT\spring\taskmanager)
2024-12-02T15:04:51.041+01:00  INFO 2688 --- [           main] c.p.t.c.TaskControllerIntegrationTests   : No active profile set, falling back to 1 default profile: "default"
2024-12-02T15:04:51.104+01:00  INFO 2688 --- [           main] .s.d.r.c.RepositoryConfigurationDelegate : Bootstrapping Spring Data JPA repositories in DEFAULT mode.
2024-12-02T15:04:51.113+01:00  INFO 2688 --- [           main] .s.d.r.c.RepositoryConfigurationDelegate : Finished Spring Data repository scanning in 8 ms. Found 3 JPA repository interfaces.
2024-12-02T15:04:51.136+01:00  INFO 2688 --- [           main] com.zaxxer.hikari.HikariDataSource       : HikariPool-12 - Starting...
2024-12-02T15:04:51.137+01:00  INFO 2688 --- [           main] com.zaxxer.hikari.pool.HikariPool        : HikariPool-12 - Added connection conn51: url=jdbc:h2:mem:testdb user=SA
2024-12-02T15:04:51.137+01:00  INFO 2688 --- [           main] com.zaxxer.hikari.HikariDataSource       : HikariPool-12 - Start completed.
2024-12-02T15:04:51.138+01:00  INFO 2688 --- [           main] o.hibernate.jpa.internal.util.LogHelper  : HHH000204: Processing PersistenceUnitInfo [name: default]
2024-12-02T15:04:51.139+01:00  INFO 2688 --- [           main] o.h.c.internal.RegionFactoryInitiator    : HHH000026: Second-level cache disabled
2024-12-02T15:04:51.143+01:00  INFO 2688 --- [           main] o.s.o.j.p.SpringPersistenceUnitInfo      : No LoadTimeWeaver setup: ignoring JPA class transformer
2024-12-02T15:04:51.170+01:00  INFO 2688 --- [           main] o.h.e.t.j.p.i.JtaPlatformInitiator       : HHH000489: No JTA platform available (set 'hibernate.transaction.jta.platform' to enable JTA platform integration)
2024-12-02T15:04:51.172+01:00  INFO 2688 --- [           main] j.LocalContainerEntityManagerFactoryBean : Initialized JPA EntityManagerFactory for persistence unit 'default'
2024-12-02T15:04:51.194+01:00  WARN 2688 --- [           main] JpaBaseConfiguration$JpaWebConfiguration : spring.jpa.open-in-view is enabled by default. Therefore, database queries may be performed during view rendering. Explicitly configure spring.jpa.open-in-view to disable this warning
2024-12-02T15:04:51.223+01:00  INFO 2688 --- [           main] o.s.b.t.m.w.SpringBootMockServletContext : Initializing Spring TestDispatcherServlet ''
2024-12-02T15:04:51.223+01:00  INFO 2688 --- [           main] o.s.t.web.servlet.TestDispatcherServlet  : Initializing Servlet ''
2024-12-02T15:04:51.223+01:00  INFO 2688 --- [           main] o.s.t.web.servlet.TestDispatcherServlet  : Completed initialization in 0 ms
2024-12-02T15:04:51.226+01:00  INFO 2688 --- [           main] c.p.t.c.TaskControllerIntegrationTests   : Started TaskControllerIntegrationTests in 0.195 seconds (process running for 8.465)
2024-12-02T15:04:51.234+01:00  INFO 2688 --- [           main] j.LocalContainerEntityManagerFactoryBean : Closing JPA EntityManagerFactory for persistence unit 'default'
2024-12-02T15:04:51.235+01:00  INFO 2688 --- [           main] com.zaxxer.hikari.HikariDataSource       : HikariPool-12 - Shutdown initiated...
2024-12-02T15:04:51.235+01:00  INFO 2688 --- [           main] com.zaxxer.hikari.HikariDataSource       : HikariPool-12 - Shutdown completed.
]]></system-out>
  </testcase>
  <testcase name="testThatListTasksReturnsListOfTasks" classname="com.pineapple.taskmanager.controllers.TaskControllerIntegrationTests" time="0.031">
    <system-out><![CDATA[
  .   ____          _            __ _ _
 /\\ / ___'_ __ _ _(_)_ __  __ _ \ \ \ \
( ( )\___ | '_ | '_| | '_ \/ _` | \ \ \ \
 \\/  ___)| |_)| | | | | || (_| |  ) ) ) )
  '  |____| .__|_| |_|_| |_\__, | / / / /
 =========|_|==============|___/=/_/_/_/

 :: Spring Boot ::                (v3.3.4)

2024-12-02T15:04:51.246+01:00  INFO 2688 --- [           main] c.p.t.c.TaskControllerIntegrationTests   : Starting TaskControllerIntegrationTests using Java 21.0.1 with PID 2688 (started by milky in C:\Users\milky\OneDrive\Skrivbord\PROG-PROJECT\spring\taskmanager)
2024-12-02T15:04:51.246+01:00  INFO 2688 --- [           main] c.p.t.c.TaskControllerIntegrationTests   : No active profile set, falling back to 1 default profile: "default"
2024-12-02T15:04:51.308+01:00  INFO 2688 --- [           main] .s.d.r.c.RepositoryConfigurationDelegate : Bootstrapping Spring Data JPA repositories in DEFAULT mode.
2024-12-02T15:04:51.317+01:00  INFO 2688 --- [           main] .s.d.r.c.RepositoryConfigurationDelegate : Finished Spring Data repository scanning in 9 ms. Found 3 JPA repository interfaces.
2024-12-02T15:04:51.339+01:00  INFO 2688 --- [           main] com.zaxxer.hikari.HikariDataSource       : HikariPool-13 - Starting...
2024-12-02T15:04:51.340+01:00  INFO 2688 --- [           main] com.zaxxer.hikari.pool.HikariPool        : HikariPool-13 - Added connection conn52: url=jdbc:h2:mem:testdb user=SA
2024-12-02T15:04:51.340+01:00  INFO 2688 --- [           main] com.zaxxer.hikari.HikariDataSource       : HikariPool-13 - Start completed.
2024-12-02T15:04:51.341+01:00  INFO 2688 --- [           main] o.hibernate.jpa.internal.util.LogHelper  : HHH000204: Processing PersistenceUnitInfo [name: default]
2024-12-02T15:04:51.342+01:00  INFO 2688 --- [           main] o.h.c.internal.RegionFactoryInitiator    : HHH000026: Second-level cache disabled
2024-12-02T15:04:51.348+01:00  INFO 2688 --- [           main] o.s.o.j.p.SpringPersistenceUnitInfo      : No LoadTimeWeaver setup: ignoring JPA class transformer
2024-12-02T15:04:51.375+01:00  INFO 2688 --- [           main] o.h.e.t.j.p.i.JtaPlatformInitiator       : HHH000489: No JTA platform available (set 'hibernate.transaction.jta.platform' to enable JTA platform integration)
2024-12-02T15:04:51.379+01:00  INFO 2688 --- [           main] j.LocalContainerEntityManagerFactoryBean : Initialized JPA EntityManagerFactory for persistence unit 'default'
2024-12-02T15:04:51.403+01:00  WARN 2688 --- [           main] JpaBaseConfiguration$JpaWebConfiguration : spring.jpa.open-in-view is enabled by default. Therefore, database queries may be performed during view rendering. Explicitly configure spring.jpa.open-in-view to disable this warning
2024-12-02T15:04:51.441+01:00  INFO 2688 --- [           main] o.s.b.t.m.w.SpringBootMockServletContext : Initializing Spring TestDispatcherServlet ''
2024-12-02T15:04:51.441+01:00  INFO 2688 --- [           main] o.s.t.web.servlet.TestDispatcherServlet  : Initializing Servlet ''
2024-12-02T15:04:51.441+01:00  INFO 2688 --- [           main] o.s.t.web.servlet.TestDispatcherServlet  : Completed initialization in 0 ms
2024-12-02T15:04:51.442+01:00  INFO 2688 --- [           main] c.p.t.c.TaskControllerIntegrationTests   : Started TaskControllerIntegrationTests in 0.206 seconds (process running for 8.683)
2024-12-02T15:04:51.457+01:00  INFO 2688 --- [           main] j.LocalContainerEntityManagerFactoryBean : Closing JPA EntityManagerFactory for persistence unit 'default'
2024-12-02T15:04:51.457+01:00  INFO 2688 --- [           main] com.zaxxer.hikari.HikariDataSource       : HikariPool-13 - Shutdown initiated...
2024-12-02T15:04:51.475+01:00  INFO 2688 --- [           main] com.zaxxer.hikari.HikariDataSource       : HikariPool-13 - Shutdown completed.
]]></system-out>
  </testcase>
  <testcase name="testThatFullUpdateTaskReturnsHttpStatus404IfUserDontExist" classname="com.pineapple.taskmanager.controllers.TaskControllerIntegrationTests" time="0.047">
    <system-out><![CDATA[
  .   ____          _            __ _ _
 /\\ / ___'_ __ _ _(_)_ __  __ _ \ \ \ \
( ( )\___ | '_ | '_| | '_ \/ _` | \ \ \ \
 \\/  ___)| |_)| | | | | || (_| |  ) ) ) )
  '  |____| .__|_| |_|_| |_\__, | / / / /
 =========|_|==============|___/=/_/_/_/

 :: Spring Boot ::                (v3.3.4)

2024-12-02T15:04:51.485+01:00  INFO 2688 --- [           main] c.p.t.c.TaskControllerIntegrationTests   : Starting TaskControllerIntegrationTests using Java 21.0.1 with PID 2688 (started by milky in C:\Users\milky\OneDrive\Skrivbord\PROG-PROJECT\spring\taskmanager)
2024-12-02T15:04:51.485+01:00  INFO 2688 --- [           main] c.p.t.c.TaskControllerIntegrationTests   : No active profile set, falling back to 1 default profile: "default"
2024-12-02T15:04:51.552+01:00  INFO 2688 --- [           main] .s.d.r.c.RepositoryConfigurationDelegate : Bootstrapping Spring Data JPA repositories in DEFAULT mode.
2024-12-02T15:04:51.563+01:00  INFO 2688 --- [           main] .s.d.r.c.RepositoryConfigurationDelegate : Finished Spring Data repository scanning in 9 ms. Found 3 JPA repository interfaces.
2024-12-02T15:04:51.585+01:00  INFO 2688 --- [           main] com.zaxxer.hikari.HikariDataSource       : HikariPool-14 - Starting...
2024-12-02T15:04:51.586+01:00  INFO 2688 --- [           main] com.zaxxer.hikari.pool.HikariPool        : HikariPool-14 - Added connection conn54: url=jdbc:h2:mem:testdb user=SA
2024-12-02T15:04:51.586+01:00  INFO 2688 --- [           main] com.zaxxer.hikari.HikariDataSource       : HikariPool-14 - Start completed.
2024-12-02T15:04:51.587+01:00  INFO 2688 --- [           main] o.hibernate.jpa.internal.util.LogHelper  : HHH000204: Processing PersistenceUnitInfo [name: default]
2024-12-02T15:04:51.588+01:00  INFO 2688 --- [           main] o.h.c.internal.RegionFactoryInitiator    : HHH000026: Second-level cache disabled
2024-12-02T15:04:51.592+01:00  INFO 2688 --- [           main] o.s.o.j.p.SpringPersistenceUnitInfo      : No LoadTimeWeaver setup: ignoring JPA class transformer
2024-12-02T15:04:51.620+01:00  INFO 2688 --- [           main] o.h.e.t.j.p.i.JtaPlatformInitiator       : HHH000489: No JTA platform available (set 'hibernate.transaction.jta.platform' to enable JTA platform integration)
2024-12-02T15:04:51.623+01:00  INFO 2688 --- [           main] j.LocalContainerEntityManagerFactoryBean : Initialized JPA EntityManagerFactory for persistence unit 'default'
2024-12-02T15:04:51.641+01:00  WARN 2688 --- [           main] JpaBaseConfiguration$JpaWebConfiguration : spring.jpa.open-in-view is enabled by default. Therefore, database queries may be performed during view rendering. Explicitly configure spring.jpa.open-in-view to disable this warning
2024-12-02T15:04:51.672+01:00  INFO 2688 --- [           main] o.s.b.t.m.w.SpringBootMockServletContext : Initializing Spring TestDispatcherServlet ''
2024-12-02T15:04:51.672+01:00  INFO 2688 --- [           main] o.s.t.web.servlet.TestDispatcherServlet  : Initializing Servlet ''
2024-12-02T15:04:51.672+01:00  INFO 2688 --- [           main] o.s.t.web.servlet.TestDispatcherServlet  : Completed initialization in 0 ms
2024-12-02T15:04:51.675+01:00  INFO 2688 --- [           main] c.p.t.c.TaskControllerIntegrationTests   : Started TaskControllerIntegrationTests in 0.199 seconds (process running for 8.915)
2024-12-02T15:04:51.701+01:00  INFO 2688 --- [           main] j.LocalContainerEntityManagerFactoryBean : Closing JPA EntityManagerFactory for persistence unit 'default'
2024-12-02T15:04:51.702+01:00  INFO 2688 --- [           main] com.zaxxer.hikari.HikariDataSource       : HikariPool-14 - Shutdown initiated...
2024-12-02T15:04:51.723+01:00  INFO 2688 --- [           main] com.zaxxer.hikari.HikariDataSource       : HikariPool-14 - Shutdown completed.
]]></system-out>
  </testcase>
  <testcase name="testThatGetTaskReturnsHttpStatus200IfUserExists" classname="com.pineapple.taskmanager.controllers.TaskControllerIntegrationTests" time="0.014">
    <system-out><![CDATA[
  .   ____          _            __ _ _
 /\\ / ___'_ __ _ _(_)_ __  __ _ \ \ \ \
( ( )\___ | '_ | '_| | '_ \/ _` | \ \ \ \
 \\/  ___)| |_)| | | | | || (_| |  ) ) ) )
  '  |____| .__|_| |_|_| |_\__, | / / / /
 =========|_|==============|___/=/_/_/_/

 :: Spring Boot ::                (v3.3.4)

2024-12-02T15:04:51.736+01:00  INFO 2688 --- [           main] c.p.t.c.TaskControllerIntegrationTests   : Starting TaskControllerIntegrationTests using Java 21.0.1 with PID 2688 (started by milky in C:\Users\milky\OneDrive\Skrivbord\PROG-PROJECT\spring\taskmanager)
2024-12-02T15:04:51.736+01:00  INFO 2688 --- [           main] c.p.t.c.TaskControllerIntegrationTests   : No active profile set, falling back to 1 default profile: "default"
2024-12-02T15:04:51.798+01:00  INFO 2688 --- [           main] .s.d.r.c.RepositoryConfigurationDelegate : Bootstrapping Spring Data JPA repositories in DEFAULT mode.
2024-12-02T15:04:51.807+01:00  INFO 2688 --- [           main] .s.d.r.c.RepositoryConfigurationDelegate : Finished Spring Data repository scanning in 8 ms. Found 3 JPA repository interfaces.
2024-12-02T15:04:51.829+01:00  INFO 2688 --- [           main] com.zaxxer.hikari.HikariDataSource       : HikariPool-15 - Starting...
2024-12-02T15:04:51.830+01:00  INFO 2688 --- [           main] com.zaxxer.hikari.pool.HikariPool        : HikariPool-15 - Added connection conn56: url=jdbc:h2:mem:testdb user=SA
2024-12-02T15:04:51.830+01:00  INFO 2688 --- [           main] com.zaxxer.hikari.HikariDataSource       : HikariPool-15 - Start completed.
2024-12-02T15:04:51.831+01:00  INFO 2688 --- [           main] o.hibernate.jpa.internal.util.LogHelper  : HHH000204: Processing PersistenceUnitInfo [name: default]
2024-12-02T15:04:51.832+01:00  INFO 2688 --- [           main] o.h.c.internal.RegionFactoryInitiator    : HHH000026: Second-level cache disabled
2024-12-02T15:04:51.836+01:00  INFO 2688 --- [           main] o.s.o.j.p.SpringPersistenceUnitInfo      : No LoadTimeWeaver setup: ignoring JPA class transformer
2024-12-02T15:04:51.859+01:00  INFO 2688 --- [           main] o.h.e.t.j.p.i.JtaPlatformInitiator       : HHH000489: No JTA platform available (set 'hibernate.transaction.jta.platform' to enable JTA platform integration)
2024-12-02T15:04:51.862+01:00  INFO 2688 --- [           main] j.LocalContainerEntityManagerFactoryBean : Initialized JPA EntityManagerFactory for persistence unit 'default'
2024-12-02T15:04:51.881+01:00  WARN 2688 --- [           main] JpaBaseConfiguration$JpaWebConfiguration : spring.jpa.open-in-view is enabled by default. Therefore, database queries may be performed during view rendering. Explicitly configure spring.jpa.open-in-view to disable this warning
2024-12-02T15:04:51.908+01:00  INFO 2688 --- [           main] o.s.b.t.m.w.SpringBootMockServletContext : Initializing Spring TestDispatcherServlet ''
2024-12-02T15:04:51.908+01:00  INFO 2688 --- [           main] o.s.t.web.servlet.TestDispatcherServlet  : Initializing Servlet ''
2024-12-02T15:04:51.908+01:00  INFO 2688 --- [           main] o.s.t.web.servlet.TestDispatcherServlet  : Completed initialization in 0 ms
2024-12-02T15:04:51.911+01:00  INFO 2688 --- [           main] c.p.t.c.TaskControllerIntegrationTests   : Started TaskControllerIntegrationTests in 0.187 seconds (process running for 9.15)
2024-12-02T15:04:51.924+01:00  INFO 2688 --- [           main] j.LocalContainerEntityManagerFactoryBean : Closing JPA EntityManagerFactory for persistence unit 'default'
2024-12-02T15:04:51.926+01:00  INFO 2688 --- [           main] com.zaxxer.hikari.HikariDataSource       : HikariPool-15 - Shutdown initiated...
2024-12-02T15:04:51.926+01:00  INFO 2688 --- [           main] com.zaxxer.hikari.HikariDataSource       : HikariPool-15 - Shutdown completed.
]]></system-out>
  </testcase>
  <testcase name="testThatFullUpdateTaskReturnsHttpStatus200IfUserExists" classname="com.pineapple.taskmanager.controllers.TaskControllerIntegrationTests" time="0.045">
    <system-out><![CDATA[
  .   ____          _            __ _ _
 /\\ / ___'_ __ _ _(_)_ __  __ _ \ \ \ \
( ( )\___ | '_ | '_| | '_ \/ _` | \ \ \ \
 \\/  ___)| |_)| | | | | || (_| |  ) ) ) )
  '  |____| .__|_| |_|_| |_\__, | / / / /
 =========|_|==============|___/=/_/_/_/

 :: Spring Boot ::                (v3.3.4)

2024-12-02T15:04:51.937+01:00  INFO 2688 --- [           main] c.p.t.c.TaskControllerIntegrationTests   : Starting TaskControllerIntegrationTests using Java 21.0.1 with PID 2688 (started by milky in C:\Users\milky\OneDrive\Skrivbord\PROG-PROJECT\spring\taskmanager)
2024-12-02T15:04:51.937+01:00  INFO 2688 --- [           main] c.p.t.c.TaskControllerIntegrationTests   : No active profile set, falling back to 1 default profile: "default"
2024-12-02T15:04:51.992+01:00  INFO 2688 --- [           main] .s.d.r.c.RepositoryConfigurationDelegate : Bootstrapping Spring Data JPA repositories in DEFAULT mode.
2024-12-02T15:04:52.001+01:00  INFO 2688 --- [           main] .s.d.r.c.RepositoryConfigurationDelegate : Finished Spring Data repository scanning in 8 ms. Found 3 JPA repository interfaces.
2024-12-02T15:04:52.025+01:00  INFO 2688 --- [           main] com.zaxxer.hikari.HikariDataSource       : HikariPool-16 - Starting...
2024-12-02T15:04:52.028+01:00  INFO 2688 --- [           main] com.zaxxer.hikari.pool.HikariPool        : HikariPool-16 - Added connection conn57: url=jdbc:h2:mem:testdb user=SA
2024-12-02T15:04:52.028+01:00  INFO 2688 --- [           main] com.zaxxer.hikari.HikariDataSource       : HikariPool-16 - Start completed.
2024-12-02T15:04:52.029+01:00  INFO 2688 --- [           main] o.hibernate.jpa.internal.util.LogHelper  : HHH000204: Processing PersistenceUnitInfo [name: default]
2024-12-02T15:04:52.030+01:00  INFO 2688 --- [           main] o.h.c.internal.RegionFactoryInitiator    : HHH000026: Second-level cache disabled
2024-12-02T15:04:52.036+01:00  INFO 2688 --- [           main] o.s.o.j.p.SpringPersistenceUnitInfo      : No LoadTimeWeaver setup: ignoring JPA class transformer
2024-12-02T15:04:52.068+01:00  INFO 2688 --- [           main] o.h.e.t.j.p.i.JtaPlatformInitiator       : HHH000489: No JTA platform available (set 'hibernate.transaction.jta.platform' to enable JTA platform integration)
2024-12-02T15:04:52.072+01:00  INFO 2688 --- [           main] j.LocalContainerEntityManagerFactoryBean : Initialized JPA EntityManagerFactory for persistence unit 'default'
2024-12-02T15:04:52.093+01:00  WARN 2688 --- [           main] JpaBaseConfiguration$JpaWebConfiguration : spring.jpa.open-in-view is enabled by default. Therefore, database queries may be performed during view rendering. Explicitly configure spring.jpa.open-in-view to disable this warning
2024-12-02T15:04:52.135+01:00  INFO 2688 --- [           main] o.s.b.t.m.w.SpringBootMockServletContext : Initializing Spring TestDispatcherServlet ''
2024-12-02T15:04:52.135+01:00  INFO 2688 --- [           main] o.s.t.web.servlet.TestDispatcherServlet  : Initializing Servlet ''
2024-12-02T15:04:52.136+01:00  INFO 2688 --- [           main] o.s.t.web.servlet.TestDispatcherServlet  : Completed initialization in 0 ms
2024-12-02T15:04:52.139+01:00  INFO 2688 --- [           main] c.p.t.c.TaskControllerIntegrationTests   : Started TaskControllerIntegrationTests in 0.212 seconds (process running for 9.379)
2024-12-02T15:04:52.159+01:00  INFO 2688 --- [           main] j.LocalContainerEntityManagerFactoryBean : Closing JPA EntityManagerFactory for persistence unit 'default'
2024-12-02T15:04:52.161+01:00  INFO 2688 --- [           main] com.zaxxer.hikari.HikariDataSource       : HikariPool-16 - Shutdown initiated...
2024-12-02T15:04:52.185+01:00  INFO 2688 --- [           main] com.zaxxer.hikari.HikariDataSource       : HikariPool-16 - Shutdown completed.
]]></system-out>
  </testcase>
  <testcase name="testThatFullUpdateTaskUpdatesExistingUser" classname="com.pineapple.taskmanager.controllers.TaskControllerIntegrationTests" time="0.023">
    <system-out><![CDATA[
  .   ____          _            __ _ _
 /\\ / ___'_ __ _ _(_)_ __  __ _ \ \ \ \
( ( )\___ | '_ | '_| | '_ \/ _` | \ \ \ \
 \\/  ___)| |_)| | | | | || (_| |  ) ) ) )
  '  |____| .__|_| |_|_| |_\__, | / / / /
 =========|_|==============|___/=/_/_/_/

 :: Spring Boot ::                (v3.3.4)

2024-12-02T15:04:52.196+01:00  INFO 2688 --- [           main] c.p.t.c.TaskControllerIntegrationTests   : Starting TaskControllerIntegrationTests using Java 21.0.1 with PID 2688 (started by milky in C:\Users\milky\OneDrive\Skrivbord\PROG-PROJECT\spring\taskmanager)
2024-12-02T15:04:52.196+01:00  INFO 2688 --- [           main] c.p.t.c.TaskControllerIntegrationTests   : No active profile set, falling back to 1 default profile: "default"
2024-12-02T15:04:52.259+01:00  INFO 2688 --- [           main] .s.d.r.c.RepositoryConfigurationDelegate : Bootstrapping Spring Data JPA repositories in DEFAULT mode.
2024-12-02T15:04:52.267+01:00  INFO 2688 --- [           main] .s.d.r.c.RepositoryConfigurationDelegate : Finished Spring Data repository scanning in 8 ms. Found 3 JPA repository interfaces.
2024-12-02T15:04:52.291+01:00  INFO 2688 --- [           main] com.zaxxer.hikari.HikariDataSource       : HikariPool-17 - Starting...
2024-12-02T15:04:52.292+01:00  INFO 2688 --- [           main] com.zaxxer.hikari.pool.HikariPool        : HikariPool-17 - Added connection conn59: url=jdbc:h2:mem:testdb user=SA
2024-12-02T15:04:52.292+01:00  INFO 2688 --- [           main] com.zaxxer.hikari.HikariDataSource       : HikariPool-17 - Start completed.
2024-12-02T15:04:52.292+01:00  INFO 2688 --- [           main] o.hibernate.jpa.internal.util.LogHelper  : HHH000204: Processing PersistenceUnitInfo [name: default]
2024-12-02T15:04:52.294+01:00  INFO 2688 --- [           main] o.h.c.internal.RegionFactoryInitiator    : HHH000026: Second-level cache disabled
2024-12-02T15:04:52.298+01:00  INFO 2688 --- [           main] o.s.o.j.p.SpringPersistenceUnitInfo      : No LoadTimeWeaver setup: ignoring JPA class transformer
2024-12-02T15:04:52.321+01:00  INFO 2688 --- [           main] o.h.e.t.j.p.i.JtaPlatformInitiator       : HHH000489: No JTA platform available (set 'hibernate.transaction.jta.platform' to enable JTA platform integration)
2024-12-02T15:04:52.323+01:00  INFO 2688 --- [           main] j.LocalContainerEntityManagerFactoryBean : Initialized JPA EntityManagerFactory for persistence unit 'default'
2024-12-02T15:04:52.339+01:00  WARN 2688 --- [           main] JpaBaseConfiguration$JpaWebConfiguration : spring.jpa.open-in-view is enabled by default. Therefore, database queries may be performed during view rendering. Explicitly configure spring.jpa.open-in-view to disable this warning
2024-12-02T15:04:52.364+01:00  INFO 2688 --- [           main] o.s.b.t.m.w.SpringBootMockServletContext : Initializing Spring TestDispatcherServlet ''
2024-12-02T15:04:52.364+01:00  INFO 2688 --- [           main] o.s.t.web.servlet.TestDispatcherServlet  : Initializing Servlet ''
2024-12-02T15:04:52.364+01:00  INFO 2688 --- [           main] o.s.t.web.servlet.TestDispatcherServlet  : Completed initialization in 0 ms
2024-12-02T15:04:52.366+01:00  INFO 2688 --- [           main] c.p.t.c.TaskControllerIntegrationTests   : Started TaskControllerIntegrationTests in 0.179 seconds (process running for 9.606)
2024-12-02T15:04:52.387+01:00  INFO 2688 --- [           main] j.LocalContainerEntityManagerFactoryBean : Closing JPA EntityManagerFactory for persistence unit 'default'
2024-12-02T15:04:52.389+01:00  INFO 2688 --- [           main] com.zaxxer.hikari.HikariDataSource       : HikariPool-17 - Shutdown initiated...
2024-12-02T15:04:52.390+01:00  INFO 2688 --- [           main] com.zaxxer.hikari.HikariDataSource       : HikariPool-17 - Shutdown completed.
]]></system-out>
  </testcase>
  <testcase name="testThatCreateTaskReturnsHttp201Created" classname="com.pineapple.taskmanager.controllers.TaskControllerIntegrationTests" time="0.01">
    <system-out><![CDATA[
  .   ____          _            __ _ _
 /\\ / ___'_ __ _ _(_)_ __  __ _ \ \ \ \
( ( )\___ | '_ | '_| | '_ \/ _` | \ \ \ \
 \\/  ___)| |_)| | | | | || (_| |  ) ) ) )
  '  |____| .__|_| |_|_| |_\__, | / / / /
 =========|_|==============|___/=/_/_/_/

 :: Spring Boot ::                (v3.3.4)

2024-12-02T15:04:52.399+01:00  INFO 2688 --- [           main] c.p.t.c.TaskControllerIntegrationTests   : Starting TaskControllerIntegrationTests using Java 21.0.1 with PID 2688 (started by milky in C:\Users\milky\OneDrive\Skrivbord\PROG-PROJECT\spring\taskmanager)
2024-12-02T15:04:52.400+01:00  INFO 2688 --- [           main] c.p.t.c.TaskControllerIntegrationTests   : No active profile set, falling back to 1 default profile: "default"
2024-12-02T15:04:52.462+01:00  INFO 2688 --- [           main] .s.d.r.c.RepositoryConfigurationDelegate : Bootstrapping Spring Data JPA repositories in DEFAULT mode.
2024-12-02T15:04:52.471+01:00  INFO 2688 --- [           main] .s.d.r.c.RepositoryConfigurationDelegate : Finished Spring Data repository scanning in 8 ms. Found 3 JPA repository interfaces.
2024-12-02T15:04:52.491+01:00  INFO 2688 --- [           main] com.zaxxer.hikari.HikariDataSource       : HikariPool-18 - Starting...
2024-12-02T15:04:52.492+01:00  INFO 2688 --- [           main] com.zaxxer.hikari.pool.HikariPool        : HikariPool-18 - Added connection conn60: url=jdbc:h2:mem:testdb user=SA
2024-12-02T15:04:52.492+01:00  INFO 2688 --- [           main] com.zaxxer.hikari.HikariDataSource       : HikariPool-18 - Start completed.
2024-12-02T15:04:52.493+01:00  INFO 2688 --- [           main] o.hibernate.jpa.internal.util.LogHelper  : HHH000204: Processing PersistenceUnitInfo [name: default]
2024-12-02T15:04:52.494+01:00  INFO 2688 --- [           main] o.h.c.internal.RegionFactoryInitiator    : HHH000026: Second-level cache disabled
2024-12-02T15:04:52.498+01:00  INFO 2688 --- [           main] o.s.o.j.p.SpringPersistenceUnitInfo      : No LoadTimeWeaver setup: ignoring JPA class transformer
2024-12-02T15:04:52.520+01:00  INFO 2688 --- [           main] o.h.e.t.j.p.i.JtaPlatformInitiator       : HHH000489: No JTA platform available (set 'hibernate.transaction.jta.platform' to enable JTA platform integration)
2024-12-02T15:04:52.522+01:00  INFO 2688 --- [           main] j.LocalContainerEntityManagerFactoryBean : Initialized JPA EntityManagerFactory for persistence unit 'default'
2024-12-02T15:04:52.538+01:00  WARN 2688 --- [           main] JpaBaseConfiguration$JpaWebConfiguration : spring.jpa.open-in-view is enabled by default. Therefore, database queries may be performed during view rendering. Explicitly configure spring.jpa.open-in-view to disable this warning
2024-12-02T15:04:52.565+01:00  INFO 2688 --- [           main] o.s.b.t.m.w.SpringBootMockServletContext : Initializing Spring TestDispatcherServlet ''
2024-12-02T15:04:52.565+01:00  INFO 2688 --- [           main] o.s.t.web.servlet.TestDispatcherServlet  : Initializing Servlet ''
2024-12-02T15:04:52.565+01:00  INFO 2688 --- [           main] o.s.t.web.servlet.TestDispatcherServlet  : Completed initialization in 0 ms
2024-12-02T15:04:52.567+01:00  INFO 2688 --- [           main] c.p.t.c.TaskControllerIntegrationTests   : Started TaskControllerIntegrationTests in 0.176 seconds (process running for 9.806)
2024-12-02T15:04:52.577+01:00  INFO 2688 --- [           main] j.LocalContainerEntityManagerFactoryBean : Closing JPA EntityManagerFactory for persistence unit 'default'
2024-12-02T15:04:52.577+01:00  INFO 2688 --- [           main] com.zaxxer.hikari.HikariDataSource       : HikariPool-18 - Shutdown initiated...
2024-12-02T15:04:52.578+01:00  INFO 2688 --- [           main] com.zaxxer.hikari.HikariDataSource       : HikariPool-18 - Shutdown completed.
]]></system-out>
  </testcase>
</testsuite>