<?xml version="1.0" encoding="UTF-8"?>
<testsuite xmlns:xsi="http://www.w3.org/2001/XMLSchema-instance" xsi:noNamespaceSchemaLocation="https://maven.apache.org/surefire/maven-surefire-plugin/xsd/surefire-test-report-3.0.xsd" version="3.0" name="com.pineapple.taskmanager.controllers.ProjectControllerIntegrationTests" time="8.131" tests="13" errors="0" skipped="0" failures="0">
  <properties>
[...]
</properties>
  <testcase name="testThatPartialUpdateProjectUpdatesExistingUser" classname="com.pineapple.taskmanager.controllers.ProjectControllerIntegrationTests" time="0.894">
    <system-out><![CDATA[15:19:35.954 [main] INFO org.springframework.test.context.support.AnnotationConfigContextLoaderUtils -- Could not detect default configuration classes for test class [com.pineapple.taskmanager.controllers.ProjectControllerIntegrationTests]: ProjectControllerIntegrationTests does not declare any static, non-private, non-final, nested classes annotated with @Configuration.
15:19:36.058 [main] INFO org.springframework.boot.test.context.SpringBootTestContextBootstrapper -- Found @SpringBootConfiguration com.pineapple.taskmanager.TaskmanagerApplication for test class com.pineapple.taskmanager.controllers.ProjectControllerIntegrationTests

  .   ____          _            __ _ _
 /\\ / ___'_ __ _ _(_)_ __  __ _ \ \ \ \
( ( )\___ | '_ | '_| | '_ \/ _` | \ \ \ \
 \\/  ___)| |_)| | | | | || (_| |  ) ) ) )
  '  |____| .__|_| |_|_| |_\__, | / / / /
 =========|_|==============|___/=/_/_/_/

 :: Spring Boot ::                (v3.3.4)

2024-12-03T15:19:36.330+01:00  INFO 23016 --- [           main] .p.t.c.ProjectControllerIntegrationTests : Starting ProjectControllerIntegrationTests using Java 21.0.1 with PID 23016 (started by milky in C:\Users\milky\OneDrive\Skrivbord\PROG-PROJECT\spring\taskmanager)
2024-12-03T15:19:36.331+01:00  INFO 23016 --- [           main] .p.t.c.ProjectControllerIntegrationTests : No active profile set, falling back to 1 default profile: "default"
2024-12-03T15:19:36.779+01:00  INFO 23016 --- [           main] .s.d.r.c.RepositoryConfigurationDelegate : Bootstrapping Spring Data JPA repositories in DEFAULT mode.
2024-12-03T15:19:36.826+01:00  INFO 23016 --- [           main] .s.d.r.c.RepositoryConfigurationDelegate : Finished Spring Data repository scanning in 41 ms. Found 3 JPA repository interfaces.
2024-12-03T15:19:37.163+01:00  INFO 23016 --- [           main] com.zaxxer.hikari.HikariDataSource       : HikariPool-1 - Starting...
2024-12-03T15:19:37.313+01:00  INFO 23016 --- [           main] com.zaxxer.hikari.pool.HikariPool        : HikariPool-1 - Added connection conn0: url=jdbc:h2:mem:testdb user=SA
2024-12-03T15:19:37.314+01:00  INFO 23016 --- [           main] com.zaxxer.hikari.HikariDataSource       : HikariPool-1 - Start completed.
2024-12-03T15:19:37.345+01:00  INFO 23016 --- [           main] o.hibernate.jpa.internal.util.LogHelper  : HHH000204: Processing PersistenceUnitInfo [name: default]
2024-12-03T15:19:37.403+01:00  INFO 23016 --- [           main] org.hibernate.Version                    : HHH000412: Hibernate ORM core version 6.5.3.Final
2024-12-03T15:19:37.439+01:00  INFO 23016 --- [           main] o.h.c.internal.RegionFactoryInitiator    : HHH000026: Second-level cache disabled
2024-12-03T15:19:37.729+01:00  INFO 23016 --- [           main] o.s.o.j.p.SpringPersistenceUnitInfo      : No LoadTimeWeaver setup: ignoring JPA class transformer
2024-12-03T15:19:38.336+01:00  INFO 23016 --- [           main] o.h.e.t.j.p.i.JtaPlatformInitiator       : HHH000489: No JTA platform available (set 'hibernate.transaction.jta.platform' to enable JTA platform integration)
2024-12-03T15:19:38.369+01:00  INFO 23016 --- [           main] j.LocalContainerEntityManagerFactoryBean : Initialized JPA EntityManagerFactory for persistence unit 'default'
2024-12-03T15:19:38.858+01:00  WARN 23016 --- [           main] JpaBaseConfiguration$JpaWebConfiguration : spring.jpa.open-in-view is enabled by default. Therefore, database queries may be performed during view rendering. Explicitly configure spring.jpa.open-in-view to disable this warning
2024-12-03T15:19:39.341+01:00  INFO 23016 --- [           main] o.s.b.t.m.w.SpringBootMockServletContext : Initializing Spring TestDispatcherServlet ''
2024-12-03T15:19:39.342+01:00  INFO 23016 --- [           main] o.s.t.web.servlet.TestDispatcherServlet  : Initializing Servlet ''
2024-12-03T15:19:39.344+01:00  INFO 23016 --- [           main] o.s.t.web.servlet.TestDispatcherServlet  : Completed initialization in 0 ms
2024-12-03T15:19:39.368+01:00  INFO 23016 --- [           main] .p.t.c.ProjectControllerIntegrationTests : Started ProjectControllerIntegrationTests in 3.203 seconds (process running for 3.946)
2024-12-03T15:19:40.276+01:00  INFO 23016 --- [           main] j.LocalContainerEntityManagerFactoryBean : Closing JPA EntityManagerFactory for persistence unit 'default'
2024-12-03T15:19:40.282+01:00  INFO 23016 --- [           main] com.zaxxer.hikari.HikariDataSource       : HikariPool-1 - Shutdown initiated...
2024-12-03T15:19:40.285+01:00  INFO 23016 --- [           main] com.zaxxer.hikari.HikariDataSource       : HikariPool-1 - Shutdown completed.
]]></system-out>
    <system-err><![CDATA[WARNING: A Java agent has been loaded dynamically (C:\Users\milky\.m2\repository\net\bytebuddy\byte-buddy-agent\1.14.19\byte-buddy-agent-1.14.19.jar)
WARNING: If a serviceability tool is in use, please run with -XX:+EnableDynamicAgentLoading to hide this warning
WARNING: If a serviceability tool is not in use, please run with -Djdk.instrument.traceUsage for more information
WARNING: Dynamic loading of agents will be disallowed by default in a future release
]]></system-err>
  </testcase>
  <testcase name="testThatDeleteTaskReturnsHttpStatus204IfUserExist" classname="com.pineapple.taskmanager.controllers.ProjectControllerIntegrationTests" time="0.067">
    <system-out><![CDATA[
  .   ____          _            __ _ _
 /\\ / ___'_ __ _ _(_)_ __  __ _ \ \ \ \
( ( )\___ | '_ | '_| | '_ \/ _` | \ \ \ \
 \\/  ___)| |_)| | | | | || (_| |  ) ) ) )
  '  |____| .__|_| |_|_| |_\__, | / / / /
 =========|_|==============|___/=/_/_/_/

 :: Spring Boot ::                (v3.3.4)

2024-12-03T15:19:40.322+01:00  INFO 23016 --- [           main] .p.t.c.ProjectControllerIntegrationTests : Starting ProjectControllerIntegrationTests using Java 21.0.1 with PID 23016 (started by milky in C:\Users\milky\OneDrive\Skrivbord\PROG-PROJECT\spring\taskmanager)
2024-12-03T15:19:40.322+01:00  INFO 23016 --- [           main] .p.t.c.ProjectControllerIntegrationTests : No active profile set, falling back to 1 default profile: "default"
2024-12-03T15:19:40.466+01:00  INFO 23016 --- [           main] .s.d.r.c.RepositoryConfigurationDelegate : Bootstrapping Spring Data JPA repositories in DEFAULT mode.
2024-12-03T15:19:40.483+01:00  INFO 23016 --- [           main] .s.d.r.c.RepositoryConfigurationDelegate : Finished Spring Data repository scanning in 15 ms. Found 3 JPA repository interfaces.
2024-12-03T15:19:40.553+01:00  INFO 23016 --- [           main] com.zaxxer.hikari.HikariDataSource       : HikariPool-2 - Starting...
2024-12-03T15:19:40.554+01:00  INFO 23016 --- [           main] com.zaxxer.hikari.pool.HikariPool        : HikariPool-2 - Added connection conn10: url=jdbc:h2:mem:testdb user=SA
2024-12-03T15:19:40.555+01:00  INFO 23016 --- [           main] com.zaxxer.hikari.HikariDataSource       : HikariPool-2 - Start completed.
2024-12-03T15:19:40.556+01:00  INFO 23016 --- [           main] o.hibernate.jpa.internal.util.LogHelper  : HHH000204: Processing PersistenceUnitInfo [name: default]
2024-12-03T15:19:40.558+01:00  INFO 23016 --- [           main] o.h.c.internal.RegionFactoryInitiator    : HHH000026: Second-level cache disabled
2024-12-03T15:19:40.566+01:00  INFO 23016 --- [           main] o.s.o.j.p.SpringPersistenceUnitInfo      : No LoadTimeWeaver setup: ignoring JPA class transformer
2024-12-03T15:19:40.614+01:00  INFO 23016 --- [           main] o.h.e.t.j.p.i.JtaPlatformInitiator       : HHH000489: No JTA platform available (set 'hibernate.transaction.jta.platform' to enable JTA platform integration)
2024-12-03T15:19:40.620+01:00  INFO 23016 --- [           main] j.LocalContainerEntityManagerFactoryBean : Initialized JPA EntityManagerFactory for persistence unit 'default'
2024-12-03T15:19:40.684+01:00  WARN 23016 --- [           main] JpaBaseConfiguration$JpaWebConfiguration : spring.jpa.open-in-view is enabled by default. Therefore, database queries may be performed during view rendering. Explicitly configure spring.jpa.open-in-view to disable this warning
2024-12-03T15:19:40.759+01:00  INFO 23016 --- [           main] o.s.b.t.m.w.SpringBootMockServletContext : Initializing Spring TestDispatcherServlet ''
2024-12-03T15:19:40.759+01:00  INFO 23016 --- [           main] o.s.t.web.servlet.TestDispatcherServlet  : Initializing Servlet ''
2024-12-03T15:19:40.760+01:00  INFO 23016 --- [           main] o.s.t.web.servlet.TestDispatcherServlet  : Completed initialization in 1 ms
2024-12-03T15:19:40.764+01:00  INFO 23016 --- [           main] .p.t.c.ProjectControllerIntegrationTests : Started ProjectControllerIntegrationTests in 0.466 seconds (process running for 5.343)
2024-12-03T15:19:40.805+01:00  INFO 23016 --- [           main] j.LocalContainerEntityManagerFactoryBean : Closing JPA EntityManagerFactory for persistence unit 'default'
2024-12-03T15:19:40.807+01:00  INFO 23016 --- [           main] com.zaxxer.hikari.HikariDataSource       : HikariPool-2 - Shutdown initiated...
2024-12-03T15:19:40.834+01:00  INFO 23016 --- [           main] com.zaxxer.hikari.HikariDataSource       : HikariPool-2 - Shutdown completed.
]]></system-out>
  </testcase>
  <testcase name="testThatFullUpdateProjectReturnsHttpStatus404IfUserDontExist" classname="com.pineapple.taskmanager.controllers.ProjectControllerIntegrationTests" time="0.022">
    <system-out><![CDATA[
  .   ____          _            __ _ _
 /\\ / ___'_ __ _ _(_)_ __  __ _ \ \ \ \
( ( )\___ | '_ | '_| | '_ \/ _` | \ \ \ \
 \\/  ___)| |_)| | | | | || (_| |  ) ) ) )
  '  |____| .__|_| |_|_| |_\__, | / / / /
 =========|_|==============|___/=/_/_/_/

 :: Spring Boot ::                (v3.3.4)

2024-12-03T15:19:40.853+01:00  INFO 23016 --- [           main] .p.t.c.ProjectControllerIntegrationTests : Starting ProjectControllerIntegrationTests using Java 21.0.1 with PID 23016 (started by milky in C:\Users\milky\OneDrive\Skrivbord\PROG-PROJECT\spring\taskmanager)
2024-12-03T15:19:40.853+01:00  INFO 23016 --- [           main] .p.t.c.ProjectControllerIntegrationTests : No active profile set, falling back to 1 default profile: "default"
2024-12-03T15:19:40.974+01:00  INFO 23016 --- [           main] .s.d.r.c.RepositoryConfigurationDelegate : Bootstrapping Spring Data JPA repositories in DEFAULT mode.
2024-12-03T15:19:40.988+01:00  INFO 23016 --- [           main] .s.d.r.c.RepositoryConfigurationDelegate : Finished Spring Data repository scanning in 12 ms. Found 3 JPA repository interfaces.
2024-12-03T15:19:41.031+01:00  INFO 23016 --- [           main] com.zaxxer.hikari.HikariDataSource       : HikariPool-3 - Starting...
2024-12-03T15:19:41.033+01:00  INFO 23016 --- [           main] com.zaxxer.hikari.pool.HikariPool        : HikariPool-3 - Added connection conn16: url=jdbc:h2:mem:testdb user=SA
2024-12-03T15:19:41.033+01:00  INFO 23016 --- [           main] com.zaxxer.hikari.HikariDataSource       : HikariPool-3 - Start completed.
2024-12-03T15:19:41.035+01:00  INFO 23016 --- [           main] o.hibernate.jpa.internal.util.LogHelper  : HHH000204: Processing PersistenceUnitInfo [name: default]
2024-12-03T15:19:41.037+01:00  INFO 23016 --- [           main] o.h.c.internal.RegionFactoryInitiator    : HHH000026: Second-level cache disabled
2024-12-03T15:19:41.043+01:00  INFO 23016 --- [           main] o.s.o.j.p.SpringPersistenceUnitInfo      : No LoadTimeWeaver setup: ignoring JPA class transformer
2024-12-03T15:19:41.090+01:00  INFO 23016 --- [           main] o.h.e.t.j.p.i.JtaPlatformInitiator       : HHH000489: No JTA platform available (set 'hibernate.transaction.jta.platform' to enable JTA platform integration)
2024-12-03T15:19:41.095+01:00  INFO 23016 --- [           main] j.LocalContainerEntityManagerFactoryBean : Initialized JPA EntityManagerFactory for persistence unit 'default'
2024-12-03T15:19:41.142+01:00  WARN 23016 --- [           main] JpaBaseConfiguration$JpaWebConfiguration : spring.jpa.open-in-view is enabled by default. Therefore, database queries may be performed during view rendering. Explicitly configure spring.jpa.open-in-view to disable this warning
2024-12-03T15:19:41.193+01:00  INFO 23016 --- [           main] o.s.b.t.m.w.SpringBootMockServletContext : Initializing Spring TestDispatcherServlet ''
2024-12-03T15:19:41.193+01:00  INFO 23016 --- [           main] o.s.t.web.servlet.TestDispatcherServlet  : Initializing Servlet ''
2024-12-03T15:19:41.193+01:00  INFO 23016 --- [           main] o.s.t.web.servlet.TestDispatcherServlet  : Completed initialization in 0 ms
2024-12-03T15:19:41.199+01:00  INFO 23016 --- [           main] .p.t.c.ProjectControllerIntegrationTests : Started ProjectControllerIntegrationTests in 0.363 seconds (process running for 5.777)
2024-12-03T15:19:41.213+01:00  INFO 23016 --- [           main] j.LocalContainerEntityManagerFactoryBean : Closing JPA EntityManagerFactory for persistence unit 'default'
2024-12-03T15:19:41.214+01:00  INFO 23016 --- [           main] com.zaxxer.hikari.HikariDataSource       : HikariPool-3 - Shutdown initiated...
2024-12-03T15:19:41.223+01:00  INFO 23016 --- [           main] com.zaxxer.hikari.HikariDataSource       : HikariPool-3 - Shutdown completed.
]]></system-out>
  </testcase>
  <testcase name="testThatGetProjectReturnsHttpStatus200IfUserExists" classname="com.pineapple.taskmanager.controllers.ProjectControllerIntegrationTests" time="0.039">
    <system-out><![CDATA[
  .   ____          _            __ _ _
 /\\ / ___'_ __ _ _(_)_ __  __ _ \ \ \ \
( ( )\___ | '_ | '_| | '_ \/ _` | \ \ \ \
 \\/  ___)| |_)| | | | | || (_| |  ) ) ) )
  '  |____| .__|_| |_|_| |_\__, | / / / /
 =========|_|==============|___/=/_/_/_/

 :: Spring Boot ::                (v3.3.4)

2024-12-03T15:19:41.239+01:00  INFO 23016 --- [           main] .p.t.c.ProjectControllerIntegrationTests : Starting ProjectControllerIntegrationTests using Java 21.0.1 with PID 23016 (started by milky in C:\Users\milky\OneDrive\Skrivbord\PROG-PROJECT\spring\taskmanager)
2024-12-03T15:19:41.239+01:00  INFO 23016 --- [           main] .p.t.c.ProjectControllerIntegrationTests : No active profile set, falling back to 1 default profile: "default"
2024-12-03T15:19:41.351+01:00  INFO 23016 --- [           main] .s.d.r.c.RepositoryConfigurationDelegate : Bootstrapping Spring Data JPA repositories in DEFAULT mode.
2024-12-03T15:19:41.364+01:00  INFO 23016 --- [           main] .s.d.r.c.RepositoryConfigurationDelegate : Finished Spring Data repository scanning in 13 ms. Found 3 JPA repository interfaces.
2024-12-03T15:19:41.408+01:00  INFO 23016 --- [           main] com.zaxxer.hikari.HikariDataSource       : HikariPool-4 - Starting...
2024-12-03T15:19:41.410+01:00  INFO 23016 --- [           main] com.zaxxer.hikari.pool.HikariPool        : HikariPool-4 - Added connection conn19: url=jdbc:h2:mem:testdb user=SA
2024-12-03T15:19:41.410+01:00  INFO 23016 --- [           main] com.zaxxer.hikari.HikariDataSource       : HikariPool-4 - Start completed.
2024-12-03T15:19:41.411+01:00  INFO 23016 --- [           main] o.hibernate.jpa.internal.util.LogHelper  : HHH000204: Processing PersistenceUnitInfo [name: default]
2024-12-03T15:19:41.413+01:00  INFO 23016 --- [           main] o.h.c.internal.RegionFactoryInitiator    : HHH000026: Second-level cache disabled
2024-12-03T15:19:41.421+01:00  INFO 23016 --- [           main] o.s.o.j.p.SpringPersistenceUnitInfo      : No LoadTimeWeaver setup: ignoring JPA class transformer
2024-12-03T15:19:41.478+01:00  INFO 23016 --- [           main] o.h.e.t.j.p.i.JtaPlatformInitiator       : HHH000489: No JTA platform available (set 'hibernate.transaction.jta.platform' to enable JTA platform integration)
2024-12-03T15:19:41.482+01:00  INFO 23016 --- [           main] j.LocalContainerEntityManagerFactoryBean : Initialized JPA EntityManagerFactory for persistence unit 'default'
2024-12-03T15:19:41.514+01:00  WARN 23016 --- [           main] JpaBaseConfiguration$JpaWebConfiguration : spring.jpa.open-in-view is enabled by default. Therefore, database queries may be performed during view rendering. Explicitly configure spring.jpa.open-in-view to disable this warning
2024-12-03T15:19:41.569+01:00  INFO 23016 --- [           main] o.s.b.t.m.w.SpringBootMockServletContext : Initializing Spring TestDispatcherServlet ''
2024-12-03T15:19:41.569+01:00  INFO 23016 --- [           main] o.s.t.web.servlet.TestDispatcherServlet  : Initializing Servlet ''
2024-12-03T15:19:41.569+01:00  INFO 23016 --- [           main] o.s.t.web.servlet.TestDispatcherServlet  : Completed initialization in 0 ms
2024-12-03T15:19:41.576+01:00  INFO 23016 --- [           main] .p.t.c.ProjectControllerIntegrationTests : Started ProjectControllerIntegrationTests in 0.351 seconds (process running for 6.154)
2024-12-03T15:19:41.592+01:00  INFO 23016 --- [           main] j.LocalContainerEntityManagerFactoryBean : Closing JPA EntityManagerFactory for persistence unit 'default'
2024-12-03T15:19:41.594+01:00  INFO 23016 --- [           main] com.zaxxer.hikari.HikariDataSource       : HikariPool-4 - Shutdown initiated...
2024-12-03T15:19:41.617+01:00  INFO 23016 --- [           main] com.zaxxer.hikari.HikariDataSource       : HikariPool-4 - Shutdown completed.
]]></system-out>
  </testcase>
  <testcase name="testThatGetProjectReturnsHttpStatus404IfUserDontExist" classname="com.pineapple.taskmanager.controllers.ProjectControllerIntegrationTests" time="0.01">
    <system-out><![CDATA[
  .   ____          _            __ _ _
 /\\ / ___'_ __ _ _(_)_ __  __ _ \ \ \ \
( ( )\___ | '_ | '_| | '_ \/ _` | \ \ \ \
 \\/  ___)| |_)| | | | | || (_| |  ) ) ) )
  '  |____| .__|_| |_|_| |_\__, | / / / /
 =========|_|==============|___/=/_/_/_/

 :: Spring Boot ::                (v3.3.4)

2024-12-03T15:19:41.635+01:00  INFO 23016 --- [           main] .p.t.c.ProjectControllerIntegrationTests : Starting ProjectControllerIntegrationTests using Java 21.0.1 with PID 23016 (started by milky in C:\Users\milky\OneDrive\Skrivbord\PROG-PROJECT\spring\taskmanager)
2024-12-03T15:19:41.635+01:00  INFO 23016 --- [           main] .p.t.c.ProjectControllerIntegrationTests : No active profile set, falling back to 1 default profile: "default"
2024-12-03T15:19:41.746+01:00  INFO 23016 --- [           main] .s.d.r.c.RepositoryConfigurationDelegate : Bootstrapping Spring Data JPA repositories in DEFAULT mode.
2024-12-03T15:19:41.760+01:00  INFO 23016 --- [           main] .s.d.r.c.RepositoryConfigurationDelegate : Finished Spring Data repository scanning in 13 ms. Found 3 JPA repository interfaces.
2024-12-03T15:19:41.797+01:00  INFO 23016 --- [           main] com.zaxxer.hikari.HikariDataSource       : HikariPool-5 - Starting...
2024-12-03T15:19:41.799+01:00  INFO 23016 --- [           main] com.zaxxer.hikari.pool.HikariPool        : HikariPool-5 - Added connection conn23: url=jdbc:h2:mem:testdb user=SA
2024-12-03T15:19:41.799+01:00  INFO 23016 --- [           main] com.zaxxer.hikari.HikariDataSource       : HikariPool-5 - Start completed.
2024-12-03T15:19:41.800+01:00  INFO 23016 --- [           main] o.hibernate.jpa.internal.util.LogHelper  : HHH000204: Processing PersistenceUnitInfo [name: default]
2024-12-03T15:19:41.802+01:00  INFO 23016 --- [           main] o.h.c.internal.RegionFactoryInitiator    : HHH000026: Second-level cache disabled
2024-12-03T15:19:41.808+01:00  INFO 23016 --- [           main] o.s.o.j.p.SpringPersistenceUnitInfo      : No LoadTimeWeaver setup: ignoring JPA class transformer
2024-12-03T15:19:41.849+01:00  INFO 23016 --- [           main] o.h.e.t.j.p.i.JtaPlatformInitiator       : HHH000489: No JTA platform available (set 'hibernate.transaction.jta.platform' to enable JTA platform integration)
2024-12-03T15:19:41.853+01:00  INFO 23016 --- [           main] j.LocalContainerEntityManagerFactoryBean : Initialized JPA EntityManagerFactory for persistence unit 'default'
2024-12-03T15:19:41.888+01:00  WARN 23016 --- [           main] JpaBaseConfiguration$JpaWebConfiguration : spring.jpa.open-in-view is enabled by default. Therefore, database queries may be performed during view rendering. Explicitly configure spring.jpa.open-in-view to disable this warning
2024-12-03T15:19:41.939+01:00  INFO 23016 --- [           main] o.s.b.t.m.w.SpringBootMockServletContext : Initializing Spring TestDispatcherServlet ''
2024-12-03T15:19:41.939+01:00  INFO 23016 --- [           main] o.s.t.web.servlet.TestDispatcherServlet  : Initializing Servlet ''
2024-12-03T15:19:41.940+01:00  INFO 23016 --- [           main] o.s.t.web.servlet.TestDispatcherServlet  : Completed initialization in 0 ms
2024-12-03T15:19:41.944+01:00  INFO 23016 --- [           main] .p.t.c.ProjectControllerIntegrationTests : Started ProjectControllerIntegrationTests in 0.324 seconds (process running for 6.522)
2024-12-03T15:19:41.954+01:00  INFO 23016 --- [           main] j.LocalContainerEntityManagerFactoryBean : Closing JPA EntityManagerFactory for persistence unit 'default'
2024-12-03T15:19:41.955+01:00  INFO 23016 --- [           main] com.zaxxer.hikari.HikariDataSource       : HikariPool-5 - Shutdown initiated...
2024-12-03T15:19:41.956+01:00  INFO 23016 --- [           main] com.zaxxer.hikari.HikariDataSource       : HikariPool-5 - Shutdown completed.
]]></system-out>
  </testcase>
  <testcase name="testThatListProjectsReturnsListOfProjects" classname="com.pineapple.taskmanager.controllers.ProjectControllerIntegrationTests" time="0.077">
    <system-out><![CDATA[
  .   ____          _            __ _ _
 /\\ / ___'_ __ _ _(_)_ __  __ _ \ \ \ \
( ( )\___ | '_ | '_| | '_ \/ _` | \ \ \ \
 \\/  ___)| |_)| | | | | || (_| |  ) ) ) )
  '  |____| .__|_| |_|_| |_\__, | / / / /
 =========|_|==============|___/=/_/_/_/

 :: Spring Boot ::                (v3.3.4)

2024-12-03T15:19:41.971+01:00  INFO 23016 --- [           main] .p.t.c.ProjectControllerIntegrationTests : Starting ProjectControllerIntegrationTests using Java 21.0.1 with PID 23016 (started by milky in C:\Users\milky\OneDrive\Skrivbord\PROG-PROJECT\spring\taskmanager)
2024-12-03T15:19:41.971+01:00  INFO 23016 --- [           main] .p.t.c.ProjectControllerIntegrationTests : No active profile set, falling back to 1 default profile: "default"
2024-12-03T15:19:42.076+01:00  INFO 23016 --- [           main] .s.d.r.c.RepositoryConfigurationDelegate : Bootstrapping Spring Data JPA repositories in DEFAULT mode.
2024-12-03T15:19:42.089+01:00  INFO 23016 --- [           main] .s.d.r.c.RepositoryConfigurationDelegate : Finished Spring Data repository scanning in 12 ms. Found 3 JPA repository interfaces.
2024-12-03T15:19:42.127+01:00  INFO 23016 --- [           main] com.zaxxer.hikari.HikariDataSource       : HikariPool-6 - Starting...
2024-12-03T15:19:42.129+01:00  INFO 23016 --- [           main] com.zaxxer.hikari.pool.HikariPool        : HikariPool-6 - Added connection conn25: url=jdbc:h2:mem:testdb user=SA
2024-12-03T15:19:42.129+01:00  INFO 23016 --- [           main] com.zaxxer.hikari.HikariDataSource       : HikariPool-6 - Start completed.
2024-12-03T15:19:42.130+01:00  INFO 23016 --- [           main] o.hibernate.jpa.internal.util.LogHelper  : HHH000204: Processing PersistenceUnitInfo [name: default]
2024-12-03T15:19:42.132+01:00  INFO 23016 --- [           main] o.h.c.internal.RegionFactoryInitiator    : HHH000026: Second-level cache disabled
2024-12-03T15:19:42.139+01:00  INFO 23016 --- [           main] o.s.o.j.p.SpringPersistenceUnitInfo      : No LoadTimeWeaver setup: ignoring JPA class transformer
2024-12-03T15:19:42.173+01:00  INFO 23016 --- [           main] o.h.e.t.j.p.i.JtaPlatformInitiator       : HHH000489: No JTA platform available (set 'hibernate.transaction.jta.platform' to enable JTA platform integration)
2024-12-03T15:19:42.176+01:00  INFO 23016 --- [           main] j.LocalContainerEntityManagerFactoryBean : Initialized JPA EntityManagerFactory for persistence unit 'default'
2024-12-03T15:19:42.201+01:00  WARN 23016 --- [           main] JpaBaseConfiguration$JpaWebConfiguration : spring.jpa.open-in-view is enabled by default. Therefore, database queries may be performed during view rendering. Explicitly configure spring.jpa.open-in-view to disable this warning
2024-12-03T15:19:42.246+01:00  INFO 23016 --- [           main] o.s.b.t.m.w.SpringBootMockServletContext : Initializing Spring TestDispatcherServlet ''
2024-12-03T15:19:42.246+01:00  INFO 23016 --- [           main] o.s.t.web.servlet.TestDispatcherServlet  : Initializing Servlet ''
2024-12-03T15:19:42.247+01:00  INFO 23016 --- [           main] o.s.t.web.servlet.TestDispatcherServlet  : Completed initialization in 1 ms
2024-12-03T15:19:42.249+01:00  INFO 23016 --- [           main] .p.t.c.ProjectControllerIntegrationTests : Started ProjectControllerIntegrationTests in 0.291 seconds (process running for 6.827)
2024-12-03T15:19:42.283+01:00  WARN 23016 --- [           main] ration$PageModule$WarningLoggingModifier : Serializing PageImpl instances as-is is not supported, meaning that there is no guarantee about the stability of the resulting JSON structure!
	For a stable JSON structure, please use Spring Data's PagedModel (globally via @EnableSpringDataWebSupport(pageSerializationMode = VIA_DTO))
	or Spring HATEOAS and Spring Data's PagedResourcesAssembler as documented in https://docs.spring.io/spring-data/commons/reference/repositories/core-extensions.html#core.web.pageables.

2024-12-03T15:19:42.298+01:00  INFO 23016 --- [           main] j.LocalContainerEntityManagerFactoryBean : Closing JPA EntityManagerFactory for persistence unit 'default'
2024-12-03T15:19:42.299+01:00  INFO 23016 --- [           main] com.zaxxer.hikari.HikariDataSource       : HikariPool-6 - Shutdown initiated...
2024-12-03T15:19:42.328+01:00  INFO 23016 --- [           main] com.zaxxer.hikari.HikariDataSource       : HikariPool-6 - Shutdown completed.
]]></system-out>
  </testcase>
  <testcase name="testThatFullUpdateProjectReturnsHttpStatus200IfUserExists" classname="com.pineapple.taskmanager.controllers.ProjectControllerIntegrationTests" time="0.045">
    <system-out><![CDATA[
  .   ____          _            __ _ _
 /\\ / ___'_ __ _ _(_)_ __  __ _ \ \ \ \
( ( )\___ | '_ | '_| | '_ \/ _` | \ \ \ \
 \\/  ___)| |_)| | | | | || (_| |  ) ) ) )
  '  |____| .__|_| |_|_| |_\__, | / / / /
 =========|_|==============|___/=/_/_/_/

 :: Spring Boot ::                (v3.3.4)

2024-12-03T15:19:42.341+01:00  INFO 23016 --- [           main] .p.t.c.ProjectControllerIntegrationTests : Starting ProjectControllerIntegrationTests using Java 21.0.1 with PID 23016 (started by milky in C:\Users\milky\OneDrive\Skrivbord\PROG-PROJECT\spring\taskmanager)
2024-12-03T15:19:42.341+01:00  INFO 23016 --- [           main] .p.t.c.ProjectControllerIntegrationTests : No active profile set, falling back to 1 default profile: "default"
2024-12-03T15:19:42.427+01:00  INFO 23016 --- [           main] .s.d.r.c.RepositoryConfigurationDelegate : Bootstrapping Spring Data JPA repositories in DEFAULT mode.
2024-12-03T15:19:42.440+01:00  INFO 23016 --- [           main] .s.d.r.c.RepositoryConfigurationDelegate : Finished Spring Data repository scanning in 12 ms. Found 3 JPA repository interfaces.
2024-12-03T15:19:42.473+01:00  INFO 23016 --- [           main] com.zaxxer.hikari.HikariDataSource       : HikariPool-7 - Starting...
2024-12-03T15:19:42.474+01:00  INFO 23016 --- [           main] com.zaxxer.hikari.pool.HikariPool        : HikariPool-7 - Added connection conn29: url=jdbc:h2:mem:testdb user=SA
2024-12-03T15:19:42.475+01:00  INFO 23016 --- [           main] com.zaxxer.hikari.HikariDataSource       : HikariPool-7 - Start completed.
2024-12-03T15:19:42.476+01:00  INFO 23016 --- [           main] o.hibernate.jpa.internal.util.LogHelper  : HHH000204: Processing PersistenceUnitInfo [name: default]
2024-12-03T15:19:42.478+01:00  INFO 23016 --- [           main] o.h.c.internal.RegionFactoryInitiator    : HHH000026: Second-level cache disabled
2024-12-03T15:19:42.484+01:00  INFO 23016 --- [           main] o.s.o.j.p.SpringPersistenceUnitInfo      : No LoadTimeWeaver setup: ignoring JPA class transformer
2024-12-03T15:19:42.523+01:00  INFO 23016 --- [           main] o.h.e.t.j.p.i.JtaPlatformInitiator       : HHH000489: No JTA platform available (set 'hibernate.transaction.jta.platform' to enable JTA platform integration)
2024-12-03T15:19:42.527+01:00  INFO 23016 --- [           main] j.LocalContainerEntityManagerFactoryBean : Initialized JPA EntityManagerFactory for persistence unit 'default'
2024-12-03T15:19:42.562+01:00  WARN 23016 --- [           main] JpaBaseConfiguration$JpaWebConfiguration : spring.jpa.open-in-view is enabled by default. Therefore, database queries may be performed during view rendering. Explicitly configure spring.jpa.open-in-view to disable this warning
2024-12-03T15:19:42.603+01:00  INFO 23016 --- [           main] o.s.b.t.m.w.SpringBootMockServletContext : Initializing Spring TestDispatcherServlet ''
2024-12-03T15:19:42.604+01:00  INFO 23016 --- [           main] o.s.t.web.servlet.TestDispatcherServlet  : Initializing Servlet ''
2024-12-03T15:19:42.604+01:00  INFO 23016 --- [           main] o.s.t.web.servlet.TestDispatcherServlet  : Completed initialization in 0 ms
2024-12-03T15:19:42.607+01:00  INFO 23016 --- [           main] .p.t.c.ProjectControllerIntegrationTests : Started ProjectControllerIntegrationTests in 0.276 seconds (process running for 7.185)
2024-12-03T15:19:42.628+01:00  INFO 23016 --- [           main] j.LocalContainerEntityManagerFactoryBean : Closing JPA EntityManagerFactory for persistence unit 'default'
2024-12-03T15:19:42.629+01:00  INFO 23016 --- [           main] com.zaxxer.hikari.HikariDataSource       : HikariPool-7 - Shutdown initiated...
2024-12-03T15:19:42.653+01:00  INFO 23016 --- [           main] com.zaxxer.hikari.HikariDataSource       : HikariPool-7 - Shutdown completed.
]]></system-out>
  </testcase>
  <testcase name="testThatDeleteProjectReturnsHttpStatus204IfUserDontExist" classname="com.pineapple.taskmanager.controllers.ProjectControllerIntegrationTests" time="0.04">
    <system-out><![CDATA[
  .   ____          _            __ _ _
 /\\ / ___'_ __ _ _(_)_ __  __ _ \ \ \ \
( ( )\___ | '_ | '_| | '_ \/ _` | \ \ \ \
 \\/  ___)| |_)| | | | | || (_| |  ) ) ) )
  '  |____| .__|_| |_|_| |_\__, | / / / /
 =========|_|==============|___/=/_/_/_/

 :: Spring Boot ::                (v3.3.4)

2024-12-03T15:19:42.664+01:00  INFO 23016 --- [           main] .p.t.c.ProjectControllerIntegrationTests : Starting ProjectControllerIntegrationTests using Java 21.0.1 with PID 23016 (started by milky in C:\Users\milky\OneDrive\Skrivbord\PROG-PROJECT\spring\taskmanager)
2024-12-03T15:19:42.664+01:00  INFO 23016 --- [           main] .p.t.c.ProjectControllerIntegrationTests : No active profile set, falling back to 1 default profile: "default"
2024-12-03T15:19:42.731+01:00  INFO 23016 --- [           main] .s.d.r.c.RepositoryConfigurationDelegate : Bootstrapping Spring Data JPA repositories in DEFAULT mode.
2024-12-03T15:19:42.743+01:00  INFO 23016 --- [           main] .s.d.r.c.RepositoryConfigurationDelegate : Finished Spring Data repository scanning in 10 ms. Found 3 JPA repository interfaces.
2024-12-03T15:19:42.769+01:00  INFO 23016 --- [           main] com.zaxxer.hikari.HikariDataSource       : HikariPool-8 - Starting...
2024-12-03T15:19:42.771+01:00  INFO 23016 --- [           main] com.zaxxer.hikari.pool.HikariPool        : HikariPool-8 - Added connection conn32: url=jdbc:h2:mem:testdb user=SA
2024-12-03T15:19:42.771+01:00  INFO 23016 --- [           main] com.zaxxer.hikari.HikariDataSource       : HikariPool-8 - Start completed.
2024-12-03T15:19:42.771+01:00  INFO 23016 --- [           main] o.hibernate.jpa.internal.util.LogHelper  : HHH000204: Processing PersistenceUnitInfo [name: default]
2024-12-03T15:19:42.773+01:00  INFO 23016 --- [           main] o.h.c.internal.RegionFactoryInitiator    : HHH000026: Second-level cache disabled
2024-12-03T15:19:42.777+01:00  INFO 23016 --- [           main] o.s.o.j.p.SpringPersistenceUnitInfo      : No LoadTimeWeaver setup: ignoring JPA class transformer
2024-12-03T15:19:42.807+01:00  INFO 23016 --- [           main] o.h.e.t.j.p.i.JtaPlatformInitiator       : HHH000489: No JTA platform available (set 'hibernate.transaction.jta.platform' to enable JTA platform integration)
2024-12-03T15:19:42.810+01:00  INFO 23016 --- [           main] j.LocalContainerEntityManagerFactoryBean : Initialized JPA EntityManagerFactory for persistence unit 'default'
2024-12-03T15:19:42.835+01:00  WARN 23016 --- [           main] JpaBaseConfiguration$JpaWebConfiguration : spring.jpa.open-in-view is enabled by default. Therefore, database queries may be performed during view rendering. Explicitly configure spring.jpa.open-in-view to disable this warning
2024-12-03T15:19:42.873+01:00  INFO 23016 --- [           main] o.s.b.t.m.w.SpringBootMockServletContext : Initializing Spring TestDispatcherServlet ''
2024-12-03T15:19:42.874+01:00  INFO 23016 --- [           main] o.s.t.web.servlet.TestDispatcherServlet  : Initializing Servlet ''
2024-12-03T15:19:42.874+01:00  INFO 23016 --- [           main] o.s.t.web.servlet.TestDispatcherServlet  : Completed initialization in 0 ms
2024-12-03T15:19:42.878+01:00  INFO 23016 --- [           main] .p.t.c.ProjectControllerIntegrationTests : Started ProjectControllerIntegrationTests in 0.223 seconds (process running for 7.457)
2024-12-03T15:19:42.888+01:00  INFO 23016 --- [           main] j.LocalContainerEntityManagerFactoryBean : Closing JPA EntityManagerFactory for persistence unit 'default'
2024-12-03T15:19:42.889+01:00  INFO 23016 --- [           main] com.zaxxer.hikari.HikariDataSource       : HikariPool-8 - Shutdown initiated...
2024-12-03T15:19:42.919+01:00  INFO 23016 --- [           main] com.zaxxer.hikari.HikariDataSource       : HikariPool-8 - Shutdown completed.
]]></system-out>
  </testcase>
  <testcase name="testThatCreateProjectReturnsSavedAuthor" classname="com.pineapple.taskmanager.controllers.ProjectControllerIntegrationTests" time="0.012">
    <system-out><![CDATA[
  .   ____          _            __ _ _
 /\\ / ___'_ __ _ _(_)_ __  __ _ \ \ \ \
( ( )\___ | '_ | '_| | '_ \/ _` | \ \ \ \
 \\/  ___)| |_)| | | | | || (_| |  ) ) ) )
  '  |____| .__|_| |_|_| |_\__, | / / / /
 =========|_|==============|___/=/_/_/_/

 :: Spring Boot ::                (v3.3.4)

2024-12-03T15:19:42.929+01:00  INFO 23016 --- [           main] .p.t.c.ProjectControllerIntegrationTests : Starting ProjectControllerIntegrationTests using Java 21.0.1 with PID 23016 (started by milky in C:\Users\milky\OneDrive\Skrivbord\PROG-PROJECT\spring\taskmanager)
2024-12-03T15:19:42.929+01:00  INFO 23016 --- [           main] .p.t.c.ProjectControllerIntegrationTests : No active profile set, falling back to 1 default profile: "default"
2024-12-03T15:19:43.001+01:00  INFO 23016 --- [           main] .s.d.r.c.RepositoryConfigurationDelegate : Bootstrapping Spring Data JPA repositories in DEFAULT mode.
2024-12-03T15:19:43.012+01:00  INFO 23016 --- [           main] .s.d.r.c.RepositoryConfigurationDelegate : Finished Spring Data repository scanning in 10 ms. Found 3 JPA repository interfaces.
2024-12-03T15:19:43.035+01:00  INFO 23016 --- [           main] com.zaxxer.hikari.HikariDataSource       : HikariPool-9 - Starting...
2024-12-03T15:19:43.037+01:00  INFO 23016 --- [           main] com.zaxxer.hikari.pool.HikariPool        : HikariPool-9 - Added connection conn34: url=jdbc:h2:mem:testdb user=SA
2024-12-03T15:19:43.037+01:00  INFO 23016 --- [           main] com.zaxxer.hikari.HikariDataSource       : HikariPool-9 - Start completed.
2024-12-03T15:19:43.037+01:00  INFO 23016 --- [           main] o.hibernate.jpa.internal.util.LogHelper  : HHH000204: Processing PersistenceUnitInfo [name: default]
2024-12-03T15:19:43.039+01:00  INFO 23016 --- [           main] o.h.c.internal.RegionFactoryInitiator    : HHH000026: Second-level cache disabled
2024-12-03T15:19:43.043+01:00  INFO 23016 --- [           main] o.s.o.j.p.SpringPersistenceUnitInfo      : No LoadTimeWeaver setup: ignoring JPA class transformer
2024-12-03T15:19:43.073+01:00  INFO 23016 --- [           main] o.h.e.t.j.p.i.JtaPlatformInitiator       : HHH000489: No JTA platform available (set 'hibernate.transaction.jta.platform' to enable JTA platform integration)
2024-12-03T15:19:43.077+01:00  INFO 23016 --- [           main] j.LocalContainerEntityManagerFactoryBean : Initialized JPA EntityManagerFactory for persistence unit 'default'
2024-12-03T15:19:43.099+01:00  WARN 23016 --- [           main] JpaBaseConfiguration$JpaWebConfiguration : spring.jpa.open-in-view is enabled by default. Therefore, database queries may be performed during view rendering. Explicitly configure spring.jpa.open-in-view to disable this warning
2024-12-03T15:19:43.127+01:00  INFO 23016 --- [           main] o.s.b.t.m.w.SpringBootMockServletContext : Initializing Spring TestDispatcherServlet ''
2024-12-03T15:19:43.127+01:00  INFO 23016 --- [           main] o.s.t.web.servlet.TestDispatcherServlet  : Initializing Servlet ''
2024-12-03T15:19:43.127+01:00  INFO 23016 --- [           main] o.s.t.web.servlet.TestDispatcherServlet  : Completed initialization in 0 ms
2024-12-03T15:19:43.129+01:00  INFO 23016 --- [           main] .p.t.c.ProjectControllerIntegrationTests : Started ProjectControllerIntegrationTests in 0.209 seconds (process running for 7.708)
2024-12-03T15:19:43.141+01:00  INFO 23016 --- [           main] j.LocalContainerEntityManagerFactoryBean : Closing JPA EntityManagerFactory for persistence unit 'default'
2024-12-03T15:19:43.142+01:00  INFO 23016 --- [           main] com.zaxxer.hikari.HikariDataSource       : HikariPool-9 - Shutdown initiated...
2024-12-03T15:19:43.143+01:00  INFO 23016 --- [           main] com.zaxxer.hikari.HikariDataSource       : HikariPool-9 - Shutdown completed.
]]></system-out>
  </testcase>
  <testcase name="testThatListProjectsReturnsHttpStatus200" classname="com.pineapple.taskmanager.controllers.ProjectControllerIntegrationTests" time="0.011">
    <system-out><![CDATA[
  .   ____          _            __ _ _
 /\\ / ___'_ __ _ _(_)_ __  __ _ \ \ \ \
( ( )\___ | '_ | '_| | '_ \/ _` | \ \ \ \
 \\/  ___)| |_)| | | | | || (_| |  ) ) ) )
  '  |____| .__|_| |_|_| |_\__, | / / / /
 =========|_|==============|___/=/_/_/_/

 :: Spring Boot ::                (v3.3.4)

2024-12-03T15:19:43.152+01:00  INFO 23016 --- [           main] .p.t.c.ProjectControllerIntegrationTests : Starting ProjectControllerIntegrationTests using Java 21.0.1 with PID 23016 (started by milky in C:\Users\milky\OneDrive\Skrivbord\PROG-PROJECT\spring\taskmanager)
2024-12-03T15:19:43.152+01:00  INFO 23016 --- [           main] .p.t.c.ProjectControllerIntegrationTests : No active profile set, falling back to 1 default profile: "default"
2024-12-03T15:19:43.214+01:00  INFO 23016 --- [           main] .s.d.r.c.RepositoryConfigurationDelegate : Bootstrapping Spring Data JPA repositories in DEFAULT mode.
2024-12-03T15:19:43.222+01:00  INFO 23016 --- [           main] .s.d.r.c.RepositoryConfigurationDelegate : Finished Spring Data repository scanning in 8 ms. Found 3 JPA repository interfaces.
2024-12-03T15:19:43.244+01:00  INFO 23016 --- [           main] com.zaxxer.hikari.HikariDataSource       : HikariPool-10 - Starting...
2024-12-03T15:19:43.245+01:00  INFO 23016 --- [           main] com.zaxxer.hikari.pool.HikariPool        : HikariPool-10 - Added connection conn35: url=jdbc:h2:mem:testdb user=SA
2024-12-03T15:19:43.245+01:00  INFO 23016 --- [           main] com.zaxxer.hikari.HikariDataSource       : HikariPool-10 - Start completed.
2024-12-03T15:19:43.246+01:00  INFO 23016 --- [           main] o.hibernate.jpa.internal.util.LogHelper  : HHH000204: Processing PersistenceUnitInfo [name: default]
2024-12-03T15:19:43.247+01:00  INFO 23016 --- [           main] o.h.c.internal.RegionFactoryInitiator    : HHH000026: Second-level cache disabled
2024-12-03T15:19:43.253+01:00  INFO 23016 --- [           main] o.s.o.j.p.SpringPersistenceUnitInfo      : No LoadTimeWeaver setup: ignoring JPA class transformer
2024-12-03T15:19:43.281+01:00  INFO 23016 --- [           main] o.h.e.t.j.p.i.JtaPlatformInitiator       : HHH000489: No JTA platform available (set 'hibernate.transaction.jta.platform' to enable JTA platform integration)
2024-12-03T15:19:43.284+01:00  INFO 23016 --- [           main] j.LocalContainerEntityManagerFactoryBean : Initialized JPA EntityManagerFactory for persistence unit 'default'
2024-12-03T15:19:43.303+01:00  WARN 23016 --- [           main] JpaBaseConfiguration$JpaWebConfiguration : spring.jpa.open-in-view is enabled by default. Therefore, database queries may be performed during view rendering. Explicitly configure spring.jpa.open-in-view to disable this warning
2024-12-03T15:19:43.333+01:00  INFO 23016 --- [           main] o.s.b.t.m.w.SpringBootMockServletContext : Initializing Spring TestDispatcherServlet ''
2024-12-03T15:19:43.333+01:00  INFO 23016 --- [           main] o.s.t.web.servlet.TestDispatcherServlet  : Initializing Servlet ''
2024-12-03T15:19:43.333+01:00  INFO 23016 --- [           main] o.s.t.web.servlet.TestDispatcherServlet  : Completed initialization in 0 ms
2024-12-03T15:19:43.336+01:00  INFO 23016 --- [           main] .p.t.c.ProjectControllerIntegrationTests : Started ProjectControllerIntegrationTests in 0.193 seconds (process running for 7.914)
2024-12-03T15:19:43.343+01:00  WARN 23016 --- [           main] ration$PageModule$WarningLoggingModifier : Serializing PageImpl instances as-is is not supported, meaning that there is no guarantee about the stability of the resulting JSON structure!
	For a stable JSON structure, please use Spring Data's PagedModel (globally via @EnableSpringDataWebSupport(pageSerializationMode = VIA_DTO))
	or Spring HATEOAS and Spring Data's PagedResourcesAssembler as documented in https://docs.spring.io/spring-data/commons/reference/repositories/core-extensions.html#core.web.pageables.

2024-12-03T15:19:43.347+01:00  INFO 23016 --- [           main] j.LocalContainerEntityManagerFactoryBean : Closing JPA EntityManagerFactory for persistence unit 'default'
2024-12-03T15:19:43.347+01:00  INFO 23016 --- [           main] com.zaxxer.hikari.HikariDataSource       : HikariPool-10 - Shutdown initiated...
2024-12-03T15:19:43.348+01:00  INFO 23016 --- [           main] com.zaxxer.hikari.HikariDataSource       : HikariPool-10 - Shutdown completed.
]]></system-out>
  </testcase>
  <testcase name="testThatFullUpdateProjectUpdatesExistingUser" classname="com.pineapple.taskmanager.controllers.ProjectControllerIntegrationTests" time="0.017">
    <system-out><![CDATA[
  .   ____          _            __ _ _
 /\\ / ___'_ __ _ _(_)_ __  __ _ \ \ \ \
( ( )\___ | '_ | '_| | '_ \/ _` | \ \ \ \
 \\/  ___)| |_)| | | | | || (_| |  ) ) ) )
  '  |____| .__|_| |_|_| |_\__, | / / / /
 =========|_|==============|___/=/_/_/_/

 :: Spring Boot ::                (v3.3.4)

2024-12-03T15:19:43.360+01:00  INFO 23016 --- [           main] .p.t.c.ProjectControllerIntegrationTests : Starting ProjectControllerIntegrationTests using Java 21.0.1 with PID 23016 (started by milky in C:\Users\milky\OneDrive\Skrivbord\PROG-PROJECT\spring\taskmanager)
2024-12-03T15:19:43.360+01:00  INFO 23016 --- [           main] .p.t.c.ProjectControllerIntegrationTests : No active profile set, falling back to 1 default profile: "default"
2024-12-03T15:19:43.421+01:00  INFO 23016 --- [           main] .s.d.r.c.RepositoryConfigurationDelegate : Bootstrapping Spring Data JPA repositories in DEFAULT mode.
2024-12-03T15:19:43.430+01:00  INFO 23016 --- [           main] .s.d.r.c.RepositoryConfigurationDelegate : Finished Spring Data repository scanning in 8 ms. Found 3 JPA repository interfaces.
2024-12-03T15:19:43.452+01:00  INFO 23016 --- [           main] com.zaxxer.hikari.HikariDataSource       : HikariPool-11 - Starting...
2024-12-03T15:19:43.453+01:00  INFO 23016 --- [           main] com.zaxxer.hikari.pool.HikariPool        : HikariPool-11 - Added connection conn36: url=jdbc:h2:mem:testdb user=SA
2024-12-03T15:19:43.453+01:00  INFO 23016 --- [           main] com.zaxxer.hikari.HikariDataSource       : HikariPool-11 - Start completed.
2024-12-03T15:19:43.453+01:00  INFO 23016 --- [           main] o.hibernate.jpa.internal.util.LogHelper  : HHH000204: Processing PersistenceUnitInfo [name: default]
2024-12-03T15:19:43.455+01:00  INFO 23016 --- [           main] o.h.c.internal.RegionFactoryInitiator    : HHH000026: Second-level cache disabled
2024-12-03T15:19:43.459+01:00  INFO 23016 --- [           main] o.s.o.j.p.SpringPersistenceUnitInfo      : No LoadTimeWeaver setup: ignoring JPA class transformer
2024-12-03T15:19:43.486+01:00  INFO 23016 --- [           main] o.h.e.t.j.p.i.JtaPlatformInitiator       : HHH000489: No JTA platform available (set 'hibernate.transaction.jta.platform' to enable JTA platform integration)
2024-12-03T15:19:43.490+01:00  INFO 23016 --- [           main] j.LocalContainerEntityManagerFactoryBean : Initialized JPA EntityManagerFactory for persistence unit 'default'
2024-12-03T15:19:43.508+01:00  WARN 23016 --- [           main] JpaBaseConfiguration$JpaWebConfiguration : spring.jpa.open-in-view is enabled by default. Therefore, database queries may be performed during view rendering. Explicitly configure spring.jpa.open-in-view to disable this warning
2024-12-03T15:19:43.536+01:00  INFO 23016 --- [           main] o.s.b.t.m.w.SpringBootMockServletContext : Initializing Spring TestDispatcherServlet ''
2024-12-03T15:19:43.536+01:00  INFO 23016 --- [           main] o.s.t.web.servlet.TestDispatcherServlet  : Initializing Servlet ''
2024-12-03T15:19:43.536+01:00  INFO 23016 --- [           main] o.s.t.web.servlet.TestDispatcherServlet  : Completed initialization in 0 ms
2024-12-03T15:19:43.538+01:00  INFO 23016 --- [           main] .p.t.c.ProjectControllerIntegrationTests : Started ProjectControllerIntegrationTests in 0.189 seconds (process running for 8.116)
2024-12-03T15:19:43.554+01:00  INFO 23016 --- [           main] j.LocalContainerEntityManagerFactoryBean : Closing JPA EntityManagerFactory for persistence unit 'default'
2024-12-03T15:19:43.555+01:00  INFO 23016 --- [           main] com.zaxxer.hikari.HikariDataSource       : HikariPool-11 - Shutdown initiated...
2024-12-03T15:19:43.556+01:00  INFO 23016 --- [           main] com.zaxxer.hikari.HikariDataSource       : HikariPool-11 - Shutdown completed.
]]></system-out>
  </testcase>
  <testcase name="testThatPartialUpdateProjectReturnsHttpStatus200IfUserExists" classname="com.pineapple.taskmanager.controllers.ProjectControllerIntegrationTests" time="0.016">
    <system-out><![CDATA[
  .   ____          _            __ _ _
 /\\ / ___'_ __ _ _(_)_ __  __ _ \ \ \ \
( ( )\___ | '_ | '_| | '_ \/ _` | \ \ \ \
 \\/  ___)| |_)| | | | | || (_| |  ) ) ) )
  '  |____| .__|_| |_|_| |_\__, | / / / /
 =========|_|==============|___/=/_/_/_/

 :: Spring Boot ::                (v3.3.4)

2024-12-03T15:19:43.568+01:00  INFO 23016 --- [           main] .p.t.c.ProjectControllerIntegrationTests : Starting ProjectControllerIntegrationTests using Java 21.0.1 with PID 23016 (started by milky in C:\Users\milky\OneDrive\Skrivbord\PROG-PROJECT\spring\taskmanager)
2024-12-03T15:19:43.568+01:00  INFO 23016 --- [           main] .p.t.c.ProjectControllerIntegrationTests : No active profile set, falling back to 1 default profile: "default"
2024-12-03T15:19:43.635+01:00  INFO 23016 --- [           main] .s.d.r.c.RepositoryConfigurationDelegate : Bootstrapping Spring Data JPA repositories in DEFAULT mode.
2024-12-03T15:19:43.643+01:00  INFO 23016 --- [           main] .s.d.r.c.RepositoryConfigurationDelegate : Finished Spring Data repository scanning in 7 ms. Found 3 JPA repository interfaces.
2024-12-03T15:19:43.663+01:00  INFO 23016 --- [           main] com.zaxxer.hikari.HikariDataSource       : HikariPool-12 - Starting...
2024-12-03T15:19:43.664+01:00  INFO 23016 --- [           main] com.zaxxer.hikari.pool.HikariPool        : HikariPool-12 - Added connection conn37: url=jdbc:h2:mem:testdb user=SA
2024-12-03T15:19:43.664+01:00  INFO 23016 --- [           main] com.zaxxer.hikari.HikariDataSource       : HikariPool-12 - Start completed.
2024-12-03T15:19:43.665+01:00  INFO 23016 --- [           main] o.hibernate.jpa.internal.util.LogHelper  : HHH000204: Processing PersistenceUnitInfo [name: default]
2024-12-03T15:19:43.666+01:00  INFO 23016 --- [           main] o.h.c.internal.RegionFactoryInitiator    : HHH000026: Second-level cache disabled
2024-12-03T15:19:43.670+01:00  INFO 23016 --- [           main] o.s.o.j.p.SpringPersistenceUnitInfo      : No LoadTimeWeaver setup: ignoring JPA class transformer
2024-12-03T15:19:43.694+01:00  INFO 23016 --- [           main] o.h.e.t.j.p.i.JtaPlatformInitiator       : HHH000489: No JTA platform available (set 'hibernate.transaction.jta.platform' to enable JTA platform integration)
2024-12-03T15:19:43.697+01:00  INFO 23016 --- [           main] j.LocalContainerEntityManagerFactoryBean : Initialized JPA EntityManagerFactory for persistence unit 'default'
2024-12-03T15:19:43.716+01:00  WARN 23016 --- [           main] JpaBaseConfiguration$JpaWebConfiguration : spring.jpa.open-in-view is enabled by default. Therefore, database queries may be performed during view rendering. Explicitly configure spring.jpa.open-in-view to disable this warning
2024-12-03T15:19:43.744+01:00  INFO 23016 --- [           main] o.s.b.t.m.w.SpringBootMockServletContext : Initializing Spring TestDispatcherServlet ''
2024-12-03T15:19:43.744+01:00  INFO 23016 --- [           main] o.s.t.web.servlet.TestDispatcherServlet  : Initializing Servlet ''
2024-12-03T15:19:43.745+01:00  INFO 23016 --- [           main] o.s.t.web.servlet.TestDispatcherServlet  : Completed initialization in 1 ms
2024-12-03T15:19:43.747+01:00  INFO 23016 --- [           main] .p.t.c.ProjectControllerIntegrationTests : Started ProjectControllerIntegrationTests in 0.19 seconds (process running for 8.325)
2024-12-03T15:19:43.762+01:00  INFO 23016 --- [           main] j.LocalContainerEntityManagerFactoryBean : Closing JPA EntityManagerFactory for persistence unit 'default'
2024-12-03T15:19:43.763+01:00  INFO 23016 --- [           main] com.zaxxer.hikari.HikariDataSource       : HikariPool-12 - Shutdown initiated...
2024-12-03T15:19:43.764+01:00  INFO 23016 --- [           main] com.zaxxer.hikari.HikariDataSource       : HikariPool-12 - Shutdown completed.
]]></system-out>
  </testcase>
  <testcase name="testThatCreateProjectReturnsHttpStatus201Created" classname="com.pineapple.taskmanager.controllers.ProjectControllerIntegrationTests" time="0.011">
    <system-out><![CDATA[
  .   ____          _            __ _ _
 /\\ / ___'_ __ _ _(_)_ __  __ _ \ \ \ \
( ( )\___ | '_ | '_| | '_ \/ _` | \ \ \ \
 \\/  ___)| |_)| | | | | || (_| |  ) ) ) )
  '  |____| .__|_| |_|_| |_\__, | / / / /
 =========|_|==============|___/=/_/_/_/

 :: Spring Boot ::                (v3.3.4)

2024-12-03T15:19:43.774+01:00  INFO 23016 --- [           main] .p.t.c.ProjectControllerIntegrationTests : Starting ProjectControllerIntegrationTests using Java 21.0.1 with PID 23016 (started by milky in C:\Users\milky\OneDrive\Skrivbord\PROG-PROJECT\spring\taskmanager)
2024-12-03T15:19:43.774+01:00  INFO 23016 --- [           main] .p.t.c.ProjectControllerIntegrationTests : No active profile set, falling back to 1 default profile: "default"
2024-12-03T15:19:43.832+01:00  INFO 23016 --- [           main] .s.d.r.c.RepositoryConfigurationDelegate : Bootstrapping Spring Data JPA repositories in DEFAULT mode.
2024-12-03T15:19:43.840+01:00  INFO 23016 --- [           main] .s.d.r.c.RepositoryConfigurationDelegate : Finished Spring Data repository scanning in 8 ms. Found 3 JPA repository interfaces.
2024-12-03T15:19:43.860+01:00  INFO 23016 --- [           main] com.zaxxer.hikari.HikariDataSource       : HikariPool-13 - Starting...
2024-12-03T15:19:43.861+01:00  INFO 23016 --- [           main] com.zaxxer.hikari.pool.HikariPool        : HikariPool-13 - Added connection conn38: url=jdbc:h2:mem:testdb user=SA
2024-12-03T15:19:43.861+01:00  INFO 23016 --- [           main] com.zaxxer.hikari.HikariDataSource       : HikariPool-13 - Start completed.
2024-12-03T15:19:43.862+01:00  INFO 23016 --- [           main] o.hibernate.jpa.internal.util.LogHelper  : HHH000204: Processing PersistenceUnitInfo [name: default]
2024-12-03T15:19:43.863+01:00  INFO 23016 --- [           main] o.h.c.internal.RegionFactoryInitiator    : HHH000026: Second-level cache disabled
2024-12-03T15:19:43.868+01:00  INFO 23016 --- [           main] o.s.o.j.p.SpringPersistenceUnitInfo      : No LoadTimeWeaver setup: ignoring JPA class transformer
2024-12-03T15:19:43.893+01:00  INFO 23016 --- [           main] o.h.e.t.j.p.i.JtaPlatformInitiator       : HHH000489: No JTA platform available (set 'hibernate.transaction.jta.platform' to enable JTA platform integration)
2024-12-03T15:19:43.897+01:00  INFO 23016 --- [           main] j.LocalContainerEntityManagerFactoryBean : Initialized JPA EntityManagerFactory for persistence unit 'default'
2024-12-03T15:19:43.916+01:00  WARN 23016 --- [           main] JpaBaseConfiguration$JpaWebConfiguration : spring.jpa.open-in-view is enabled by default. Therefore, database queries may be performed during view rendering. Explicitly configure spring.jpa.open-in-view to disable this warning
2024-12-03T15:19:43.945+01:00  INFO 23016 --- [           main] o.s.b.t.m.w.SpringBootMockServletContext : Initializing Spring TestDispatcherServlet ''
2024-12-03T15:19:43.945+01:00  INFO 23016 --- [           main] o.s.t.web.servlet.TestDispatcherServlet  : Initializing Servlet ''
2024-12-03T15:19:43.945+01:00  INFO 23016 --- [           main] o.s.t.web.servlet.TestDispatcherServlet  : Completed initialization in 0 ms
2024-12-03T15:19:43.947+01:00  INFO 23016 --- [           main] .p.t.c.ProjectControllerIntegrationTests : Started ProjectControllerIntegrationTests in 0.182 seconds (process running for 8.525)
2024-12-03T15:19:43.957+01:00  INFO 23016 --- [           main] j.LocalContainerEntityManagerFactoryBean : Closing JPA EntityManagerFactory for persistence unit 'default'
2024-12-03T15:19:43.958+01:00  INFO 23016 --- [           main] com.zaxxer.hikari.HikariDataSource       : HikariPool-13 - Shutdown initiated...
2024-12-03T15:19:43.959+01:00  INFO 23016 --- [           main] com.zaxxer.hikari.HikariDataSource       : HikariPool-13 - Shutdown completed.
]]></system-out>
  </testcase>
</testsuite>