<?xml version="1.0" encoding="UTF-8"?>
<testsuite xmlns:xsi="http://www.w3.org/2001/XMLSchema-instance" xsi:noNamespaceSchemaLocation="https://maven.apache.org/surefire/maven-surefire-plugin/xsd/surefire-test-report-3.0.xsd" version="3.0" name="com.pineapple.taskmanager.repositories.ProjectRepositoryIntegrationTest" time="1.09" tests="4" errors="0" skipped="0" failures="0">
  <properties>
[...]
</properties>
  <testcase name="testThatMultipleProjectsCanBeCreatedAndRecalled" classname="com.pineapple.taskmanager.repositories.ProjectRepositoryIntegrationTest" time="0.034">
    <system-out><![CDATA[2024-10-03T17:34:36.653+02:00  INFO 42459 --- [           main] t.c.s.AnnotationConfigContextLoaderUtils : Could not detect default configuration classes for test class [com.pineapple.taskmanager.repositories.ProjectRepositoryIntegrationTest]: ProjectRepositoryIntegrationTest does not declare any static, non-private, non-final, nested classes annotated with @Configuration.
2024-10-03T17:34:36.654+02:00  INFO 42459 --- [           main] .b.t.c.SpringBootTestContextBootstrapper : Found @SpringBootConfiguration com.pineapple.taskmanager.TaskmanagerApplication for test class com.pineapple.taskmanager.repositories.ProjectRepositoryIntegrationTest

  .   ____          _            __ _ _
 /\\ / ___'_ __ _ _(_)_ __  __ _ \ \ \ \
( ( )\___ | '_ | '_| | '_ \/ _` | \ \ \ \
 \\/  ___)| |_)| | | | | || (_| |  ) ) ) )
  '  |____| .__|_| |_|_| |_\__, | / / / /
 =========|_|==============|___/=/_/_/_/

 :: Spring Boot ::                (v3.3.4)

2024-10-03T17:34:36.668+02:00  INFO 42459 --- [           main] c.p.t.r.ProjectRepositoryIntegrationTest : Starting ProjectRepositoryIntegrationTest using Java 21.0.4 with PID 42459 (started by master in /home/master/Desktop/PROG/taskmanager)
2024-10-03T17:34:36.668+02:00  INFO 42459 --- [           main] c.p.t.r.ProjectRepositoryIntegrationTest : No active profile set, falling back to 1 default profile: "default"
2024-10-03T17:34:36.727+02:00  INFO 42459 --- [           main] .s.d.r.c.RepositoryConfigurationDelegate : Bootstrapping Spring Data JPA repositories in DEFAULT mode.
2024-10-03T17:34:36.732+02:00  INFO 42459 --- [           main] .s.d.r.c.RepositoryConfigurationDelegate : Finished Spring Data repository scanning in 4 ms. Found 3 JPA repository interfaces.
2024-10-03T17:34:36.766+02:00  INFO 42459 --- [           main] com.zaxxer.hikari.HikariDataSource       : HikariPool-5 - Starting...
2024-10-03T17:34:36.768+02:00  INFO 42459 --- [           main] com.zaxxer.hikari.pool.HikariPool        : HikariPool-5 - Added connection conn25: url=jdbc:h2:mem:testdb user=SA
2024-10-03T17:34:36.768+02:00  INFO 42459 --- [           main] com.zaxxer.hikari.HikariDataSource       : HikariPool-5 - Start completed.
2024-10-03T17:34:36.769+02:00  INFO 42459 --- [           main] o.hibernate.jpa.internal.util.LogHelper  : HHH000204: Processing PersistenceUnitInfo [name: default]
2024-10-03T17:34:36.770+02:00  INFO 42459 --- [           main] o.h.c.internal.RegionFactoryInitiator    : HHH000026: Second-level cache disabled
2024-10-03T17:34:36.774+02:00  INFO 42459 --- [           main] o.s.o.j.p.SpringPersistenceUnitInfo      : No LoadTimeWeaver setup: ignoring JPA class transformer
2024-10-03T17:34:36.840+02:00  INFO 42459 --- [           main] o.h.e.t.j.p.i.JtaPlatformInitiator       : HHH000489: No JTA platform available (set 'hibernate.transaction.jta.platform' to enable JTA platform integration)
2024-10-03T17:34:36.845+02:00  INFO 42459 --- [           main] j.LocalContainerEntityManagerFactoryBean : Initialized JPA EntityManagerFactory for persistence unit 'default'
2024-10-03T17:34:36.860+02:00  WARN 42459 --- [           main] JpaBaseConfiguration$JpaWebConfiguration : spring.jpa.open-in-view is enabled by default. Therefore, database queries may be performed during view rendering. Explicitly configure spring.jpa.open-in-view to disable this warning
2024-10-03T17:34:36.924+02:00  INFO 42459 --- [           main] c.p.t.r.ProjectRepositoryIntegrationTest : Started ProjectRepositoryIntegrationTest in 0.268 seconds (process running for 4.768)
2024-10-03T17:34:36.952+02:00  INFO 42459 --- [           main] j.LocalContainerEntityManagerFactoryBean : Closing JPA EntityManagerFactory for persistence unit 'default'
2024-10-03T17:34:36.953+02:00  INFO 42459 --- [           main] com.zaxxer.hikari.HikariDataSource       : HikariPool-5 - Shutdown initiated...
2024-10-03T17:34:36.961+02:00  INFO 42459 --- [           main] com.zaxxer.hikari.HikariDataSource       : HikariPool-5 - Shutdown completed.
]]></system-out>
  </testcase>
  <testcase name="testThatProjectCanBeCreatedAndRecalled" classname="com.pineapple.taskmanager.repositories.ProjectRepositoryIntegrationTest" time="0.035">
    <system-out><![CDATA[
  .   ____          _            __ _ _
 /\\ / ___'_ __ _ _(_)_ __  __ _ \ \ \ \
( ( )\___ | '_ | '_| | '_ \/ _` | \ \ \ \
 \\/  ___)| |_)| | | | | || (_| |  ) ) ) )
  '  |____| .__|_| |_|_| |_\__, | / / / /
 =========|_|==============|___/=/_/_/_/

 :: Spring Boot ::                (v3.3.4)

2024-10-03T17:34:36.972+02:00  INFO 42459 --- [           main] c.p.t.r.ProjectRepositoryIntegrationTest : Starting ProjectRepositoryIntegrationTest using Java 21.0.4 with PID 42459 (started by master in /home/master/Desktop/PROG/taskmanager)
2024-10-03T17:34:36.973+02:00  INFO 42459 --- [           main] c.p.t.r.ProjectRepositoryIntegrationTest : No active profile set, falling back to 1 default profile: "default"
2024-10-03T17:34:37.027+02:00  INFO 42459 --- [           main] .s.d.r.c.RepositoryConfigurationDelegate : Bootstrapping Spring Data JPA repositories in DEFAULT mode.
2024-10-03T17:34:37.031+02:00  INFO 42459 --- [           main] .s.d.r.c.RepositoryConfigurationDelegate : Finished Spring Data repository scanning in 3 ms. Found 3 JPA repository interfaces.
2024-10-03T17:34:37.069+02:00  INFO 42459 --- [           main] com.zaxxer.hikari.HikariDataSource       : HikariPool-6 - Starting...
2024-10-03T17:34:37.071+02:00  INFO 42459 --- [           main] com.zaxxer.hikari.pool.HikariPool        : HikariPool-6 - Added connection conn29: url=jdbc:h2:mem:testdb user=SA
2024-10-03T17:34:37.072+02:00  INFO 42459 --- [           main] com.zaxxer.hikari.HikariDataSource       : HikariPool-6 - Start completed.
2024-10-03T17:34:37.073+02:00  INFO 42459 --- [           main] o.hibernate.jpa.internal.util.LogHelper  : HHH000204: Processing PersistenceUnitInfo [name: default]
2024-10-03T17:34:37.074+02:00  INFO 42459 --- [           main] o.h.c.internal.RegionFactoryInitiator    : HHH000026: Second-level cache disabled
2024-10-03T17:34:37.079+02:00  INFO 42459 --- [           main] o.s.o.j.p.SpringPersistenceUnitInfo      : No LoadTimeWeaver setup: ignoring JPA class transformer
2024-10-03T17:34:37.122+02:00  INFO 42459 --- [           main] o.h.e.t.j.p.i.JtaPlatformInitiator       : HHH000489: No JTA platform available (set 'hibernate.transaction.jta.platform' to enable JTA platform integration)
2024-10-03T17:34:37.128+02:00  INFO 42459 --- [           main] j.LocalContainerEntityManagerFactoryBean : Initialized JPA EntityManagerFactory for persistence unit 'default'
2024-10-03T17:34:37.142+02:00  WARN 42459 --- [           main] JpaBaseConfiguration$JpaWebConfiguration : spring.jpa.open-in-view is enabled by default. Therefore, database queries may be performed during view rendering. Explicitly configure spring.jpa.open-in-view to disable this warning
2024-10-03T17:34:37.198+02:00  INFO 42459 --- [           main] c.p.t.r.ProjectRepositoryIntegrationTest : Started ProjectRepositoryIntegrationTest in 0.235 seconds (process running for 5.042)
2024-10-03T17:34:37.211+02:00  INFO 42459 --- [           main] j.LocalContainerEntityManagerFactoryBean : Closing JPA EntityManagerFactory for persistence unit 'default'
2024-10-03T17:34:37.213+02:00  INFO 42459 --- [           main] com.zaxxer.hikari.HikariDataSource       : HikariPool-6 - Shutdown initiated...
2024-10-03T17:34:37.234+02:00  INFO 42459 --- [           main] com.zaxxer.hikari.HikariDataSource       : HikariPool-6 - Shutdown completed.
]]></system-out>
  </testcase>
  <testcase name="testThatProjectCanBeUpdated" classname="com.pineapple.taskmanager.repositories.ProjectRepositoryIntegrationTest" time="0.04">
    <system-out><![CDATA[
  .   ____          _            __ _ _
 /\\ / ___'_ __ _ _(_)_ __  __ _ \ \ \ \
( ( )\___ | '_ | '_| | '_ \/ _` | \ \ \ \
 \\/  ___)| |_)| | | | | || (_| |  ) ) ) )
  '  |____| .__|_| |_|_| |_\__, | / / / /
 =========|_|==============|___/=/_/_/_/

 :: Spring Boot ::                (v3.3.4)

2024-10-03T17:34:37.245+02:00  INFO 42459 --- [           main] c.p.t.r.ProjectRepositoryIntegrationTest : Starting ProjectRepositoryIntegrationTest using Java 21.0.4 with PID 42459 (started by master in /home/master/Desktop/PROG/taskmanager)
2024-10-03T17:34:37.245+02:00  INFO 42459 --- [           main] c.p.t.r.ProjectRepositoryIntegrationTest : No active profile set, falling back to 1 default profile: "default"
2024-10-03T17:34:37.303+02:00  INFO 42459 --- [           main] .s.d.r.c.RepositoryConfigurationDelegate : Bootstrapping Spring Data JPA repositories in DEFAULT mode.
2024-10-03T17:34:37.307+02:00  INFO 42459 --- [           main] .s.d.r.c.RepositoryConfigurationDelegate : Finished Spring Data repository scanning in 3 ms. Found 3 JPA repository interfaces.
2024-10-03T17:34:37.342+02:00  INFO 42459 --- [           main] com.zaxxer.hikari.HikariDataSource       : HikariPool-7 - Starting...
2024-10-03T17:34:37.344+02:00  INFO 42459 --- [           main] com.zaxxer.hikari.pool.HikariPool        : HikariPool-7 - Added connection conn32: url=jdbc:h2:mem:testdb user=SA
2024-10-03T17:34:37.344+02:00  INFO 42459 --- [           main] com.zaxxer.hikari.HikariDataSource       : HikariPool-7 - Start completed.
2024-10-03T17:34:37.345+02:00  INFO 42459 --- [           main] o.hibernate.jpa.internal.util.LogHelper  : HHH000204: Processing PersistenceUnitInfo [name: default]
2024-10-03T17:34:37.346+02:00  INFO 42459 --- [           main] o.h.c.internal.RegionFactoryInitiator    : HHH000026: Second-level cache disabled
2024-10-03T17:34:37.350+02:00  INFO 42459 --- [           main] o.s.o.j.p.SpringPersistenceUnitInfo      : No LoadTimeWeaver setup: ignoring JPA class transformer
2024-10-03T17:34:37.391+02:00  INFO 42459 --- [           main] o.h.e.t.j.p.i.JtaPlatformInitiator       : HHH000489: No JTA platform available (set 'hibernate.transaction.jta.platform' to enable JTA platform integration)
2024-10-03T17:34:37.396+02:00  INFO 42459 --- [           main] j.LocalContainerEntityManagerFactoryBean : Initialized JPA EntityManagerFactory for persistence unit 'default'
2024-10-03T17:34:37.412+02:00  WARN 42459 --- [           main] JpaBaseConfiguration$JpaWebConfiguration : spring.jpa.open-in-view is enabled by default. Therefore, database queries may be performed during view rendering. Explicitly configure spring.jpa.open-in-view to disable this warning
2024-10-03T17:34:37.465+02:00  INFO 42459 --- [           main] c.p.t.r.ProjectRepositoryIntegrationTest : Started ProjectRepositoryIntegrationTest in 0.229 seconds (process running for 5.309)
2024-10-03T17:34:37.478+02:00  INFO 42459 --- [           main] j.LocalContainerEntityManagerFactoryBean : Closing JPA EntityManagerFactory for persistence unit 'default'
2024-10-03T17:34:37.480+02:00  INFO 42459 --- [           main] com.zaxxer.hikari.HikariDataSource       : HikariPool-7 - Shutdown initiated...
2024-10-03T17:34:37.506+02:00  INFO 42459 --- [           main] com.zaxxer.hikari.HikariDataSource       : HikariPool-7 - Shutdown completed.
]]></system-out>
  </testcase>
  <testcase name="testThatProjectCanBeDeleted" classname="com.pineapple.taskmanager.repositories.ProjectRepositoryIntegrationTest" time="0.022">
    <system-out><![CDATA[
  .   ____          _            __ _ _
 /\\ / ___'_ __ _ _(_)_ __  __ _ \ \ \ \
( ( )\___ | '_ | '_| | '_ \/ _` | \ \ \ \
 \\/  ___)| |_)| | | | | || (_| |  ) ) ) )
  '  |____| .__|_| |_|_| |_\__, | / / / /
 =========|_|==============|___/=/_/_/_/

 :: Spring Boot ::                (v3.3.4)

2024-10-03T17:34:37.516+02:00  INFO 42459 --- [           main] c.p.t.r.ProjectRepositoryIntegrationTest : Starting ProjectRepositoryIntegrationTest using Java 21.0.4 with PID 42459 (started by master in /home/master/Desktop/PROG/taskmanager)
2024-10-03T17:34:37.517+02:00  INFO 42459 --- [           main] c.p.t.r.ProjectRepositoryIntegrationTest : No active profile set, falling back to 1 default profile: "default"
2024-10-03T17:34:37.565+02:00  INFO 42459 --- [           main] .s.d.r.c.RepositoryConfigurationDelegate : Bootstrapping Spring Data JPA repositories in DEFAULT mode.
2024-10-03T17:34:37.568+02:00  INFO 42459 --- [           main] .s.d.r.c.RepositoryConfigurationDelegate : Finished Spring Data repository scanning in 3 ms. Found 3 JPA repository interfaces.
2024-10-03T17:34:37.605+02:00  INFO 42459 --- [           main] com.zaxxer.hikari.HikariDataSource       : HikariPool-8 - Starting...
2024-10-03T17:34:37.607+02:00  INFO 42459 --- [           main] com.zaxxer.hikari.pool.HikariPool        : HikariPool-8 - Added connection conn35: url=jdbc:h2:mem:testdb user=SA
2024-10-03T17:34:37.607+02:00  INFO 42459 --- [           main] com.zaxxer.hikari.HikariDataSource       : HikariPool-8 - Start completed.
2024-10-03T17:34:37.608+02:00  INFO 42459 --- [           main] o.hibernate.jpa.internal.util.LogHelper  : HHH000204: Processing PersistenceUnitInfo [name: default]
2024-10-03T17:34:37.609+02:00  INFO 42459 --- [           main] o.h.c.internal.RegionFactoryInitiator    : HHH000026: Second-level cache disabled
2024-10-03T17:34:37.613+02:00  INFO 42459 --- [           main] o.s.o.j.p.SpringPersistenceUnitInfo      : No LoadTimeWeaver setup: ignoring JPA class transformer
2024-10-03T17:34:37.649+02:00  INFO 42459 --- [           main] o.h.e.t.j.p.i.JtaPlatformInitiator       : HHH000489: No JTA platform available (set 'hibernate.transaction.jta.platform' to enable JTA platform integration)
2024-10-03T17:34:37.653+02:00  INFO 42459 --- [           main] j.LocalContainerEntityManagerFactoryBean : Initialized JPA EntityManagerFactory for persistence unit 'default'
2024-10-03T17:34:37.666+02:00  WARN 42459 --- [           main] JpaBaseConfiguration$JpaWebConfiguration : spring.jpa.open-in-view is enabled by default. Therefore, database queries may be performed during view rendering. Explicitly configure spring.jpa.open-in-view to disable this warning
2024-10-03T17:34:37.716+02:00  INFO 42459 --- [           main] c.p.t.r.ProjectRepositoryIntegrationTest : Started ProjectRepositoryIntegrationTest in 0.208 seconds (process running for 5.56)
2024-10-03T17:34:37.728+02:00  INFO 42459 --- [           main] j.LocalContainerEntityManagerFactoryBean : Closing JPA EntityManagerFactory for persistence unit 'default'
2024-10-03T17:34:37.729+02:00  INFO 42459 --- [           main] com.zaxxer.hikari.HikariDataSource       : HikariPool-8 - Shutdown initiated...
2024-10-03T17:34:37.739+02:00  INFO 42459 --- [           main] com.zaxxer.hikari.HikariDataSource       : HikariPool-8 - Shutdown completed.
]]></system-out>
  </testcase>
</testsuite>