<?xml version="1.0" encoding="UTF-8"?>
<testsuite xmlns:xsi="http://www.w3.org/2001/XMLSchema-instance" xsi:noNamespaceSchemaLocation="https://maven.apache.org/surefire/maven-surefire-plugin/xsd/surefire-test-report-3.0.xsd" version="3.0" name="com.pineapple.taskmanager.controllers.TaskControllerIntegrationTests" time="2.813" tests="13" errors="0" skipped="0" failures="0">
  <properties>
[...]
</properties>
  <testcase name="testThatDeleteTaskReturnsHttpStatus204IfUserExist" classname="com.pineapple.taskmanager.controllers.TaskControllerIntegrationTests" time="0.035">
    <system-out><![CDATA[2024-12-03T15:19:43.964+01:00  INFO 23016 --- [           main] t.c.s.AnnotationConfigContextLoaderUtils : Could not detect default configuration classes for test class [com.pineapple.taskmanager.controllers.TaskControllerIntegrationTests]: TaskControllerIntegrationTests does not declare any static, non-private, non-final, nested classes annotated with @Configuration.
2024-12-03T15:19:43.966+01:00  INFO 23016 --- [           main] .b.t.c.SpringBootTestContextBootstrapper : Found @SpringBootConfiguration com.pineapple.taskmanager.TaskmanagerApplication for test class com.pineapple.taskmanager.controllers.TaskControllerIntegrationTests

  .   ____          _            __ _ _
 /\\ / ___'_ __ _ _(_)_ __  __ _ \ \ \ \
( ( )\___ | '_ | '_| | '_ \/ _` | \ \ \ \
 \\/  ___)| |_)| | | | | || (_| |  ) ) ) )
  '  |____| .__|_| |_|_| |_\__, | / / / /
 =========|_|==============|___/=/_/_/_/

 :: Spring Boot ::                (v3.3.4)

2024-12-03T15:19:43.977+01:00  INFO 23016 --- [           main] c.p.t.c.TaskControllerIntegrationTests   : Starting TaskControllerIntegrationTests using Java 21.0.1 with PID 23016 (started by milky in C:\Users\milky\OneDrive\Skrivbord\PROG-PROJECT\spring\taskmanager)
2024-12-03T15:19:43.977+01:00  INFO 23016 --- [           main] c.p.t.c.TaskControllerIntegrationTests   : No active profile set, falling back to 1 default profile: "default"
2024-12-03T15:19:44.057+01:00  INFO 23016 --- [           main] .s.d.r.c.RepositoryConfigurationDelegate : Bootstrapping Spring Data JPA repositories in DEFAULT mode.
2024-12-03T15:19:44.066+01:00  INFO 23016 --- [           main] .s.d.r.c.RepositoryConfigurationDelegate : Finished Spring Data repository scanning in 9 ms. Found 3 JPA repository interfaces.
2024-12-03T15:19:44.087+01:00  INFO 23016 --- [           main] com.zaxxer.hikari.HikariDataSource       : HikariPool-14 - Starting...
2024-12-03T15:19:44.088+01:00  INFO 23016 --- [           main] com.zaxxer.hikari.pool.HikariPool        : HikariPool-14 - Added connection conn39: url=jdbc:h2:mem:testdb user=SA
2024-12-03T15:19:44.088+01:00  INFO 23016 --- [           main] com.zaxxer.hikari.HikariDataSource       : HikariPool-14 - Start completed.
2024-12-03T15:19:44.089+01:00  INFO 23016 --- [           main] o.hibernate.jpa.internal.util.LogHelper  : HHH000204: Processing PersistenceUnitInfo [name: default]
2024-12-03T15:19:44.090+01:00  INFO 23016 --- [           main] o.h.c.internal.RegionFactoryInitiator    : HHH000026: Second-level cache disabled
2024-12-03T15:19:44.094+01:00  INFO 23016 --- [           main] o.s.o.j.p.SpringPersistenceUnitInfo      : No LoadTimeWeaver setup: ignoring JPA class transformer
2024-12-03T15:19:44.120+01:00  INFO 23016 --- [           main] o.h.e.t.j.p.i.JtaPlatformInitiator       : HHH000489: No JTA platform available (set 'hibernate.transaction.jta.platform' to enable JTA platform integration)
2024-12-03T15:19:44.123+01:00  INFO 23016 --- [           main] j.LocalContainerEntityManagerFactoryBean : Initialized JPA EntityManagerFactory for persistence unit 'default'
2024-12-03T15:19:44.144+01:00  WARN 23016 --- [           main] JpaBaseConfiguration$JpaWebConfiguration : spring.jpa.open-in-view is enabled by default. Therefore, database queries may be performed during view rendering. Explicitly configure spring.jpa.open-in-view to disable this warning
2024-12-03T15:19:44.182+01:00  INFO 23016 --- [           main] o.s.b.t.m.w.SpringBootMockServletContext : Initializing Spring TestDispatcherServlet ''
2024-12-03T15:19:44.182+01:00  INFO 23016 --- [           main] o.s.t.web.servlet.TestDispatcherServlet  : Initializing Servlet ''
2024-12-03T15:19:44.182+01:00  INFO 23016 --- [           main] o.s.t.web.servlet.TestDispatcherServlet  : Completed initialization in 0 ms
2024-12-03T15:19:44.184+01:00  INFO 23016 --- [           main] c.p.t.c.TaskControllerIntegrationTests   : Started TaskControllerIntegrationTests in 0.215 seconds (process running for 8.762)
2024-12-03T15:19:44.203+01:00  INFO 23016 --- [           main] j.LocalContainerEntityManagerFactoryBean : Closing JPA EntityManagerFactory for persistence unit 'default'
2024-12-03T15:19:44.204+01:00  INFO 23016 --- [           main] com.zaxxer.hikari.HikariDataSource       : HikariPool-14 - Shutdown initiated...
2024-12-03T15:19:44.220+01:00  INFO 23016 --- [           main] com.zaxxer.hikari.HikariDataSource       : HikariPool-14 - Shutdown completed.
]]></system-out>
  </testcase>
  <testcase name="testThatCreateTaskReturnsSavedAuthor" classname="com.pineapple.taskmanager.controllers.TaskControllerIntegrationTests" time="0.054">
    <system-out><![CDATA[
  .   ____          _            __ _ _
 /\\ / ___'_ __ _ _(_)_ __  __ _ \ \ \ \
( ( )\___ | '_ | '_| | '_ \/ _` | \ \ \ \
 \\/  ___)| |_)| | | | | || (_| |  ) ) ) )
  '  |____| .__|_| |_|_| |_\__, | / / / /
 =========|_|==============|___/=/_/_/_/

 :: Spring Boot ::                (v3.3.4)

2024-12-03T15:19:44.232+01:00  INFO 23016 --- [           main] c.p.t.c.TaskControllerIntegrationTests   : Starting TaskControllerIntegrationTests using Java 21.0.1 with PID 23016 (started by milky in C:\Users\milky\OneDrive\Skrivbord\PROG-PROJECT\spring\taskmanager)
2024-12-03T15:19:44.232+01:00  INFO 23016 --- [           main] c.p.t.c.TaskControllerIntegrationTests   : No active profile set, falling back to 1 default profile: "default"
2024-12-03T15:19:44.308+01:00  INFO 23016 --- [           main] .s.d.r.c.RepositoryConfigurationDelegate : Bootstrapping Spring Data JPA repositories in DEFAULT mode.
2024-12-03T15:19:44.317+01:00  INFO 23016 --- [           main] .s.d.r.c.RepositoryConfigurationDelegate : Finished Spring Data repository scanning in 9 ms. Found 3 JPA repository interfaces.
2024-12-03T15:19:44.343+01:00  INFO 23016 --- [           main] com.zaxxer.hikari.HikariDataSource       : HikariPool-15 - Starting...
2024-12-03T15:19:44.345+01:00  INFO 23016 --- [           main] com.zaxxer.hikari.pool.HikariPool        : HikariPool-15 - Added connection conn41: url=jdbc:h2:mem:testdb user=SA
2024-12-03T15:19:44.345+01:00  INFO 23016 --- [           main] com.zaxxer.hikari.HikariDataSource       : HikariPool-15 - Start completed.
2024-12-03T15:19:44.346+01:00  INFO 23016 --- [           main] o.hibernate.jpa.internal.util.LogHelper  : HHH000204: Processing PersistenceUnitInfo [name: default]
2024-12-03T15:19:44.347+01:00  INFO 23016 --- [           main] o.h.c.internal.RegionFactoryInitiator    : HHH000026: Second-level cache disabled
2024-12-03T15:19:44.351+01:00  INFO 23016 --- [           main] o.s.o.j.p.SpringPersistenceUnitInfo      : No LoadTimeWeaver setup: ignoring JPA class transformer
2024-12-03T15:19:44.386+01:00  INFO 23016 --- [           main] o.h.e.t.j.p.i.JtaPlatformInitiator       : HHH000489: No JTA platform available (set 'hibernate.transaction.jta.platform' to enable JTA platform integration)
2024-12-03T15:19:44.389+01:00  INFO 23016 --- [           main] j.LocalContainerEntityManagerFactoryBean : Initialized JPA EntityManagerFactory for persistence unit 'default'
2024-12-03T15:19:44.409+01:00  WARN 23016 --- [           main] JpaBaseConfiguration$JpaWebConfiguration : spring.jpa.open-in-view is enabled by default. Therefore, database queries may be performed during view rendering. Explicitly configure spring.jpa.open-in-view to disable this warning
2024-12-03T15:19:44.441+01:00  INFO 23016 --- [           main] o.s.b.t.m.w.SpringBootMockServletContext : Initializing Spring TestDispatcherServlet ''
2024-12-03T15:19:44.441+01:00  INFO 23016 --- [           main] o.s.t.web.servlet.TestDispatcherServlet  : Initializing Servlet ''
2024-12-03T15:19:44.441+01:00  INFO 23016 --- [           main] o.s.t.web.servlet.TestDispatcherServlet  : Completed initialization in 0 ms
2024-12-03T15:19:44.445+01:00  INFO 23016 --- [           main] c.p.t.c.TaskControllerIntegrationTests   : Started TaskControllerIntegrationTests in 0.223 seconds (process running for 9.023)
2024-12-03T15:19:44.460+01:00  INFO 23016 --- [           main] j.LocalContainerEntityManagerFactoryBean : Closing JPA EntityManagerFactory for persistence unit 'default'
2024-12-03T15:19:44.461+01:00  INFO 23016 --- [           main] com.zaxxer.hikari.HikariDataSource       : HikariPool-15 - Shutdown initiated...
2024-12-03T15:19:44.500+01:00  INFO 23016 --- [           main] com.zaxxer.hikari.HikariDataSource       : HikariPool-15 - Shutdown completed.
]]></system-out>
  </testcase>
  <testcase name="testThatGetTaskReturnsHttpStatus404IfUserDontExist" classname="com.pineapple.taskmanager.controllers.TaskControllerIntegrationTests" time="0.008">
    <system-out><![CDATA[
  .   ____          _            __ _ _
 /\\ / ___'_ __ _ _(_)_ __  __ _ \ \ \ \
( ( )\___ | '_ | '_| | '_ \/ _` | \ \ \ \
 \\/  ___)| |_)| | | | | || (_| |  ) ) ) )
  '  |____| .__|_| |_|_| |_\__, | / / / /
 =========|_|==============|___/=/_/_/_/

 :: Spring Boot ::                (v3.3.4)

2024-12-03T15:19:44.512+01:00  INFO 23016 --- [           main] c.p.t.c.TaskControllerIntegrationTests   : Starting TaskControllerIntegrationTests using Java 21.0.1 with PID 23016 (started by milky in C:\Users\milky\OneDrive\Skrivbord\PROG-PROJECT\spring\taskmanager)
2024-12-03T15:19:44.512+01:00  INFO 23016 --- [           main] c.p.t.c.TaskControllerIntegrationTests   : No active profile set, falling back to 1 default profile: "default"
2024-12-03T15:19:44.572+01:00  INFO 23016 --- [           main] .s.d.r.c.RepositoryConfigurationDelegate : Bootstrapping Spring Data JPA repositories in DEFAULT mode.
2024-12-03T15:19:44.580+01:00  INFO 23016 --- [           main] .s.d.r.c.RepositoryConfigurationDelegate : Finished Spring Data repository scanning in 8 ms. Found 3 JPA repository interfaces.
2024-12-03T15:19:44.602+01:00  INFO 23016 --- [           main] com.zaxxer.hikari.HikariDataSource       : HikariPool-16 - Starting...
2024-12-03T15:19:44.603+01:00  INFO 23016 --- [           main] com.zaxxer.hikari.pool.HikariPool        : HikariPool-16 - Added connection conn43: url=jdbc:h2:mem:testdb user=SA
2024-12-03T15:19:44.603+01:00  INFO 23016 --- [           main] com.zaxxer.hikari.HikariDataSource       : HikariPool-16 - Start completed.
2024-12-03T15:19:44.604+01:00  INFO 23016 --- [           main] o.hibernate.jpa.internal.util.LogHelper  : HHH000204: Processing PersistenceUnitInfo [name: default]
2024-12-03T15:19:44.605+01:00  INFO 23016 --- [           main] o.h.c.internal.RegionFactoryInitiator    : HHH000026: Second-level cache disabled
2024-12-03T15:19:44.609+01:00  INFO 23016 --- [           main] o.s.o.j.p.SpringPersistenceUnitInfo      : No LoadTimeWeaver setup: ignoring JPA class transformer
2024-12-03T15:19:44.633+01:00  INFO 23016 --- [           main] o.h.e.t.j.p.i.JtaPlatformInitiator       : HHH000489: No JTA platform available (set 'hibernate.transaction.jta.platform' to enable JTA platform integration)
2024-12-03T15:19:44.636+01:00  INFO 23016 --- [           main] j.LocalContainerEntityManagerFactoryBean : Initialized JPA EntityManagerFactory for persistence unit 'default'
2024-12-03T15:19:44.653+01:00  WARN 23016 --- [           main] JpaBaseConfiguration$JpaWebConfiguration : spring.jpa.open-in-view is enabled by default. Therefore, database queries may be performed during view rendering. Explicitly configure spring.jpa.open-in-view to disable this warning
2024-12-03T15:19:44.678+01:00  INFO 23016 --- [           main] o.s.b.t.m.w.SpringBootMockServletContext : Initializing Spring TestDispatcherServlet ''
2024-12-03T15:19:44.678+01:00  INFO 23016 --- [           main] o.s.t.web.servlet.TestDispatcherServlet  : Initializing Servlet ''
2024-12-03T15:19:44.679+01:00  INFO 23016 --- [           main] o.s.t.web.servlet.TestDispatcherServlet  : Completed initialization in 1 ms
2024-12-03T15:19:44.681+01:00  INFO 23016 --- [           main] c.p.t.c.TaskControllerIntegrationTests   : Started TaskControllerIntegrationTests in 0.179 seconds (process running for 9.259)
2024-12-03T15:19:44.688+01:00  INFO 23016 --- [           main] j.LocalContainerEntityManagerFactoryBean : Closing JPA EntityManagerFactory for persistence unit 'default'
2024-12-03T15:19:44.689+01:00  INFO 23016 --- [           main] com.zaxxer.hikari.HikariDataSource       : HikariPool-16 - Shutdown initiated...
2024-12-03T15:19:44.689+01:00  INFO 23016 --- [           main] com.zaxxer.hikari.HikariDataSource       : HikariPool-16 - Shutdown completed.
]]></system-out>
  </testcase>
  <testcase name="testThatListTasksReturnsHttpStatus200" classname="com.pineapple.taskmanager.controllers.TaskControllerIntegrationTests" time="0.012">
    <system-out><![CDATA[
  .   ____          _            __ _ _
 /\\ / ___'_ __ _ _(_)_ __  __ _ \ \ \ \
( ( )\___ | '_ | '_| | '_ \/ _` | \ \ \ \
 \\/  ___)| |_)| | | | | || (_| |  ) ) ) )
  '  |____| .__|_| |_|_| |_\__, | / / / /
 =========|_|==============|___/=/_/_/_/

 :: Spring Boot ::                (v3.3.4)

2024-12-03T15:19:44.699+01:00  INFO 23016 --- [           main] c.p.t.c.TaskControllerIntegrationTests   : Starting TaskControllerIntegrationTests using Java 21.0.1 with PID 23016 (started by milky in C:\Users\milky\OneDrive\Skrivbord\PROG-PROJECT\spring\taskmanager)
2024-12-03T15:19:44.699+01:00  INFO 23016 --- [           main] c.p.t.c.TaskControllerIntegrationTests   : No active profile set, falling back to 1 default profile: "default"
2024-12-03T15:19:44.756+01:00  INFO 23016 --- [           main] .s.d.r.c.RepositoryConfigurationDelegate : Bootstrapping Spring Data JPA repositories in DEFAULT mode.
2024-12-03T15:19:44.764+01:00  INFO 23016 --- [           main] .s.d.r.c.RepositoryConfigurationDelegate : Finished Spring Data repository scanning in 7 ms. Found 3 JPA repository interfaces.
2024-12-03T15:19:44.783+01:00  INFO 23016 --- [           main] com.zaxxer.hikari.HikariDataSource       : HikariPool-17 - Starting...
2024-12-03T15:19:44.784+01:00  INFO 23016 --- [           main] com.zaxxer.hikari.pool.HikariPool        : HikariPool-17 - Added connection conn44: url=jdbc:h2:mem:testdb user=SA
2024-12-03T15:19:44.784+01:00  INFO 23016 --- [           main] com.zaxxer.hikari.HikariDataSource       : HikariPool-17 - Start completed.
2024-12-03T15:19:44.784+01:00  INFO 23016 --- [           main] o.hibernate.jpa.internal.util.LogHelper  : HHH000204: Processing PersistenceUnitInfo [name: default]
2024-12-03T15:19:44.786+01:00  INFO 23016 --- [           main] o.h.c.internal.RegionFactoryInitiator    : HHH000026: Second-level cache disabled
2024-12-03T15:19:44.789+01:00  INFO 23016 --- [           main] o.s.o.j.p.SpringPersistenceUnitInfo      : No LoadTimeWeaver setup: ignoring JPA class transformer
2024-12-03T15:19:44.810+01:00  INFO 23016 --- [           main] o.h.e.t.j.p.i.JtaPlatformInitiator       : HHH000489: No JTA platform available (set 'hibernate.transaction.jta.platform' to enable JTA platform integration)
2024-12-03T15:19:44.813+01:00  INFO 23016 --- [           main] j.LocalContainerEntityManagerFactoryBean : Initialized JPA EntityManagerFactory for persistence unit 'default'
2024-12-03T15:19:44.828+01:00  WARN 23016 --- [           main] JpaBaseConfiguration$JpaWebConfiguration : spring.jpa.open-in-view is enabled by default. Therefore, database queries may be performed during view rendering. Explicitly configure spring.jpa.open-in-view to disable this warning
2024-12-03T15:19:44.853+01:00  INFO 23016 --- [           main] o.s.b.t.m.w.SpringBootMockServletContext : Initializing Spring TestDispatcherServlet ''
2024-12-03T15:19:44.853+01:00  INFO 23016 --- [           main] o.s.t.web.servlet.TestDispatcherServlet  : Initializing Servlet ''
2024-12-03T15:19:44.853+01:00  INFO 23016 --- [           main] o.s.t.web.servlet.TestDispatcherServlet  : Completed initialization in 0 ms
2024-12-03T15:19:44.854+01:00  INFO 23016 --- [           main] c.p.t.c.TaskControllerIntegrationTests   : Started TaskControllerIntegrationTests in 0.163 seconds (process running for 9.433)
2024-12-03T15:19:44.862+01:00  WARN 23016 --- [           main] ration$PageModule$WarningLoggingModifier : Serializing PageImpl instances as-is is not supported, meaning that there is no guarantee about the stability of the resulting JSON structure!
	For a stable JSON structure, please use Spring Data's PagedModel (globally via @EnableSpringDataWebSupport(pageSerializationMode = VIA_DTO))
	or Spring HATEOAS and Spring Data's PagedResourcesAssembler as documented in https://docs.spring.io/spring-data/commons/reference/repositories/core-extensions.html#core.web.pageables.

2024-12-03T15:19:44.865+01:00  INFO 23016 --- [           main] j.LocalContainerEntityManagerFactoryBean : Closing JPA EntityManagerFactory for persistence unit 'default'
2024-12-03T15:19:44.866+01:00  INFO 23016 --- [           main] com.zaxxer.hikari.HikariDataSource       : HikariPool-17 - Shutdown initiated...
2024-12-03T15:19:44.867+01:00  INFO 23016 --- [           main] com.zaxxer.hikari.HikariDataSource       : HikariPool-17 - Shutdown completed.
]]></system-out>
  </testcase>
  <testcase name="testThatDeleteTaskReturnsHttpStatus204IfUserDontExist" classname="com.pineapple.taskmanager.controllers.TaskControllerIntegrationTests" time="0.008">
    <system-out><![CDATA[
  .   ____          _            __ _ _
 /\\ / ___'_ __ _ _(_)_ __  __ _ \ \ \ \
( ( )\___ | '_ | '_| | '_ \/ _` | \ \ \ \
 \\/  ___)| |_)| | | | | || (_| |  ) ) ) )
  '  |____| .__|_| |_|_| |_\__, | / / / /
 =========|_|==============|___/=/_/_/_/

 :: Spring Boot ::                (v3.3.4)

2024-12-03T15:19:44.876+01:00  INFO 23016 --- [           main] c.p.t.c.TaskControllerIntegrationTests   : Starting TaskControllerIntegrationTests using Java 21.0.1 with PID 23016 (started by milky in C:\Users\milky\OneDrive\Skrivbord\PROG-PROJECT\spring\taskmanager)
2024-12-03T15:19:44.876+01:00  INFO 23016 --- [           main] c.p.t.c.TaskControllerIntegrationTests   : No active profile set, falling back to 1 default profile: "default"
2024-12-03T15:19:44.933+01:00  INFO 23016 --- [           main] .s.d.r.c.RepositoryConfigurationDelegate : Bootstrapping Spring Data JPA repositories in DEFAULT mode.
2024-12-03T15:19:44.942+01:00  INFO 23016 --- [           main] .s.d.r.c.RepositoryConfigurationDelegate : Finished Spring Data repository scanning in 7 ms. Found 3 JPA repository interfaces.
2024-12-03T15:19:44.960+01:00  INFO 23016 --- [           main] com.zaxxer.hikari.HikariDataSource       : HikariPool-18 - Starting...
2024-12-03T15:19:44.962+01:00  INFO 23016 --- [           main] com.zaxxer.hikari.pool.HikariPool        : HikariPool-18 - Added connection conn45: url=jdbc:h2:mem:testdb user=SA
2024-12-03T15:19:44.962+01:00  INFO 23016 --- [           main] com.zaxxer.hikari.HikariDataSource       : HikariPool-18 - Start completed.
2024-12-03T15:19:44.962+01:00  INFO 23016 --- [           main] o.hibernate.jpa.internal.util.LogHelper  : HHH000204: Processing PersistenceUnitInfo [name: default]
2024-12-03T15:19:44.963+01:00  INFO 23016 --- [           main] o.h.c.internal.RegionFactoryInitiator    : HHH000026: Second-level cache disabled
2024-12-03T15:19:44.967+01:00  INFO 23016 --- [           main] o.s.o.j.p.SpringPersistenceUnitInfo      : No LoadTimeWeaver setup: ignoring JPA class transformer
2024-12-03T15:19:44.986+01:00  INFO 23016 --- [           main] o.h.e.t.j.p.i.JtaPlatformInitiator       : HHH000489: No JTA platform available (set 'hibernate.transaction.jta.platform' to enable JTA platform integration)
2024-12-03T15:19:44.988+01:00  INFO 23016 --- [           main] j.LocalContainerEntityManagerFactoryBean : Initialized JPA EntityManagerFactory for persistence unit 'default'
2024-12-03T15:19:45.005+01:00  WARN 23016 --- [           main] JpaBaseConfiguration$JpaWebConfiguration : spring.jpa.open-in-view is enabled by default. Therefore, database queries may be performed during view rendering. Explicitly configure spring.jpa.open-in-view to disable this warning
2024-12-03T15:19:45.029+01:00  INFO 23016 --- [           main] o.s.b.t.m.w.SpringBootMockServletContext : Initializing Spring TestDispatcherServlet ''
2024-12-03T15:19:45.029+01:00  INFO 23016 --- [           main] o.s.t.web.servlet.TestDispatcherServlet  : Initializing Servlet ''
2024-12-03T15:19:45.029+01:00  INFO 23016 --- [           main] o.s.t.web.servlet.TestDispatcherServlet  : Completed initialization in 0 ms
2024-12-03T15:19:45.031+01:00  INFO 23016 --- [           main] c.p.t.c.TaskControllerIntegrationTests   : Started TaskControllerIntegrationTests in 0.163 seconds (process running for 9.61)
2024-12-03T15:19:45.038+01:00  INFO 23016 --- [           main] j.LocalContainerEntityManagerFactoryBean : Closing JPA EntityManagerFactory for persistence unit 'default'
2024-12-03T15:19:45.039+01:00  INFO 23016 --- [           main] com.zaxxer.hikari.HikariDataSource       : HikariPool-18 - Shutdown initiated...
2024-12-03T15:19:45.040+01:00  INFO 23016 --- [           main] com.zaxxer.hikari.HikariDataSource       : HikariPool-18 - Shutdown completed.
]]></system-out>
  </testcase>
  <testcase name="testThatPartialUpdateTaskReturnsHttpStatus200IfUserExists" classname="com.pineapple.taskmanager.controllers.TaskControllerIntegrationTests" time="0.027">
    <system-out><![CDATA[
  .   ____          _            __ _ _
 /\\ / ___'_ __ _ _(_)_ __  __ _ \ \ \ \
( ( )\___ | '_ | '_| | '_ \/ _` | \ \ \ \
 \\/  ___)| |_)| | | | | || (_| |  ) ) ) )
  '  |____| .__|_| |_|_| |_\__, | / / / /
 =========|_|==============|___/=/_/_/_/

 :: Spring Boot ::                (v3.3.4)

2024-12-03T15:19:45.050+01:00  INFO 23016 --- [           main] c.p.t.c.TaskControllerIntegrationTests   : Starting TaskControllerIntegrationTests using Java 21.0.1 with PID 23016 (started by milky in C:\Users\milky\OneDrive\Skrivbord\PROG-PROJECT\spring\taskmanager)
2024-12-03T15:19:45.050+01:00  INFO 23016 --- [           main] c.p.t.c.TaskControllerIntegrationTests   : No active profile set, falling back to 1 default profile: "default"
2024-12-03T15:19:45.108+01:00  INFO 23016 --- [           main] .s.d.r.c.RepositoryConfigurationDelegate : Bootstrapping Spring Data JPA repositories in DEFAULT mode.
2024-12-03T15:19:45.115+01:00  INFO 23016 --- [           main] .s.d.r.c.RepositoryConfigurationDelegate : Finished Spring Data repository scanning in 7 ms. Found 3 JPA repository interfaces.
2024-12-03T15:19:45.135+01:00  INFO 23016 --- [           main] com.zaxxer.hikari.HikariDataSource       : HikariPool-19 - Starting...
2024-12-03T15:19:45.136+01:00  INFO 23016 --- [           main] com.zaxxer.hikari.pool.HikariPool        : HikariPool-19 - Added connection conn46: url=jdbc:h2:mem:testdb user=SA
2024-12-03T15:19:45.136+01:00  INFO 23016 --- [           main] com.zaxxer.hikari.HikariDataSource       : HikariPool-19 - Start completed.
2024-12-03T15:19:45.136+01:00  INFO 23016 --- [           main] o.hibernate.jpa.internal.util.LogHelper  : HHH000204: Processing PersistenceUnitInfo [name: default]
2024-12-03T15:19:45.138+01:00  INFO 23016 --- [           main] o.h.c.internal.RegionFactoryInitiator    : HHH000026: Second-level cache disabled
2024-12-03T15:19:45.143+01:00  INFO 23016 --- [           main] o.s.o.j.p.SpringPersistenceUnitInfo      : No LoadTimeWeaver setup: ignoring JPA class transformer
2024-12-03T15:19:45.165+01:00  INFO 23016 --- [           main] o.h.e.t.j.p.i.JtaPlatformInitiator       : HHH000489: No JTA platform available (set 'hibernate.transaction.jta.platform' to enable JTA platform integration)
2024-12-03T15:19:45.169+01:00  INFO 23016 --- [           main] j.LocalContainerEntityManagerFactoryBean : Initialized JPA EntityManagerFactory for persistence unit 'default'
2024-12-03T15:19:45.186+01:00  WARN 23016 --- [           main] JpaBaseConfiguration$JpaWebConfiguration : spring.jpa.open-in-view is enabled by default. Therefore, database queries may be performed during view rendering. Explicitly configure spring.jpa.open-in-view to disable this warning
2024-12-03T15:19:45.211+01:00  INFO 23016 --- [           main] o.s.b.t.m.w.SpringBootMockServletContext : Initializing Spring TestDispatcherServlet ''
2024-12-03T15:19:45.211+01:00  INFO 23016 --- [           main] o.s.t.web.servlet.TestDispatcherServlet  : Initializing Servlet ''
2024-12-03T15:19:45.211+01:00  INFO 23016 --- [           main] o.s.t.web.servlet.TestDispatcherServlet  : Completed initialization in 0 ms
2024-12-03T15:19:45.214+01:00  INFO 23016 --- [           main] c.p.t.c.TaskControllerIntegrationTests   : Started TaskControllerIntegrationTests in 0.173 seconds (process running for 9.792)
2024-12-03T15:19:45.240+01:00  INFO 23016 --- [           main] j.LocalContainerEntityManagerFactoryBean : Closing JPA EntityManagerFactory for persistence unit 'default'
2024-12-03T15:19:45.241+01:00  INFO 23016 --- [           main] com.zaxxer.hikari.HikariDataSource       : HikariPool-19 - Shutdown initiated...
2024-12-03T15:19:45.241+01:00  INFO 23016 --- [           main] com.zaxxer.hikari.HikariDataSource       : HikariPool-19 - Shutdown completed.
]]></system-out>
  </testcase>
  <testcase name="testThatListTasksReturnsListOfTasks" classname="com.pineapple.taskmanager.controllers.TaskControllerIntegrationTests" time="0.014">
    <system-out><![CDATA[
  .   ____          _            __ _ _
 /\\ / ___'_ __ _ _(_)_ __  __ _ \ \ \ \
( ( )\___ | '_ | '_| | '_ \/ _` | \ \ \ \
 \\/  ___)| |_)| | | | | || (_| |  ) ) ) )
  '  |____| .__|_| |_|_| |_\__, | / / / /
 =========|_|==============|___/=/_/_/_/

 :: Spring Boot ::                (v3.3.4)

2024-12-03T15:19:45.253+01:00  INFO 23016 --- [           main] c.p.t.c.TaskControllerIntegrationTests   : Starting TaskControllerIntegrationTests using Java 21.0.1 with PID 23016 (started by milky in C:\Users\milky\OneDrive\Skrivbord\PROG-PROJECT\spring\taskmanager)
2024-12-03T15:19:45.255+01:00  INFO 23016 --- [           main] c.p.t.c.TaskControllerIntegrationTests   : No active profile set, falling back to 1 default profile: "default"
2024-12-03T15:19:45.328+01:00  INFO 23016 --- [           main] .s.d.r.c.RepositoryConfigurationDelegate : Bootstrapping Spring Data JPA repositories in DEFAULT mode.
2024-12-03T15:19:45.336+01:00  INFO 23016 --- [           main] .s.d.r.c.RepositoryConfigurationDelegate : Finished Spring Data repository scanning in 8 ms. Found 3 JPA repository interfaces.
2024-12-03T15:19:45.355+01:00  INFO 23016 --- [           main] com.zaxxer.hikari.HikariDataSource       : HikariPool-20 - Starting...
2024-12-03T15:19:45.356+01:00  INFO 23016 --- [           main] com.zaxxer.hikari.pool.HikariPool        : HikariPool-20 - Added connection conn47: url=jdbc:h2:mem:testdb user=SA
2024-12-03T15:19:45.356+01:00  INFO 23016 --- [           main] com.zaxxer.hikari.HikariDataSource       : HikariPool-20 - Start completed.
2024-12-03T15:19:45.357+01:00  INFO 23016 --- [           main] o.hibernate.jpa.internal.util.LogHelper  : HHH000204: Processing PersistenceUnitInfo [name: default]
2024-12-03T15:19:45.358+01:00  INFO 23016 --- [           main] o.h.c.internal.RegionFactoryInitiator    : HHH000026: Second-level cache disabled
2024-12-03T15:19:45.361+01:00  INFO 23016 --- [           main] o.s.o.j.p.SpringPersistenceUnitInfo      : No LoadTimeWeaver setup: ignoring JPA class transformer
2024-12-03T15:19:45.383+01:00  INFO 23016 --- [           main] o.h.e.t.j.p.i.JtaPlatformInitiator       : HHH000489: No JTA platform available (set 'hibernate.transaction.jta.platform' to enable JTA platform integration)
2024-12-03T15:19:45.385+01:00  INFO 23016 --- [           main] j.LocalContainerEntityManagerFactoryBean : Initialized JPA EntityManagerFactory for persistence unit 'default'
2024-12-03T15:19:45.402+01:00  WARN 23016 --- [           main] JpaBaseConfiguration$JpaWebConfiguration : spring.jpa.open-in-view is enabled by default. Therefore, database queries may be performed during view rendering. Explicitly configure spring.jpa.open-in-view to disable this warning
2024-12-03T15:19:45.429+01:00  INFO 23016 --- [           main] o.s.b.t.m.w.SpringBootMockServletContext : Initializing Spring TestDispatcherServlet ''
2024-12-03T15:19:45.430+01:00  INFO 23016 --- [           main] o.s.t.web.servlet.TestDispatcherServlet  : Initializing Servlet ''
2024-12-03T15:19:45.430+01:00  INFO 23016 --- [           main] o.s.t.web.servlet.TestDispatcherServlet  : Completed initialization in 0 ms
2024-12-03T15:19:45.432+01:00  INFO 23016 --- [           main] c.p.t.c.TaskControllerIntegrationTests   : Started TaskControllerIntegrationTests in 0.189 seconds (process running for 10.01)
2024-12-03T15:19:45.442+01:00  WARN 23016 --- [           main] ration$PageModule$WarningLoggingModifier : Serializing PageImpl instances as-is is not supported, meaning that there is no guarantee about the stability of the resulting JSON structure!
	For a stable JSON structure, please use Spring Data's PagedModel (globally via @EnableSpringDataWebSupport(pageSerializationMode = VIA_DTO))
	or Spring HATEOAS and Spring Data's PagedResourcesAssembler as documented in https://docs.spring.io/spring-data/commons/reference/repositories/core-extensions.html#core.web.pageables.

2024-12-03T15:19:45.446+01:00  INFO 23016 --- [           main] j.LocalContainerEntityManagerFactoryBean : Closing JPA EntityManagerFactory for persistence unit 'default'
2024-12-03T15:19:45.447+01:00  INFO 23016 --- [           main] com.zaxxer.hikari.HikariDataSource       : HikariPool-20 - Shutdown initiated...
2024-12-03T15:19:45.447+01:00  INFO 23016 --- [           main] com.zaxxer.hikari.HikariDataSource       : HikariPool-20 - Shutdown completed.
]]></system-out>
  </testcase>
  <testcase name="testThatFullUpdateTaskReturnsHttpStatus404IfUserDontExist" classname="com.pineapple.taskmanager.controllers.TaskControllerIntegrationTests" time="0.011">
    <system-out><![CDATA[
  .   ____          _            __ _ _
 /\\ / ___'_ __ _ _(_)_ __  __ _ \ \ \ \
( ( )\___ | '_ | '_| | '_ \/ _` | \ \ \ \
 \\/  ___)| |_)| | | | | || (_| |  ) ) ) )
  '  |____| .__|_| |_|_| |_\__, | / / / /
 =========|_|==============|___/=/_/_/_/

 :: Spring Boot ::                (v3.3.4)

2024-12-03T15:19:45.457+01:00  INFO 23016 --- [           main] c.p.t.c.TaskControllerIntegrationTests   : Starting TaskControllerIntegrationTests using Java 21.0.1 with PID 23016 (started by milky in C:\Users\milky\OneDrive\Skrivbord\PROG-PROJECT\spring\taskmanager)
2024-12-03T15:19:45.457+01:00  INFO 23016 --- [           main] c.p.t.c.TaskControllerIntegrationTests   : No active profile set, falling back to 1 default profile: "default"
2024-12-03T15:19:45.522+01:00  INFO 23016 --- [           main] .s.d.r.c.RepositoryConfigurationDelegate : Bootstrapping Spring Data JPA repositories in DEFAULT mode.
2024-12-03T15:19:45.530+01:00  INFO 23016 --- [           main] .s.d.r.c.RepositoryConfigurationDelegate : Finished Spring Data repository scanning in 8 ms. Found 3 JPA repository interfaces.
2024-12-03T15:19:45.551+01:00  INFO 23016 --- [           main] com.zaxxer.hikari.HikariDataSource       : HikariPool-21 - Starting...
2024-12-03T15:19:45.552+01:00  INFO 23016 --- [           main] com.zaxxer.hikari.pool.HikariPool        : HikariPool-21 - Added connection conn48: url=jdbc:h2:mem:testdb user=SA
2024-12-03T15:19:45.552+01:00  INFO 23016 --- [           main] com.zaxxer.hikari.HikariDataSource       : HikariPool-21 - Start completed.
2024-12-03T15:19:45.552+01:00  INFO 23016 --- [           main] o.hibernate.jpa.internal.util.LogHelper  : HHH000204: Processing PersistenceUnitInfo [name: default]
2024-12-03T15:19:45.553+01:00  INFO 23016 --- [           main] o.h.c.internal.RegionFactoryInitiator    : HHH000026: Second-level cache disabled
2024-12-03T15:19:45.557+01:00  INFO 23016 --- [           main] o.s.o.j.p.SpringPersistenceUnitInfo      : No LoadTimeWeaver setup: ignoring JPA class transformer
2024-12-03T15:19:45.588+01:00  INFO 23016 --- [           main] o.h.e.t.j.p.i.JtaPlatformInitiator       : HHH000489: No JTA platform available (set 'hibernate.transaction.jta.platform' to enable JTA platform integration)
2024-12-03T15:19:45.591+01:00  INFO 23016 --- [           main] j.LocalContainerEntityManagerFactoryBean : Initialized JPA EntityManagerFactory for persistence unit 'default'
2024-12-03T15:19:45.612+01:00  WARN 23016 --- [           main] JpaBaseConfiguration$JpaWebConfiguration : spring.jpa.open-in-view is enabled by default. Therefore, database queries may be performed during view rendering. Explicitly configure spring.jpa.open-in-view to disable this warning
2024-12-03T15:19:45.641+01:00  INFO 23016 --- [           main] o.s.b.t.m.w.SpringBootMockServletContext : Initializing Spring TestDispatcherServlet ''
2024-12-03T15:19:45.641+01:00  INFO 23016 --- [           main] o.s.t.web.servlet.TestDispatcherServlet  : Initializing Servlet ''
2024-12-03T15:19:45.641+01:00  INFO 23016 --- [           main] o.s.t.web.servlet.TestDispatcherServlet  : Completed initialization in 0 ms
2024-12-03T15:19:45.643+01:00  INFO 23016 --- [           main] c.p.t.c.TaskControllerIntegrationTests   : Started TaskControllerIntegrationTests in 0.195 seconds (process running for 10.222)
2024-12-03T15:19:45.654+01:00  INFO 23016 --- [           main] j.LocalContainerEntityManagerFactoryBean : Closing JPA EntityManagerFactory for persistence unit 'default'
2024-12-03T15:19:45.655+01:00  INFO 23016 --- [           main] com.zaxxer.hikari.HikariDataSource       : HikariPool-21 - Shutdown initiated...
2024-12-03T15:19:45.655+01:00  INFO 23016 --- [           main] com.zaxxer.hikari.HikariDataSource       : HikariPool-21 - Shutdown completed.
]]></system-out>
  </testcase>
  <testcase name="testThatGetTaskReturnsHttpStatus200IfUserExists" classname="com.pineapple.taskmanager.controllers.TaskControllerIntegrationTests" time="0.039">
    <system-out><![CDATA[
  .   ____          _            __ _ _
 /\\ / ___'_ __ _ _(_)_ __  __ _ \ \ \ \
( ( )\___ | '_ | '_| | '_ \/ _` | \ \ \ \
 \\/  ___)| |_)| | | | | || (_| |  ) ) ) )
  '  |____| .__|_| |_|_| |_\__, | / / / /
 =========|_|==============|___/=/_/_/_/

 :: Spring Boot ::                (v3.3.4)

2024-12-03T15:19:45.664+01:00  INFO 23016 --- [           main] c.p.t.c.TaskControllerIntegrationTests   : Starting TaskControllerIntegrationTests using Java 21.0.1 with PID 23016 (started by milky in C:\Users\milky\OneDrive\Skrivbord\PROG-PROJECT\spring\taskmanager)
2024-12-03T15:19:45.664+01:00  INFO 23016 --- [           main] c.p.t.c.TaskControllerIntegrationTests   : No active profile set, falling back to 1 default profile: "default"
2024-12-03T15:19:45.719+01:00  INFO 23016 --- [           main] .s.d.r.c.RepositoryConfigurationDelegate : Bootstrapping Spring Data JPA repositories in DEFAULT mode.
2024-12-03T15:19:45.727+01:00  INFO 23016 --- [           main] .s.d.r.c.RepositoryConfigurationDelegate : Finished Spring Data repository scanning in 8 ms. Found 3 JPA repository interfaces.
2024-12-03T15:19:45.750+01:00  INFO 23016 --- [           main] com.zaxxer.hikari.HikariDataSource       : HikariPool-22 - Starting...
2024-12-03T15:19:45.752+01:00  INFO 23016 --- [           main] com.zaxxer.hikari.pool.HikariPool        : HikariPool-22 - Added connection conn49: url=jdbc:h2:mem:testdb user=SA
2024-12-03T15:19:45.752+01:00  INFO 23016 --- [           main] com.zaxxer.hikari.HikariDataSource       : HikariPool-22 - Start completed.
2024-12-03T15:19:45.753+01:00  INFO 23016 --- [           main] o.hibernate.jpa.internal.util.LogHelper  : HHH000204: Processing PersistenceUnitInfo [name: default]
2024-12-03T15:19:45.754+01:00  INFO 23016 --- [           main] o.h.c.internal.RegionFactoryInitiator    : HHH000026: Second-level cache disabled
2024-12-03T15:19:45.758+01:00  INFO 23016 --- [           main] o.s.o.j.p.SpringPersistenceUnitInfo      : No LoadTimeWeaver setup: ignoring JPA class transformer
2024-12-03T15:19:45.817+01:00  INFO 23016 --- [           main] o.h.e.t.j.p.i.JtaPlatformInitiator       : HHH000489: No JTA platform available (set 'hibernate.transaction.jta.platform' to enable JTA platform integration)
2024-12-03T15:19:45.822+01:00  INFO 23016 --- [           main] j.LocalContainerEntityManagerFactoryBean : Initialized JPA EntityManagerFactory for persistence unit 'default'
2024-12-03T15:19:45.851+01:00  WARN 23016 --- [           main] JpaBaseConfiguration$JpaWebConfiguration : spring.jpa.open-in-view is enabled by default. Therefore, database queries may be performed during view rendering. Explicitly configure spring.jpa.open-in-view to disable this warning
2024-12-03T15:19:45.890+01:00  INFO 23016 --- [           main] o.s.b.t.m.w.SpringBootMockServletContext : Initializing Spring TestDispatcherServlet ''
2024-12-03T15:19:45.890+01:00  INFO 23016 --- [           main] o.s.t.web.servlet.TestDispatcherServlet  : Initializing Servlet ''
2024-12-03T15:19:45.890+01:00  INFO 23016 --- [           main] o.s.t.web.servlet.TestDispatcherServlet  : Completed initialization in 0 ms
2024-12-03T15:19:45.892+01:00  INFO 23016 --- [           main] c.p.t.c.TaskControllerIntegrationTests   : Started TaskControllerIntegrationTests in 0.236 seconds (process running for 10.47)
2024-12-03T15:19:45.904+01:00  INFO 23016 --- [           main] j.LocalContainerEntityManagerFactoryBean : Closing JPA EntityManagerFactory for persistence unit 'default'
2024-12-03T15:19:45.905+01:00  INFO 23016 --- [           main] com.zaxxer.hikari.HikariDataSource       : HikariPool-22 - Shutdown initiated...
2024-12-03T15:19:45.932+01:00  INFO 23016 --- [           main] com.zaxxer.hikari.HikariDataSource       : HikariPool-22 - Shutdown completed.
]]></system-out>
  </testcase>
  <testcase name="testThatPartialUpdateTaskUpdatesExistingUser" classname="com.pineapple.taskmanager.controllers.TaskControllerIntegrationTests" time="0.022">
    <system-out><![CDATA[
  .   ____          _            __ _ _
 /\\ / ___'_ __ _ _(_)_ __  __ _ \ \ \ \
( ( )\___ | '_ | '_| | '_ \/ _` | \ \ \ \
 \\/  ___)| |_)| | | | | || (_| |  ) ) ) )
  '  |____| .__|_| |_|_| |_\__, | / / / /
 =========|_|==============|___/=/_/_/_/

 :: Spring Boot ::                (v3.3.4)

2024-12-03T15:19:45.943+01:00  INFO 23016 --- [           main] c.p.t.c.TaskControllerIntegrationTests   : Starting TaskControllerIntegrationTests using Java 21.0.1 with PID 23016 (started by milky in C:\Users\milky\OneDrive\Skrivbord\PROG-PROJECT\spring\taskmanager)
2024-12-03T15:19:45.943+01:00  INFO 23016 --- [           main] c.p.t.c.TaskControllerIntegrationTests   : No active profile set, falling back to 1 default profile: "default"
2024-12-03T15:19:46.007+01:00  INFO 23016 --- [           main] .s.d.r.c.RepositoryConfigurationDelegate : Bootstrapping Spring Data JPA repositories in DEFAULT mode.
2024-12-03T15:19:46.017+01:00  INFO 23016 --- [           main] .s.d.r.c.RepositoryConfigurationDelegate : Finished Spring Data repository scanning in 9 ms. Found 3 JPA repository interfaces.
2024-12-03T15:19:46.041+01:00  INFO 23016 --- [           main] com.zaxxer.hikari.HikariDataSource       : HikariPool-23 - Starting...
2024-12-03T15:19:46.042+01:00  INFO 23016 --- [           main] com.zaxxer.hikari.pool.HikariPool        : HikariPool-23 - Added connection conn52: url=jdbc:h2:mem:testdb user=SA
2024-12-03T15:19:46.042+01:00  INFO 23016 --- [           main] com.zaxxer.hikari.HikariDataSource       : HikariPool-23 - Start completed.
2024-12-03T15:19:46.043+01:00  INFO 23016 --- [           main] o.hibernate.jpa.internal.util.LogHelper  : HHH000204: Processing PersistenceUnitInfo [name: default]
2024-12-03T15:19:46.044+01:00  INFO 23016 --- [           main] o.h.c.internal.RegionFactoryInitiator    : HHH000026: Second-level cache disabled
2024-12-03T15:19:46.048+01:00  INFO 23016 --- [           main] o.s.o.j.p.SpringPersistenceUnitInfo      : No LoadTimeWeaver setup: ignoring JPA class transformer
2024-12-03T15:19:46.070+01:00  INFO 23016 --- [           main] o.h.e.t.j.p.i.JtaPlatformInitiator       : HHH000489: No JTA platform available (set 'hibernate.transaction.jta.platform' to enable JTA platform integration)
2024-12-03T15:19:46.073+01:00  INFO 23016 --- [           main] j.LocalContainerEntityManagerFactoryBean : Initialized JPA EntityManagerFactory for persistence unit 'default'
2024-12-03T15:19:46.090+01:00  WARN 23016 --- [           main] JpaBaseConfiguration$JpaWebConfiguration : spring.jpa.open-in-view is enabled by default. Therefore, database queries may be performed during view rendering. Explicitly configure spring.jpa.open-in-view to disable this warning
2024-12-03T15:19:46.115+01:00  INFO 23016 --- [           main] o.s.b.t.m.w.SpringBootMockServletContext : Initializing Spring TestDispatcherServlet ''
2024-12-03T15:19:46.115+01:00  INFO 23016 --- [           main] o.s.t.web.servlet.TestDispatcherServlet  : Initializing Servlet ''
2024-12-03T15:19:46.115+01:00  INFO 23016 --- [           main] o.s.t.web.servlet.TestDispatcherServlet  : Completed initialization in 0 ms
2024-12-03T15:19:46.118+01:00  INFO 23016 --- [           main] c.p.t.c.TaskControllerIntegrationTests   : Started TaskControllerIntegrationTests in 0.184 seconds (process running for 10.696)
2024-12-03T15:19:46.136+01:00  INFO 23016 --- [           main] j.LocalContainerEntityManagerFactoryBean : Closing JPA EntityManagerFactory for persistence unit 'default'
2024-12-03T15:19:46.136+01:00  INFO 23016 --- [           main] com.zaxxer.hikari.HikariDataSource       : HikariPool-23 - Shutdown initiated...
2024-12-03T15:19:46.141+01:00  INFO 23016 --- [           main] com.zaxxer.hikari.HikariDataSource       : HikariPool-23 - Shutdown completed.
]]></system-out>
  </testcase>
  <testcase name="testThatFullUpdateTaskReturnsHttpStatus200IfUserExists" classname="com.pineapple.taskmanager.controllers.TaskControllerIntegrationTests" time="0.042">
    <system-out><![CDATA[
  .   ____          _            __ _ _
 /\\ / ___'_ __ _ _(_)_ __  __ _ \ \ \ \
( ( )\___ | '_ | '_| | '_ \/ _` | \ \ \ \
 \\/  ___)| |_)| | | | | || (_| |  ) ) ) )
  '  |____| .__|_| |_|_| |_\__, | / / / /
 =========|_|==============|___/=/_/_/_/

 :: Spring Boot ::                (v3.3.4)

2024-12-03T15:19:46.151+01:00  INFO 23016 --- [           main] c.p.t.c.TaskControllerIntegrationTests   : Starting TaskControllerIntegrationTests using Java 21.0.1 with PID 23016 (started by milky in C:\Users\milky\OneDrive\Skrivbord\PROG-PROJECT\spring\taskmanager)
2024-12-03T15:19:46.151+01:00  INFO 23016 --- [           main] c.p.t.c.TaskControllerIntegrationTests   : No active profile set, falling back to 1 default profile: "default"
2024-12-03T15:19:46.213+01:00  INFO 23016 --- [           main] .s.d.r.c.RepositoryConfigurationDelegate : Bootstrapping Spring Data JPA repositories in DEFAULT mode.
2024-12-03T15:19:46.222+01:00  INFO 23016 --- [           main] .s.d.r.c.RepositoryConfigurationDelegate : Finished Spring Data repository scanning in 8 ms. Found 3 JPA repository interfaces.
2024-12-03T15:19:46.245+01:00  INFO 23016 --- [           main] com.zaxxer.hikari.HikariDataSource       : HikariPool-24 - Starting...
2024-12-03T15:19:46.247+01:00  INFO 23016 --- [           main] com.zaxxer.hikari.pool.HikariPool        : HikariPool-24 - Added connection conn53: url=jdbc:h2:mem:testdb user=SA
2024-12-03T15:19:46.247+01:00  INFO 23016 --- [           main] com.zaxxer.hikari.HikariDataSource       : HikariPool-24 - Start completed.
2024-12-03T15:19:46.247+01:00  INFO 23016 --- [           main] o.hibernate.jpa.internal.util.LogHelper  : HHH000204: Processing PersistenceUnitInfo [name: default]
2024-12-03T15:19:46.249+01:00  INFO 23016 --- [           main] o.h.c.internal.RegionFactoryInitiator    : HHH000026: Second-level cache disabled
2024-12-03T15:19:46.254+01:00  INFO 23016 --- [           main] o.s.o.j.p.SpringPersistenceUnitInfo      : No LoadTimeWeaver setup: ignoring JPA class transformer
2024-12-03T15:19:46.280+01:00  INFO 23016 --- [           main] o.h.e.t.j.p.i.JtaPlatformInitiator       : HHH000489: No JTA platform available (set 'hibernate.transaction.jta.platform' to enable JTA platform integration)
2024-12-03T15:19:46.283+01:00  INFO 23016 --- [           main] j.LocalContainerEntityManagerFactoryBean : Initialized JPA EntityManagerFactory for persistence unit 'default'
2024-12-03T15:19:46.304+01:00  WARN 23016 --- [           main] JpaBaseConfiguration$JpaWebConfiguration : spring.jpa.open-in-view is enabled by default. Therefore, database queries may be performed during view rendering. Explicitly configure spring.jpa.open-in-view to disable this warning
2024-12-03T15:19:46.339+01:00  INFO 23016 --- [           main] o.s.b.t.m.w.SpringBootMockServletContext : Initializing Spring TestDispatcherServlet ''
2024-12-03T15:19:46.339+01:00  INFO 23016 --- [           main] o.s.t.web.servlet.TestDispatcherServlet  : Initializing Servlet ''
2024-12-03T15:19:46.339+01:00  INFO 23016 --- [           main] o.s.t.web.servlet.TestDispatcherServlet  : Completed initialization in 0 ms
2024-12-03T15:19:46.342+01:00  INFO 23016 --- [           main] c.p.t.c.TaskControllerIntegrationTests   : Started TaskControllerIntegrationTests in 0.199 seconds (process running for 10.92)
2024-12-03T15:19:46.361+01:00  INFO 23016 --- [           main] j.LocalContainerEntityManagerFactoryBean : Closing JPA EntityManagerFactory for persistence unit 'default'
2024-12-03T15:19:46.362+01:00  INFO 23016 --- [           main] com.zaxxer.hikari.HikariDataSource       : HikariPool-24 - Shutdown initiated...
2024-12-03T15:19:46.384+01:00  INFO 23016 --- [           main] com.zaxxer.hikari.HikariDataSource       : HikariPool-24 - Shutdown completed.
]]></system-out>
  </testcase>
  <testcase name="testThatFullUpdateTaskUpdatesExistingUser" classname="com.pineapple.taskmanager.controllers.TaskControllerIntegrationTests" time="0.016">
    <system-out><![CDATA[
  .   ____          _            __ _ _
 /\\ / ___'_ __ _ _(_)_ __  __ _ \ \ \ \
( ( )\___ | '_ | '_| | '_ \/ _` | \ \ \ \
 \\/  ___)| |_)| | | | | || (_| |  ) ) ) )
  '  |____| .__|_| |_|_| |_\__, | / / / /
 =========|_|==============|___/=/_/_/_/

 :: Spring Boot ::                (v3.3.4)

2024-12-03T15:19:46.394+01:00  INFO 23016 --- [           main] c.p.t.c.TaskControllerIntegrationTests   : Starting TaskControllerIntegrationTests using Java 21.0.1 with PID 23016 (started by milky in C:\Users\milky\OneDrive\Skrivbord\PROG-PROJECT\spring\taskmanager)
2024-12-03T15:19:46.394+01:00  INFO 23016 --- [           main] c.p.t.c.TaskControllerIntegrationTests   : No active profile set, falling back to 1 default profile: "default"
2024-12-03T15:19:46.454+01:00  INFO 23016 --- [           main] .s.d.r.c.RepositoryConfigurationDelegate : Bootstrapping Spring Data JPA repositories in DEFAULT mode.
2024-12-03T15:19:46.462+01:00  INFO 23016 --- [           main] .s.d.r.c.RepositoryConfigurationDelegate : Finished Spring Data repository scanning in 7 ms. Found 3 JPA repository interfaces.
2024-12-03T15:19:46.488+01:00  INFO 23016 --- [           main] com.zaxxer.hikari.HikariDataSource       : HikariPool-25 - Starting...
2024-12-03T15:19:46.489+01:00  INFO 23016 --- [           main] com.zaxxer.hikari.pool.HikariPool        : HikariPool-25 - Added connection conn55: url=jdbc:h2:mem:testdb user=SA
2024-12-03T15:19:46.489+01:00  INFO 23016 --- [           main] com.zaxxer.hikari.HikariDataSource       : HikariPool-25 - Start completed.
2024-12-03T15:19:46.490+01:00  INFO 23016 --- [           main] o.hibernate.jpa.internal.util.LogHelper  : HHH000204: Processing PersistenceUnitInfo [name: default]
2024-12-03T15:19:46.491+01:00  INFO 23016 --- [           main] o.h.c.internal.RegionFactoryInitiator    : HHH000026: Second-level cache disabled
2024-12-03T15:19:46.494+01:00  INFO 23016 --- [           main] o.s.o.j.p.SpringPersistenceUnitInfo      : No LoadTimeWeaver setup: ignoring JPA class transformer
2024-12-03T15:19:46.515+01:00  INFO 23016 --- [           main] o.h.e.t.j.p.i.JtaPlatformInitiator       : HHH000489: No JTA platform available (set 'hibernate.transaction.jta.platform' to enable JTA platform integration)
2024-12-03T15:19:46.518+01:00  INFO 23016 --- [           main] j.LocalContainerEntityManagerFactoryBean : Initialized JPA EntityManagerFactory for persistence unit 'default'
2024-12-03T15:19:46.532+01:00  WARN 23016 --- [           main] JpaBaseConfiguration$JpaWebConfiguration : spring.jpa.open-in-view is enabled by default. Therefore, database queries may be performed during view rendering. Explicitly configure spring.jpa.open-in-view to disable this warning
2024-12-03T15:19:46.553+01:00  INFO 23016 --- [           main] o.s.b.t.m.w.SpringBootMockServletContext : Initializing Spring TestDispatcherServlet ''
2024-12-03T15:19:46.553+01:00  INFO 23016 --- [           main] o.s.t.web.servlet.TestDispatcherServlet  : Initializing Servlet ''
2024-12-03T15:19:46.553+01:00  INFO 23016 --- [           main] o.s.t.web.servlet.TestDispatcherServlet  : Completed initialization in 0 ms
2024-12-03T15:19:46.555+01:00  INFO 23016 --- [           main] c.p.t.c.TaskControllerIntegrationTests   : Started TaskControllerIntegrationTests in 0.169 seconds (process running for 11.134)
2024-12-03T15:19:46.571+01:00  INFO 23016 --- [           main] j.LocalContainerEntityManagerFactoryBean : Closing JPA EntityManagerFactory for persistence unit 'default'
2024-12-03T15:19:46.572+01:00  INFO 23016 --- [           main] com.zaxxer.hikari.HikariDataSource       : HikariPool-25 - Shutdown initiated...
2024-12-03T15:19:46.572+01:00  INFO 23016 --- [           main] com.zaxxer.hikari.HikariDataSource       : HikariPool-25 - Shutdown completed.
]]></system-out>
  </testcase>
  <testcase name="testThatCreateTaskReturnsHttp201Created" classname="com.pineapple.taskmanager.controllers.TaskControllerIntegrationTests" time="0.012">
    <system-out><![CDATA[
  .   ____          _            __ _ _
 /\\ / ___'_ __ _ _(_)_ __  __ _ \ \ \ \
( ( )\___ | '_ | '_| | '_ \/ _` | \ \ \ \
 \\/  ___)| |_)| | | | | || (_| |  ) ) ) )
  '  |____| .__|_| |_|_| |_\__, | / / / /
 =========|_|==============|___/=/_/_/_/

 :: Spring Boot ::                (v3.3.4)

2024-12-03T15:19:46.582+01:00  INFO 23016 --- [           main] c.p.t.c.TaskControllerIntegrationTests   : Starting TaskControllerIntegrationTests using Java 21.0.1 with PID 23016 (started by milky in C:\Users\milky\OneDrive\Skrivbord\PROG-PROJECT\spring\taskmanager)
2024-12-03T15:19:46.582+01:00  INFO 23016 --- [           main] c.p.t.c.TaskControllerIntegrationTests   : No active profile set, falling back to 1 default profile: "default"
2024-12-03T15:19:46.640+01:00  INFO 23016 --- [           main] .s.d.r.c.RepositoryConfigurationDelegate : Bootstrapping Spring Data JPA repositories in DEFAULT mode.
2024-12-03T15:19:46.650+01:00  INFO 23016 --- [           main] .s.d.r.c.RepositoryConfigurationDelegate : Finished Spring Data repository scanning in 9 ms. Found 3 JPA repository interfaces.
2024-12-03T15:19:46.673+01:00  INFO 23016 --- [           main] com.zaxxer.hikari.HikariDataSource       : HikariPool-26 - Starting...
2024-12-03T15:19:46.674+01:00  INFO 23016 --- [           main] com.zaxxer.hikari.pool.HikariPool        : HikariPool-26 - Added connection conn56: url=jdbc:h2:mem:testdb user=SA
2024-12-03T15:19:46.674+01:00  INFO 23016 --- [           main] com.zaxxer.hikari.HikariDataSource       : HikariPool-26 - Start completed.
2024-12-03T15:19:46.674+01:00  INFO 23016 --- [           main] o.hibernate.jpa.internal.util.LogHelper  : HHH000204: Processing PersistenceUnitInfo [name: default]
2024-12-03T15:19:46.676+01:00  INFO 23016 --- [           main] o.h.c.internal.RegionFactoryInitiator    : HHH000026: Second-level cache disabled
2024-12-03T15:19:46.680+01:00  INFO 23016 --- [           main] o.s.o.j.p.SpringPersistenceUnitInfo      : No LoadTimeWeaver setup: ignoring JPA class transformer
2024-12-03T15:19:46.703+01:00  INFO 23016 --- [           main] o.h.e.t.j.p.i.JtaPlatformInitiator       : HHH000489: No JTA platform available (set 'hibernate.transaction.jta.platform' to enable JTA platform integration)
2024-12-03T15:19:46.707+01:00  INFO 23016 --- [           main] j.LocalContainerEntityManagerFactoryBean : Initialized JPA EntityManagerFactory for persistence unit 'default'
2024-12-03T15:19:46.726+01:00  WARN 23016 --- [           main] JpaBaseConfiguration$JpaWebConfiguration : spring.jpa.open-in-view is enabled by default. Therefore, database queries may be performed during view rendering. Explicitly configure spring.jpa.open-in-view to disable this warning
2024-12-03T15:19:46.760+01:00  INFO 23016 --- [           main] o.s.b.t.m.w.SpringBootMockServletContext : Initializing Spring TestDispatcherServlet ''
2024-12-03T15:19:46.760+01:00  INFO 23016 --- [           main] o.s.t.web.servlet.TestDispatcherServlet  : Initializing Servlet ''
2024-12-03T15:19:46.760+01:00  INFO 23016 --- [           main] o.s.t.web.servlet.TestDispatcherServlet  : Completed initialization in 0 ms
2024-12-03T15:19:46.762+01:00  INFO 23016 --- [           main] c.p.t.c.TaskControllerIntegrationTests   : Started TaskControllerIntegrationTests in 0.189 seconds (process running for 11.34)
2024-12-03T15:19:46.773+01:00  INFO 23016 --- [           main] j.LocalContainerEntityManagerFactoryBean : Closing JPA EntityManagerFactory for persistence unit 'default'
2024-12-03T15:19:46.774+01:00  INFO 23016 --- [           main] com.zaxxer.hikari.HikariDataSource       : HikariPool-26 - Shutdown initiated...
2024-12-03T15:19:46.775+01:00  INFO 23016 --- [           main] com.zaxxer.hikari.HikariDataSource       : HikariPool-26 - Shutdown completed.
]]></system-out>
  </testcase>
</testsuite>