<?xml version="1.0" encoding="UTF-8"?>
<testsuite xmlns:xsi="http://www.w3.org/2001/XMLSchema-instance" xsi:noNamespaceSchemaLocation="https://maven.apache.org/surefire/maven-surefire-plugin/xsd/surefire-test-report-3.0.xsd" version="3.0" name="com.pineapple.taskmanager.controllers.UserControllerIntegrationTests" time="1.847" tests="9" errors="0" skipped="0" failures="0">
  <properties>
[...]
</properties>
  <testcase name="testThatGetUserReturnsHttpStatus404IfUserDontExist" classname="com.pineapple.taskmanager.controllers.UserControllerIntegrationTests" time="0.01">
    <system-out><![CDATA[2024-12-02T15:04:52.580+01:00  INFO 2688 --- [           main] t.c.s.AnnotationConfigContextLoaderUtils : Could not detect default configuration classes for test class [com.pineapple.taskmanager.controllers.UserControllerIntegrationTests]: UserControllerIntegrationTests does not declare any static, non-private, non-final, nested classes annotated with @Configuration.
2024-12-02T15:04:52.582+01:00  INFO 2688 --- [           main] .b.t.c.SpringBootTestContextBootstrapper : Found @SpringBootConfiguration com.pineapple.taskmanager.TaskmanagerApplication for test class com.pineapple.taskmanager.controllers.UserControllerIntegrationTests

  .   ____          _            __ _ _
 /\\ / ___'_ __ _ _(_)_ __  __ _ \ \ \ \
( ( )\___ | '_ | '_| | '_ \/ _` | \ \ \ \
 \\/  ___)| |_)| | | | | || (_| |  ) ) ) )
  '  |____| .__|_| |_|_| |_\__, | / / / /
 =========|_|==============|___/=/_/_/_/

 :: Spring Boot ::                (v3.3.4)

2024-12-02T15:04:52.597+01:00  INFO 2688 --- [           main] c.p.t.c.UserControllerIntegrationTests   : Starting UserControllerIntegrationTests using Java 21.0.1 with PID 2688 (started by milky in C:\Users\milky\OneDrive\Skrivbord\PROG-PROJECT\spring\taskmanager)
2024-12-02T15:04:52.597+01:00  INFO 2688 --- [           main] c.p.t.c.UserControllerIntegrationTests   : No active profile set, falling back to 1 default profile: "default"
2024-12-02T15:04:52.655+01:00  INFO 2688 --- [           main] .s.d.r.c.RepositoryConfigurationDelegate : Bootstrapping Spring Data JPA repositories in DEFAULT mode.
2024-12-02T15:04:52.663+01:00  INFO 2688 --- [           main] .s.d.r.c.RepositoryConfigurationDelegate : Finished Spring Data repository scanning in 7 ms. Found 3 JPA repository interfaces.
2024-12-02T15:04:52.683+01:00  INFO 2688 --- [           main] com.zaxxer.hikari.HikariDataSource       : HikariPool-19 - Starting...
2024-12-02T15:04:52.684+01:00  INFO 2688 --- [           main] com.zaxxer.hikari.pool.HikariPool        : HikariPool-19 - Added connection conn61: url=jdbc:h2:mem:testdb user=SA
2024-12-02T15:04:52.684+01:00  INFO 2688 --- [           main] com.zaxxer.hikari.HikariDataSource       : HikariPool-19 - Start completed.
2024-12-02T15:04:52.685+01:00  INFO 2688 --- [           main] o.hibernate.jpa.internal.util.LogHelper  : HHH000204: Processing PersistenceUnitInfo [name: default]
2024-12-02T15:04:52.687+01:00  INFO 2688 --- [           main] o.h.c.internal.RegionFactoryInitiator    : HHH000026: Second-level cache disabled
2024-12-02T15:04:52.691+01:00  INFO 2688 --- [           main] o.s.o.j.p.SpringPersistenceUnitInfo      : No LoadTimeWeaver setup: ignoring JPA class transformer
2024-12-02T15:04:52.722+01:00  INFO 2688 --- [           main] o.h.e.t.j.p.i.JtaPlatformInitiator       : HHH000489: No JTA platform available (set 'hibernate.transaction.jta.platform' to enable JTA platform integration)
2024-12-02T15:04:52.726+01:00  INFO 2688 --- [           main] j.LocalContainerEntityManagerFactoryBean : Initialized JPA EntityManagerFactory for persistence unit 'default'
2024-12-02T15:04:52.743+01:00  WARN 2688 --- [           main] JpaBaseConfiguration$JpaWebConfiguration : spring.jpa.open-in-view is enabled by default. Therefore, database queries may be performed during view rendering. Explicitly configure spring.jpa.open-in-view to disable this warning
2024-12-02T15:04:52.769+01:00  INFO 2688 --- [           main] o.s.b.t.m.w.SpringBootMockServletContext : Initializing Spring TestDispatcherServlet ''
2024-12-02T15:04:52.769+01:00  INFO 2688 --- [           main] o.s.t.web.servlet.TestDispatcherServlet  : Initializing Servlet ''
2024-12-02T15:04:52.770+01:00  INFO 2688 --- [           main] o.s.t.web.servlet.TestDispatcherServlet  : Completed initialization in 1 ms
2024-12-02T15:04:52.772+01:00  INFO 2688 --- [           main] c.p.t.c.UserControllerIntegrationTests   : Started UserControllerIntegrationTests in 0.188 seconds (process running for 10.011)
2024-12-02T15:04:52.782+01:00  INFO 2688 --- [           main] j.LocalContainerEntityManagerFactoryBean : Closing JPA EntityManagerFactory for persistence unit 'default'
2024-12-02T15:04:52.783+01:00  INFO 2688 --- [           main] com.zaxxer.hikari.HikariDataSource       : HikariPool-19 - Shutdown initiated...
2024-12-02T15:04:52.783+01:00  INFO 2688 --- [           main] com.zaxxer.hikari.HikariDataSource       : HikariPool-19 - Shutdown completed.
]]></system-out>
  </testcase>
  <testcase name="testThatFullUpdateUserUpdatesExistingUser" classname="com.pineapple.taskmanager.controllers.UserControllerIntegrationTests" time="0.018">
    <system-out><![CDATA[
  .   ____          _            __ _ _
 /\\ / ___'_ __ _ _(_)_ __  __ _ \ \ \ \
( ( )\___ | '_ | '_| | '_ \/ _` | \ \ \ \
 \\/  ___)| |_)| | | | | || (_| |  ) ) ) )
  '  |____| .__|_| |_|_| |_\__, | / / / /
 =========|_|==============|___/=/_/_/_/

 :: Spring Boot ::                (v3.3.4)

2024-12-02T15:04:52.795+01:00  INFO 2688 --- [           main] c.p.t.c.UserControllerIntegrationTests   : Starting UserControllerIntegrationTests using Java 21.0.1 with PID 2688 (started by milky in C:\Users\milky\OneDrive\Skrivbord\PROG-PROJECT\spring\taskmanager)
2024-12-02T15:04:52.795+01:00  INFO 2688 --- [           main] c.p.t.c.UserControllerIntegrationTests   : No active profile set, falling back to 1 default profile: "default"
2024-12-02T15:04:52.852+01:00  INFO 2688 --- [           main] .s.d.r.c.RepositoryConfigurationDelegate : Bootstrapping Spring Data JPA repositories in DEFAULT mode.
2024-12-02T15:04:52.860+01:00  INFO 2688 --- [           main] .s.d.r.c.RepositoryConfigurationDelegate : Finished Spring Data repository scanning in 8 ms. Found 3 JPA repository interfaces.
2024-12-02T15:04:52.879+01:00  INFO 2688 --- [           main] com.zaxxer.hikari.HikariDataSource       : HikariPool-20 - Starting...
2024-12-02T15:04:52.880+01:00  INFO 2688 --- [           main] com.zaxxer.hikari.pool.HikariPool        : HikariPool-20 - Added connection conn62: url=jdbc:h2:mem:testdb user=SA
2024-12-02T15:04:52.880+01:00  INFO 2688 --- [           main] com.zaxxer.hikari.HikariDataSource       : HikariPool-20 - Start completed.
2024-12-02T15:04:52.880+01:00  INFO 2688 --- [           main] o.hibernate.jpa.internal.util.LogHelper  : HHH000204: Processing PersistenceUnitInfo [name: default]
2024-12-02T15:04:52.882+01:00  INFO 2688 --- [           main] o.h.c.internal.RegionFactoryInitiator    : HHH000026: Second-level cache disabled
2024-12-02T15:04:52.886+01:00  INFO 2688 --- [           main] o.s.o.j.p.SpringPersistenceUnitInfo      : No LoadTimeWeaver setup: ignoring JPA class transformer
2024-12-02T15:04:52.913+01:00  INFO 2688 --- [           main] o.h.e.t.j.p.i.JtaPlatformInitiator       : HHH000489: No JTA platform available (set 'hibernate.transaction.jta.platform' to enable JTA platform integration)
2024-12-02T15:04:52.917+01:00  INFO 2688 --- [           main] j.LocalContainerEntityManagerFactoryBean : Initialized JPA EntityManagerFactory for persistence unit 'default'
2024-12-02T15:04:52.937+01:00  WARN 2688 --- [           main] JpaBaseConfiguration$JpaWebConfiguration : spring.jpa.open-in-view is enabled by default. Therefore, database queries may be performed during view rendering. Explicitly configure spring.jpa.open-in-view to disable this warning
2024-12-02T15:04:52.967+01:00  INFO 2688 --- [           main] o.s.b.t.m.w.SpringBootMockServletContext : Initializing Spring TestDispatcherServlet ''
2024-12-02T15:04:52.967+01:00  INFO 2688 --- [           main] o.s.t.web.servlet.TestDispatcherServlet  : Initializing Servlet ''
2024-12-02T15:04:52.967+01:00  INFO 2688 --- [           main] o.s.t.web.servlet.TestDispatcherServlet  : Completed initialization in 0 ms
2024-12-02T15:04:52.970+01:00  INFO 2688 --- [           main] c.p.t.c.UserControllerIntegrationTests   : Started UserControllerIntegrationTests in 0.185 seconds (process running for 10.21)
2024-12-02T15:04:52.988+01:00  INFO 2688 --- [           main] j.LocalContainerEntityManagerFactoryBean : Closing JPA EntityManagerFactory for persistence unit 'default'
2024-12-02T15:04:52.988+01:00  INFO 2688 --- [           main] com.zaxxer.hikari.HikariDataSource       : HikariPool-20 - Shutdown initiated...
2024-12-02T15:04:52.989+01:00  INFO 2688 --- [           main] com.zaxxer.hikari.HikariDataSource       : HikariPool-20 - Shutdown completed.
]]></system-out>
  </testcase>
  <testcase name="testThatFullUpdateReturnsHttpStatus404IfUserDontExist" classname="com.pineapple.taskmanager.controllers.UserControllerIntegrationTests" time="0.009">
    <system-out><![CDATA[
  .   ____          _            __ _ _
 /\\ / ___'_ __ _ _(_)_ __  __ _ \ \ \ \
( ( )\___ | '_ | '_| | '_ \/ _` | \ \ \ \
 \\/  ___)| |_)| | | | | || (_| |  ) ) ) )
  '  |____| .__|_| |_|_| |_\__, | / / / /
 =========|_|==============|___/=/_/_/_/

 :: Spring Boot ::                (v3.3.4)

2024-12-02T15:04:53.001+01:00  INFO 2688 --- [           main] c.p.t.c.UserControllerIntegrationTests   : Starting UserControllerIntegrationTests using Java 21.0.1 with PID 2688 (started by milky in C:\Users\milky\OneDrive\Skrivbord\PROG-PROJECT\spring\taskmanager)
2024-12-02T15:04:53.001+01:00  INFO 2688 --- [           main] c.p.t.c.UserControllerIntegrationTests   : No active profile set, falling back to 1 default profile: "default"
2024-12-02T15:04:53.082+01:00  INFO 2688 --- [           main] .s.d.r.c.RepositoryConfigurationDelegate : Bootstrapping Spring Data JPA repositories in DEFAULT mode.
2024-12-02T15:04:53.090+01:00  INFO 2688 --- [           main] .s.d.r.c.RepositoryConfigurationDelegate : Finished Spring Data repository scanning in 8 ms. Found 3 JPA repository interfaces.
2024-12-02T15:04:53.112+01:00  INFO 2688 --- [           main] com.zaxxer.hikari.HikariDataSource       : HikariPool-21 - Starting...
2024-12-02T15:04:53.115+01:00  INFO 2688 --- [           main] com.zaxxer.hikari.pool.HikariPool        : HikariPool-21 - Added connection conn63: url=jdbc:h2:mem:testdb user=SA
2024-12-02T15:04:53.115+01:00  INFO 2688 --- [           main] com.zaxxer.hikari.HikariDataSource       : HikariPool-21 - Start completed.
2024-12-02T15:04:53.116+01:00  INFO 2688 --- [           main] o.hibernate.jpa.internal.util.LogHelper  : HHH000204: Processing PersistenceUnitInfo [name: default]
2024-12-02T15:04:53.116+01:00  INFO 2688 --- [           main] o.h.c.internal.RegionFactoryInitiator    : HHH000026: Second-level cache disabled
2024-12-02T15:04:53.122+01:00  INFO 2688 --- [           main] o.s.o.j.p.SpringPersistenceUnitInfo      : No LoadTimeWeaver setup: ignoring JPA class transformer
2024-12-02T15:04:53.146+01:00  INFO 2688 --- [           main] o.h.e.t.j.p.i.JtaPlatformInitiator       : HHH000489: No JTA platform available (set 'hibernate.transaction.jta.platform' to enable JTA platform integration)
2024-12-02T15:04:53.149+01:00  INFO 2688 --- [           main] j.LocalContainerEntityManagerFactoryBean : Initialized JPA EntityManagerFactory for persistence unit 'default'
2024-12-02T15:04:53.168+01:00  WARN 2688 --- [           main] JpaBaseConfiguration$JpaWebConfiguration : spring.jpa.open-in-view is enabled by default. Therefore, database queries may be performed during view rendering. Explicitly configure spring.jpa.open-in-view to disable this warning
2024-12-02T15:04:53.196+01:00  INFO 2688 --- [           main] o.s.b.t.m.w.SpringBootMockServletContext : Initializing Spring TestDispatcherServlet ''
2024-12-02T15:04:53.196+01:00  INFO 2688 --- [           main] o.s.t.web.servlet.TestDispatcherServlet  : Initializing Servlet ''
2024-12-02T15:04:53.197+01:00  INFO 2688 --- [           main] o.s.t.web.servlet.TestDispatcherServlet  : Completed initialization in 1 ms
2024-12-02T15:04:53.199+01:00  INFO 2688 --- [           main] c.p.t.c.UserControllerIntegrationTests   : Started UserControllerIntegrationTests in 0.208 seconds (process running for 10.438)
2024-12-02T15:04:53.208+01:00  INFO 2688 --- [           main] j.LocalContainerEntityManagerFactoryBean : Closing JPA EntityManagerFactory for persistence unit 'default'
2024-12-02T15:04:53.209+01:00  INFO 2688 --- [           main] com.zaxxer.hikari.HikariDataSource       : HikariPool-21 - Shutdown initiated...
2024-12-02T15:04:53.209+01:00  INFO 2688 --- [           main] com.zaxxer.hikari.HikariDataSource       : HikariPool-21 - Shutdown completed.
]]></system-out>
  </testcase>
  <testcase name="testThatListUsersReturnsHttpStatus200" classname="com.pineapple.taskmanager.controllers.UserControllerIntegrationTests" time="0.006">
    <system-out><![CDATA[
  .   ____          _            __ _ _
 /\\ / ___'_ __ _ _(_)_ __  __ _ \ \ \ \
( ( )\___ | '_ | '_| | '_ \/ _` | \ \ \ \
 \\/  ___)| |_)| | | | | || (_| |  ) ) ) )
  '  |____| .__|_| |_|_| |_\__, | / / / /
 =========|_|==============|___/=/_/_/_/

 :: Spring Boot ::                (v3.3.4)

2024-12-02T15:04:53.220+01:00  INFO 2688 --- [           main] c.p.t.c.UserControllerIntegrationTests   : Starting UserControllerIntegrationTests using Java 21.0.1 with PID 2688 (started by milky in C:\Users\milky\OneDrive\Skrivbord\PROG-PROJECT\spring\taskmanager)
2024-12-02T15:04:53.221+01:00  INFO 2688 --- [           main] c.p.t.c.UserControllerIntegrationTests   : No active profile set, falling back to 1 default profile: "default"
2024-12-02T15:04:53.279+01:00  INFO 2688 --- [           main] .s.d.r.c.RepositoryConfigurationDelegate : Bootstrapping Spring Data JPA repositories in DEFAULT mode.
2024-12-02T15:04:53.288+01:00  INFO 2688 --- [           main] .s.d.r.c.RepositoryConfigurationDelegate : Finished Spring Data repository scanning in 8 ms. Found 3 JPA repository interfaces.
2024-12-02T15:04:53.311+01:00  INFO 2688 --- [           main] com.zaxxer.hikari.HikariDataSource       : HikariPool-22 - Starting...
2024-12-02T15:04:53.312+01:00  INFO 2688 --- [           main] com.zaxxer.hikari.pool.HikariPool        : HikariPool-22 - Added connection conn64: url=jdbc:h2:mem:testdb user=SA
2024-12-02T15:04:53.312+01:00  INFO 2688 --- [           main] com.zaxxer.hikari.HikariDataSource       : HikariPool-22 - Start completed.
2024-12-02T15:04:53.313+01:00  INFO 2688 --- [           main] o.hibernate.jpa.internal.util.LogHelper  : HHH000204: Processing PersistenceUnitInfo [name: default]
2024-12-02T15:04:53.315+01:00  INFO 2688 --- [           main] o.h.c.internal.RegionFactoryInitiator    : HHH000026: Second-level cache disabled
2024-12-02T15:04:53.320+01:00  INFO 2688 --- [           main] o.s.o.j.p.SpringPersistenceUnitInfo      : No LoadTimeWeaver setup: ignoring JPA class transformer
2024-12-02T15:04:53.354+01:00  INFO 2688 --- [           main] o.h.e.t.j.p.i.JtaPlatformInitiator       : HHH000489: No JTA platform available (set 'hibernate.transaction.jta.platform' to enable JTA platform integration)
2024-12-02T15:04:53.358+01:00  INFO 2688 --- [           main] j.LocalContainerEntityManagerFactoryBean : Initialized JPA EntityManagerFactory for persistence unit 'default'
2024-12-02T15:04:53.377+01:00  WARN 2688 --- [           main] JpaBaseConfiguration$JpaWebConfiguration : spring.jpa.open-in-view is enabled by default. Therefore, database queries may be performed during view rendering. Explicitly configure spring.jpa.open-in-view to disable this warning
2024-12-02T15:04:53.407+01:00  INFO 2688 --- [           main] o.s.b.t.m.w.SpringBootMockServletContext : Initializing Spring TestDispatcherServlet ''
2024-12-02T15:04:53.407+01:00  INFO 2688 --- [           main] o.s.t.web.servlet.TestDispatcherServlet  : Initializing Servlet ''
2024-12-02T15:04:53.407+01:00  INFO 2688 --- [           main] o.s.t.web.servlet.TestDispatcherServlet  : Completed initialization in 0 ms
2024-12-02T15:04:53.410+01:00  INFO 2688 --- [           main] c.p.t.c.UserControllerIntegrationTests   : Started UserControllerIntegrationTests in 0.2 seconds (process running for 10.649)
2024-12-02T15:04:53.416+01:00  INFO 2688 --- [           main] j.LocalContainerEntityManagerFactoryBean : Closing JPA EntityManagerFactory for persistence unit 'default'
2024-12-02T15:04:53.416+01:00  INFO 2688 --- [           main] com.zaxxer.hikari.HikariDataSource       : HikariPool-22 - Shutdown initiated...
2024-12-02T15:04:53.417+01:00  INFO 2688 --- [           main] com.zaxxer.hikari.HikariDataSource       : HikariPool-22 - Shutdown completed.
]]></system-out>
  </testcase>
  <testcase name="testThatCreateUserReturnsSavedAuthor" classname="com.pineapple.taskmanager.controllers.UserControllerIntegrationTests" time="0.009">
    <system-out><![CDATA[
  .   ____          _            __ _ _
 /\\ / ___'_ __ _ _(_)_ __  __ _ \ \ \ \
( ( )\___ | '_ | '_| | '_ \/ _` | \ \ \ \
 \\/  ___)| |_)| | | | | || (_| |  ) ) ) )
  '  |____| .__|_| |_|_| |_\__, | / / / /
 =========|_|==============|___/=/_/_/_/

 :: Spring Boot ::                (v3.3.4)

2024-12-02T15:04:53.427+01:00  INFO 2688 --- [           main] c.p.t.c.UserControllerIntegrationTests   : Starting UserControllerIntegrationTests using Java 21.0.1 with PID 2688 (started by milky in C:\Users\milky\OneDrive\Skrivbord\PROG-PROJECT\spring\taskmanager)
2024-12-02T15:04:53.427+01:00  INFO 2688 --- [           main] c.p.t.c.UserControllerIntegrationTests   : No active profile set, falling back to 1 default profile: "default"
2024-12-02T15:04:53.490+01:00  INFO 2688 --- [           main] .s.d.r.c.RepositoryConfigurationDelegate : Bootstrapping Spring Data JPA repositories in DEFAULT mode.
2024-12-02T15:04:53.499+01:00  INFO 2688 --- [           main] .s.d.r.c.RepositoryConfigurationDelegate : Finished Spring Data repository scanning in 7 ms. Found 3 JPA repository interfaces.
2024-12-02T15:04:53.544+01:00  INFO 2688 --- [           main] com.zaxxer.hikari.HikariDataSource       : HikariPool-23 - Starting...
2024-12-02T15:04:53.546+01:00  INFO 2688 --- [           main] com.zaxxer.hikari.pool.HikariPool        : HikariPool-23 - Added connection conn65: url=jdbc:h2:mem:testdb user=SA
2024-12-02T15:04:53.546+01:00  INFO 2688 --- [           main] com.zaxxer.hikari.HikariDataSource       : HikariPool-23 - Start completed.
2024-12-02T15:04:53.546+01:00  INFO 2688 --- [           main] o.hibernate.jpa.internal.util.LogHelper  : HHH000204: Processing PersistenceUnitInfo [name: default]
2024-12-02T15:04:53.548+01:00  INFO 2688 --- [           main] o.h.c.internal.RegionFactoryInitiator    : HHH000026: Second-level cache disabled
2024-12-02T15:04:53.551+01:00  INFO 2688 --- [           main] o.s.o.j.p.SpringPersistenceUnitInfo      : No LoadTimeWeaver setup: ignoring JPA class transformer
2024-12-02T15:04:53.572+01:00  INFO 2688 --- [           main] o.h.e.t.j.p.i.JtaPlatformInitiator       : HHH000489: No JTA platform available (set 'hibernate.transaction.jta.platform' to enable JTA platform integration)
2024-12-02T15:04:53.575+01:00  INFO 2688 --- [           main] j.LocalContainerEntityManagerFactoryBean : Initialized JPA EntityManagerFactory for persistence unit 'default'
2024-12-02T15:04:53.591+01:00  WARN 2688 --- [           main] JpaBaseConfiguration$JpaWebConfiguration : spring.jpa.open-in-view is enabled by default. Therefore, database queries may be performed during view rendering. Explicitly configure spring.jpa.open-in-view to disable this warning
2024-12-02T15:04:53.615+01:00  INFO 2688 --- [           main] o.s.b.t.m.w.SpringBootMockServletContext : Initializing Spring TestDispatcherServlet ''
2024-12-02T15:04:53.615+01:00  INFO 2688 --- [           main] o.s.t.web.servlet.TestDispatcherServlet  : Initializing Servlet ''
2024-12-02T15:04:53.615+01:00  INFO 2688 --- [           main] o.s.t.web.servlet.TestDispatcherServlet  : Completed initialization in 0 ms
2024-12-02T15:04:53.617+01:00  INFO 2688 --- [           main] c.p.t.c.UserControllerIntegrationTests   : Started UserControllerIntegrationTests in 0.199 seconds (process running for 10.857)
2024-12-02T15:04:53.627+01:00  INFO 2688 --- [           main] j.LocalContainerEntityManagerFactoryBean : Closing JPA EntityManagerFactory for persistence unit 'default'
2024-12-02T15:04:53.627+01:00  INFO 2688 --- [           main] com.zaxxer.hikari.HikariDataSource       : HikariPool-23 - Shutdown initiated...
2024-12-02T15:04:53.628+01:00  INFO 2688 --- [           main] com.zaxxer.hikari.HikariDataSource       : HikariPool-23 - Shutdown completed.
]]></system-out>
  </testcase>
  <testcase name="testThatFullUpdateReturnsHttpStatus200IfUserExist" classname="com.pineapple.taskmanager.controllers.UserControllerIntegrationTests" time="0.014">
    <system-out><![CDATA[
  .   ____          _            __ _ _
 /\\ / ___'_ __ _ _(_)_ __  __ _ \ \ \ \
( ( )\___ | '_ | '_| | '_ \/ _` | \ \ \ \
 \\/  ___)| |_)| | | | | || (_| |  ) ) ) )
  '  |____| .__|_| |_|_| |_\__, | / / / /
 =========|_|==============|___/=/_/_/_/

 :: Spring Boot ::                (v3.3.4)

2024-12-02T15:04:53.641+01:00  INFO 2688 --- [           main] c.p.t.c.UserControllerIntegrationTests   : Starting UserControllerIntegrationTests using Java 21.0.1 with PID 2688 (started by milky in C:\Users\milky\OneDrive\Skrivbord\PROG-PROJECT\spring\taskmanager)
2024-12-02T15:04:53.641+01:00  INFO 2688 --- [           main] c.p.t.c.UserControllerIntegrationTests   : No active profile set, falling back to 1 default profile: "default"
2024-12-02T15:04:53.696+01:00  INFO 2688 --- [           main] .s.d.r.c.RepositoryConfigurationDelegate : Bootstrapping Spring Data JPA repositories in DEFAULT mode.
2024-12-02T15:04:53.705+01:00  INFO 2688 --- [           main] .s.d.r.c.RepositoryConfigurationDelegate : Finished Spring Data repository scanning in 8 ms. Found 3 JPA repository interfaces.
2024-12-02T15:04:53.727+01:00  INFO 2688 --- [           main] com.zaxxer.hikari.HikariDataSource       : HikariPool-24 - Starting...
2024-12-02T15:04:53.728+01:00  INFO 2688 --- [           main] com.zaxxer.hikari.pool.HikariPool        : HikariPool-24 - Added connection conn66: url=jdbc:h2:mem:testdb user=SA
2024-12-02T15:04:53.728+01:00  INFO 2688 --- [           main] com.zaxxer.hikari.HikariDataSource       : HikariPool-24 - Start completed.
2024-12-02T15:04:53.729+01:00  INFO 2688 --- [           main] o.hibernate.jpa.internal.util.LogHelper  : HHH000204: Processing PersistenceUnitInfo [name: default]
2024-12-02T15:04:53.730+01:00  INFO 2688 --- [           main] o.h.c.internal.RegionFactoryInitiator    : HHH000026: Second-level cache disabled
2024-12-02T15:04:53.734+01:00  INFO 2688 --- [           main] o.s.o.j.p.SpringPersistenceUnitInfo      : No LoadTimeWeaver setup: ignoring JPA class transformer
2024-12-02T15:04:53.758+01:00  INFO 2688 --- [           main] o.h.e.t.j.p.i.JtaPlatformInitiator       : HHH000489: No JTA platform available (set 'hibernate.transaction.jta.platform' to enable JTA platform integration)
2024-12-02T15:04:53.761+01:00  INFO 2688 --- [           main] j.LocalContainerEntityManagerFactoryBean : Initialized JPA EntityManagerFactory for persistence unit 'default'
2024-12-02T15:04:53.781+01:00  WARN 2688 --- [           main] JpaBaseConfiguration$JpaWebConfiguration : spring.jpa.open-in-view is enabled by default. Therefore, database queries may be performed during view rendering. Explicitly configure spring.jpa.open-in-view to disable this warning
2024-12-02T15:04:53.868+01:00  INFO 2688 --- [           main] o.s.b.t.m.w.SpringBootMockServletContext : Initializing Spring TestDispatcherServlet ''
2024-12-02T15:04:53.868+01:00  INFO 2688 --- [           main] o.s.t.web.servlet.TestDispatcherServlet  : Initializing Servlet ''
2024-12-02T15:04:53.868+01:00  INFO 2688 --- [           main] o.s.t.web.servlet.TestDispatcherServlet  : Completed initialization in 0 ms
2024-12-02T15:04:53.871+01:00  INFO 2688 --- [           main] c.p.t.c.UserControllerIntegrationTests   : Started UserControllerIntegrationTests in 0.242 seconds (process running for 11.111)
2024-12-02T15:04:53.885+01:00  INFO 2688 --- [           main] j.LocalContainerEntityManagerFactoryBean : Closing JPA EntityManagerFactory for persistence unit 'default'
2024-12-02T15:04:53.885+01:00  INFO 2688 --- [           main] com.zaxxer.hikari.HikariDataSource       : HikariPool-24 - Shutdown initiated...
2024-12-02T15:04:53.886+01:00  INFO 2688 --- [           main] com.zaxxer.hikari.HikariDataSource       : HikariPool-24 - Shutdown completed.
]]></system-out>
  </testcase>
  <testcase name="testThatCreateBookReturnsHttpStatus201Created" classname="com.pineapple.taskmanager.controllers.UserControllerIntegrationTests" time="0.011">
    <system-out><![CDATA[
  .   ____          _            __ _ _
 /\\ / ___'_ __ _ _(_)_ __  __ _ \ \ \ \
( ( )\___ | '_ | '_| | '_ \/ _` | \ \ \ \
 \\/  ___)| |_)| | | | | || (_| |  ) ) ) )
  '  |____| .__|_| |_|_| |_\__, | / / / /
 =========|_|==============|___/=/_/_/_/

 :: Spring Boot ::                (v3.3.4)

2024-12-02T15:04:53.896+01:00  INFO 2688 --- [           main] c.p.t.c.UserControllerIntegrationTests   : Starting UserControllerIntegrationTests using Java 21.0.1 with PID 2688 (started by milky in C:\Users\milky\OneDrive\Skrivbord\PROG-PROJECT\spring\taskmanager)
2024-12-02T15:04:53.896+01:00  INFO 2688 --- [           main] c.p.t.c.UserControllerIntegrationTests   : No active profile set, falling back to 1 default profile: "default"
2024-12-02T15:04:53.962+01:00  INFO 2688 --- [           main] .s.d.r.c.RepositoryConfigurationDelegate : Bootstrapping Spring Data JPA repositories in DEFAULT mode.
2024-12-02T15:04:53.969+01:00  INFO 2688 --- [           main] .s.d.r.c.RepositoryConfigurationDelegate : Finished Spring Data repository scanning in 7 ms. Found 3 JPA repository interfaces.
2024-12-02T15:04:53.989+01:00  INFO 2688 --- [           main] com.zaxxer.hikari.HikariDataSource       : HikariPool-25 - Starting...
2024-12-02T15:04:53.990+01:00  INFO 2688 --- [           main] com.zaxxer.hikari.pool.HikariPool        : HikariPool-25 - Added connection conn68: url=jdbc:h2:mem:testdb user=SA
2024-12-02T15:04:53.990+01:00  INFO 2688 --- [           main] com.zaxxer.hikari.HikariDataSource       : HikariPool-25 - Start completed.
2024-12-02T15:04:53.990+01:00  INFO 2688 --- [           main] o.hibernate.jpa.internal.util.LogHelper  : HHH000204: Processing PersistenceUnitInfo [name: default]
2024-12-02T15:04:53.992+01:00  INFO 2688 --- [           main] o.h.c.internal.RegionFactoryInitiator    : HHH000026: Second-level cache disabled
2024-12-02T15:04:53.996+01:00  INFO 2688 --- [           main] o.s.o.j.p.SpringPersistenceUnitInfo      : No LoadTimeWeaver setup: ignoring JPA class transformer
2024-12-02T15:04:54.017+01:00  INFO 2688 --- [           main] o.h.e.t.j.p.i.JtaPlatformInitiator       : HHH000489: No JTA platform available (set 'hibernate.transaction.jta.platform' to enable JTA platform integration)
2024-12-02T15:04:54.020+01:00  INFO 2688 --- [           main] j.LocalContainerEntityManagerFactoryBean : Initialized JPA EntityManagerFactory for persistence unit 'default'
2024-12-02T15:04:54.035+01:00  WARN 2688 --- [           main] JpaBaseConfiguration$JpaWebConfiguration : spring.jpa.open-in-view is enabled by default. Therefore, database queries may be performed during view rendering. Explicitly configure spring.jpa.open-in-view to disable this warning
2024-12-02T15:04:54.062+01:00  INFO 2688 --- [           main] o.s.b.t.m.w.SpringBootMockServletContext : Initializing Spring TestDispatcherServlet ''
2024-12-02T15:04:54.062+01:00  INFO 2688 --- [           main] o.s.t.web.servlet.TestDispatcherServlet  : Initializing Servlet ''
2024-12-02T15:04:54.062+01:00  INFO 2688 --- [           main] o.s.t.web.servlet.TestDispatcherServlet  : Completed initialization in 0 ms
2024-12-02T15:04:54.065+01:00  INFO 2688 --- [           main] c.p.t.c.UserControllerIntegrationTests   : Started UserControllerIntegrationTests in 0.178 seconds (process running for 11.305)
2024-12-02T15:04:54.076+01:00  INFO 2688 --- [           main] j.LocalContainerEntityManagerFactoryBean : Closing JPA EntityManagerFactory for persistence unit 'default'
2024-12-02T15:04:54.076+01:00  INFO 2688 --- [           main] com.zaxxer.hikari.HikariDataSource       : HikariPool-25 - Shutdown initiated...
2024-12-02T15:04:54.077+01:00  INFO 2688 --- [           main] com.zaxxer.hikari.HikariDataSource       : HikariPool-25 - Shutdown completed.
]]></system-out>
  </testcase>
  <testcase name="testThatGetUserReturnsHttpStatus200IfUserExist" classname="com.pineapple.taskmanager.controllers.UserControllerIntegrationTests" time="0.008">
    <system-out><![CDATA[
  .   ____          _            __ _ _
 /\\ / ___'_ __ _ _(_)_ __  __ _ \ \ \ \
( ( )\___ | '_ | '_| | '_ \/ _` | \ \ \ \
 \\/  ___)| |_)| | | | | || (_| |  ) ) ) )
  '  |____| .__|_| |_|_| |_\__, | / / / /
 =========|_|==============|___/=/_/_/_/

 :: Spring Boot ::                (v3.3.4)

2024-12-02T15:04:54.089+01:00  INFO 2688 --- [           main] c.p.t.c.UserControllerIntegrationTests   : Starting UserControllerIntegrationTests using Java 21.0.1 with PID 2688 (started by milky in C:\Users\milky\OneDrive\Skrivbord\PROG-PROJECT\spring\taskmanager)
2024-12-02T15:04:54.089+01:00  INFO 2688 --- [           main] c.p.t.c.UserControllerIntegrationTests   : No active profile set, falling back to 1 default profile: "default"
2024-12-02T15:04:54.148+01:00  INFO 2688 --- [           main] .s.d.r.c.RepositoryConfigurationDelegate : Bootstrapping Spring Data JPA repositories in DEFAULT mode.
2024-12-02T15:04:54.158+01:00  INFO 2688 --- [           main] .s.d.r.c.RepositoryConfigurationDelegate : Finished Spring Data repository scanning in 9 ms. Found 3 JPA repository interfaces.
2024-12-02T15:04:54.178+01:00  INFO 2688 --- [           main] com.zaxxer.hikari.HikariDataSource       : HikariPool-26 - Starting...
2024-12-02T15:04:54.179+01:00  INFO 2688 --- [           main] com.zaxxer.hikari.pool.HikariPool        : HikariPool-26 - Added connection conn69: url=jdbc:h2:mem:testdb user=SA
2024-12-02T15:04:54.179+01:00  INFO 2688 --- [           main] com.zaxxer.hikari.HikariDataSource       : HikariPool-26 - Start completed.
2024-12-02T15:04:54.180+01:00  INFO 2688 --- [           main] o.hibernate.jpa.internal.util.LogHelper  : HHH000204: Processing PersistenceUnitInfo [name: default]
2024-12-02T15:04:54.181+01:00  INFO 2688 --- [           main] o.h.c.internal.RegionFactoryInitiator    : HHH000026: Second-level cache disabled
2024-12-02T15:04:54.185+01:00  INFO 2688 --- [           main] o.s.o.j.p.SpringPersistenceUnitInfo      : No LoadTimeWeaver setup: ignoring JPA class transformer
2024-12-02T15:04:54.205+01:00  INFO 2688 --- [           main] o.h.e.t.j.p.i.JtaPlatformInitiator       : HHH000489: No JTA platform available (set 'hibernate.transaction.jta.platform' to enable JTA platform integration)
2024-12-02T15:04:54.208+01:00  INFO 2688 --- [           main] j.LocalContainerEntityManagerFactoryBean : Initialized JPA EntityManagerFactory for persistence unit 'default'
2024-12-02T15:04:54.222+01:00  WARN 2688 --- [           main] JpaBaseConfiguration$JpaWebConfiguration : spring.jpa.open-in-view is enabled by default. Therefore, database queries may be performed during view rendering. Explicitly configure spring.jpa.open-in-view to disable this warning
2024-12-02T15:04:54.252+01:00  INFO 2688 --- [           main] o.s.b.t.m.w.SpringBootMockServletContext : Initializing Spring TestDispatcherServlet ''
2024-12-02T15:04:54.252+01:00  INFO 2688 --- [           main] o.s.t.web.servlet.TestDispatcherServlet  : Initializing Servlet ''
2024-12-02T15:04:54.252+01:00  INFO 2688 --- [           main] o.s.t.web.servlet.TestDispatcherServlet  : Completed initialization in 0 ms
2024-12-02T15:04:54.253+01:00  INFO 2688 --- [           main] c.p.t.c.UserControllerIntegrationTests   : Started UserControllerIntegrationTests in 0.175 seconds (process running for 11.493)
2024-12-02T15:04:54.261+01:00  INFO 2688 --- [           main] j.LocalContainerEntityManagerFactoryBean : Closing JPA EntityManagerFactory for persistence unit 'default'
2024-12-02T15:04:54.262+01:00  INFO 2688 --- [           main] com.zaxxer.hikari.HikariDataSource       : HikariPool-26 - Shutdown initiated...
2024-12-02T15:04:54.262+01:00  INFO 2688 --- [           main] com.zaxxer.hikari.HikariDataSource       : HikariPool-26 - Shutdown completed.
]]></system-out>
  </testcase>
  <testcase name="testThatListUsersReturnsListOfUsers" classname="com.pineapple.taskmanager.controllers.UserControllerIntegrationTests" time="0.009">
    <system-out><![CDATA[
  .   ____          _            __ _ _
 /\\ / ___'_ __ _ _(_)_ __  __ _ \ \ \ \
( ( )\___ | '_ | '_| | '_ \/ _` | \ \ \ \
 \\/  ___)| |_)| | | | | || (_| |  ) ) ) )
  '  |____| .__|_| |_|_| |_\__, | / / / /
 =========|_|==============|___/=/_/_/_/

 :: Spring Boot ::                (v3.3.4)

2024-12-02T15:04:54.270+01:00  INFO 2688 --- [           main] c.p.t.c.UserControllerIntegrationTests   : Starting UserControllerIntegrationTests using Java 21.0.1 with PID 2688 (started by milky in C:\Users\milky\OneDrive\Skrivbord\PROG-PROJECT\spring\taskmanager)
2024-12-02T15:04:54.270+01:00  INFO 2688 --- [           main] c.p.t.c.UserControllerIntegrationTests   : No active profile set, falling back to 1 default profile: "default"
2024-12-02T15:04:54.324+01:00  INFO 2688 --- [           main] .s.d.r.c.RepositoryConfigurationDelegate : Bootstrapping Spring Data JPA repositories in DEFAULT mode.
2024-12-02T15:04:54.332+01:00  INFO 2688 --- [           main] .s.d.r.c.RepositoryConfigurationDelegate : Finished Spring Data repository scanning in 8 ms. Found 3 JPA repository interfaces.
2024-12-02T15:04:54.350+01:00  INFO 2688 --- [           main] com.zaxxer.hikari.HikariDataSource       : HikariPool-27 - Starting...
2024-12-02T15:04:54.351+01:00  INFO 2688 --- [           main] com.zaxxer.hikari.pool.HikariPool        : HikariPool-27 - Added connection conn70: url=jdbc:h2:mem:testdb user=SA
2024-12-02T15:04:54.351+01:00  INFO 2688 --- [           main] com.zaxxer.hikari.HikariDataSource       : HikariPool-27 - Start completed.
2024-12-02T15:04:54.352+01:00  INFO 2688 --- [           main] o.hibernate.jpa.internal.util.LogHelper  : HHH000204: Processing PersistenceUnitInfo [name: default]
2024-12-02T15:04:54.352+01:00  INFO 2688 --- [           main] o.h.c.internal.RegionFactoryInitiator    : HHH000026: Second-level cache disabled
2024-12-02T15:04:54.357+01:00  INFO 2688 --- [           main] o.s.o.j.p.SpringPersistenceUnitInfo      : No LoadTimeWeaver setup: ignoring JPA class transformer
2024-12-02T15:04:54.375+01:00  INFO 2688 --- [           main] o.h.e.t.j.p.i.JtaPlatformInitiator       : HHH000489: No JTA platform available (set 'hibernate.transaction.jta.platform' to enable JTA platform integration)
2024-12-02T15:04:54.378+01:00  INFO 2688 --- [           main] j.LocalContainerEntityManagerFactoryBean : Initialized JPA EntityManagerFactory for persistence unit 'default'
2024-12-02T15:04:54.392+01:00  WARN 2688 --- [           main] JpaBaseConfiguration$JpaWebConfiguration : spring.jpa.open-in-view is enabled by default. Therefore, database queries may be performed during view rendering. Explicitly configure spring.jpa.open-in-view to disable this warning
2024-12-02T15:04:54.414+01:00  INFO 2688 --- [           main] o.s.b.t.m.w.SpringBootMockServletContext : Initializing Spring TestDispatcherServlet ''
2024-12-02T15:04:54.414+01:00  INFO 2688 --- [           main] o.s.t.web.servlet.TestDispatcherServlet  : Initializing Servlet ''
2024-12-02T15:04:54.414+01:00  INFO 2688 --- [           main] o.s.t.web.servlet.TestDispatcherServlet  : Completed initialization in 0 ms
2024-12-02T15:04:54.416+01:00  INFO 2688 --- [           main] c.p.t.c.UserControllerIntegrationTests   : Started UserControllerIntegrationTests in 0.153 seconds (process running for 11.656)
2024-12-02T15:04:54.424+01:00  INFO 2688 --- [           main] j.LocalContainerEntityManagerFactoryBean : Closing JPA EntityManagerFactory for persistence unit 'default'
2024-12-02T15:04:54.425+01:00  INFO 2688 --- [           main] com.zaxxer.hikari.HikariDataSource       : HikariPool-27 - Shutdown initiated...
2024-12-02T15:04:54.425+01:00  INFO 2688 --- [           main] com.zaxxer.hikari.HikariDataSource       : HikariPool-27 - Shutdown completed.
]]></system-out>
  </testcase>
</testsuite>